#
# There is insufficient memory for the Java Runtime Environment to continue.
# Native memory allocation (malloc) failed to allocate 1310736 bytes. Error detail: Chunk::new
# Possible reasons:
#   The system is out of physical RAM or swap space
#   This process is running with CompressedOops enabled, and the Java Heap may be blocking the growth of the native heap
# Possible solutions:
#   Reduce memory load on the system
#   Increase physical memory or swap space
#   Check if swap backing store is full
#   Decrease Java heap size (-Xmx/-Xms)
#   Decrease number of Java threads
#   Decrease Java thread stack sizes (-Xss)
#   Set larger code cache with -XX:ReservedCodeCacheSize=
#   JVM is running with Unscaled Compressed Oops mode in which the Java heap is
#     placed in the first 4GB address space. The Java Heap base address is the
#     maximum limit for the native heap growth. Please use -XX:HeapBaseMinAddress
#     to set the Java Heap base and to place the Java Heap above 4GB virtual address.
# This output file may be truncated or incomplete.
#
#  Out of Memory Error (arena.cpp:168), pid=21704, tid=33048
#
# JRE version: OpenJDK Runtime Environment Temurin-21.0.7+6 (21.0.7+6) (build 21.0.7+6-LTS)
# Java VM: OpenJDK 64-Bit Server VM Temurin-21.0.7+6 (21.0.7+6-LTS, mixed mode, sharing, tiered, compressed oops, compressed class ptrs, parallel gc, windows-amd64)
# No core dump will be written. Minidumps are not enabled by default on client versions of Windows
#

---------------  S U M M A R Y ------------

Command Line: --add-modules=ALL-SYSTEM --add-opens=java.base/java.util=ALL-UNNAMED --add-opens=java.base/java.lang=ALL-UNNAMED --add-opens=java.base/sun.nio.fs=ALL-UNNAMED -Declipse.application=org.eclipse.jdt.ls.core.id1 -Dosgi.bundles.defaultStartLevel=4 -Declipse.product=org.eclipse.jdt.ls.core.product -Djava.import.generatesMetadataFilesAtProjectRoot=false -DDetectVMInstallationsJob.disabled=true -Dfile.encoding=utf8 -XX:+UseParallelGC -XX:GCTimeRatio=4 -XX:AdaptiveSizePolicyWeight=90 -Dsun.zip.disableMemoryMapping=true -Xmx2G -Xms100m -Xlog:disable -javaagent:c:\Users\PADIL M ZAKI\.vscode\extensions\redhat.java-1.43.1-win32-x64\lombok\lombok-1.18.39-4050.jar -XX:+HeapDumpOnOutOfMemoryError -XX:HeapDumpPath=c:\Users\PADIL M ZAKI\AppData\Roaming\Code\User\workspaceStorage\675d83ee0db0204e1660a8e1e1cb23d0\redhat.java -Daether.dependencyCollector.impl=bf c:\Users\PADIL M ZAKI\.vscode\extensions\redhat.java-1.43.1-win32-x64\server\plugins\org.eclipse.equinox.launcher_1.7.0.v20250519-0528.jar -configuration c:\Users\PADIL M ZAKI\AppData\Roaming\Code\User\globalStorage\redhat.java\1.43.1\config_win -data c:\Users\PADIL M ZAKI\AppData\Roaming\Code\User\workspaceStorage\675d83ee0db0204e1660a8e1e1cb23d0\redhat.java\jdt_ws --pipe=\\.\pipe\lsp-dd061015658f4d34bbdfc02623df71f4-sock

Host: AMD Ryzen 5 5625U with Radeon Graphics         , 12 cores, 5G,  Windows 11 , 64 bit Build 26100 (10.0.26100.4484)
Time: Wed Jul  2 23:07:56 2025 SE Asia Standard Time elapsed time: 35.372513 seconds (0d 0h 0m 35s)

---------------  T H R E A D  ---------------

Current thread (0x0000017638437de0):  JavaThread "C2 CompilerThread0" daemon [_thread_in_native, id=33048, stack(0x000000356b000000,0x000000356b100000) (1024K)]


Current CompileTask:
C2:35372 10447   !   4       org.eclipse.osgi.internal.loader.classpath.ClasspathManager::findLocalClass (210 bytes)

Stack: [0x000000356b000000,0x000000356b100000]
Native frames: (J=compiled Java code, j=interpreted, Vv=VM code, C=native code)
V  [jvm.dll+0x6ce119]
V  [jvm.dll+0x8a84a1]
V  [jvm.dll+0x8aa9ce]
V  [jvm.dll+0x8ab0b3]
V  [jvm.dll+0x27f8a6]
V  [jvm.dll+0xc507d]
V  [jvm.dll+0xc55b3]
V  [jvm.dll+0x3b68f2]
V  [jvm.dll+0x382aa5]
V  [jvm.dll+0x381f0a]
V  [jvm.dll+0x247af0]
V  [jvm.dll+0x2470cf]
V  [jvm.dll+0x1c760e]
V  [jvm.dll+0x25695a]
V  [jvm.dll+0x254efa]
V  [jvm.dll+0x3f03f6]
V  [jvm.dll+0x851f6b]
V  [jvm.dll+0x6cc7dd]
C  [ucrtbase.dll+0x37b0]
C  [KERNEL32.DLL+0x2e8d7]
C  [ntdll.dll+0x3c34c]


---------------  P R O C E S S  ---------------

Threads class SMR info:
_java_thread_list=0x0000017699aa33c0, length=83, elements={
0x0000017635fc8280, 0x0000017638423400, 0x0000017638423fb0, 0x0000017638429560,
0x0000017638429fb0, 0x000001763842e670, 0x000001763842c5a0, 0x0000017638437de0,
0x0000017691173510, 0x000001763842cc30, 0x000001763842bf10, 0x000001763842ed00,
0x000001763842d950, 0x000001763842dfe0, 0x000001763842f390, 0x000001763842d2c0,
0x0000017697341520, 0x0000017697341bb0, 0x0000017697343c80, 0x0000017697344310,
0x0000017697342f60, 0x0000017697342240, 0x0000017697345d50, 0x00000176973428d0,
0x0000017697346a70, 0x00000176973463e0, 0x00000176973435f0, 0x0000017697347100,
0x0000017697347790, 0x0000017697347e20, 0x00000176973449a0, 0x0000017697345030,
0x00000176973456c0, 0x00000176973484b0, 0x0000017699690200, 0x0000017699690890,
0x0000017699691c40, 0x0000017699692960, 0x0000017699690f20, 0x00000176996915b0,
0x00000176996922d0, 0x0000017699692ff0, 0x000001769968fb70, 0x0000017699694a30,
0x0000017699695750, 0x00000176996943a0, 0x00000176996950c0, 0x0000017699695de0,
0x0000017699696470, 0x0000017699696b00, 0x0000017699693680, 0x0000017699697190,
0x0000017699693d10, 0x0000017697340e90, 0x00000176a32a5810, 0x00000176a32a6bc0,
0x00000176a32a8c90, 0x00000176a32a7250, 0x00000176a32a9320, 0x00000176a32a7f70,
0x00000176a32a5ea0, 0x00000176a32a99b0, 0x00000176a32a6530, 0x00000176a32aa040,
0x00000176a32aa6d0, 0x00000176a32a78e0, 0x00000176a32a8600, 0x00000176a32ab3f0,
0x00000176a32ac110, 0x00000176a32ac7a0, 0x00000176a32ace30, 0x0000017697f68290,
0x0000017697f69cd0, 0x0000017697f68920, 0x0000017697f68fb0, 0x0000017697f6a9f0,
0x000001769842bf30, 0x0000017697f6cac0, 0x0000017697f69640, 0x0000017697f6b080,
0x0000017697f6c430, 0x0000017697f6a360, 0x0000017697f6d150
}

Java Threads: ( => current thread )
  0x0000017635fc8280 JavaThread "main"                              [_thread_blocked, id=32504, stack(0x000000356a600000,0x000000356a700000) (1024K)]
  0x0000017638423400 JavaThread "Reference Handler"          daemon [_thread_blocked, id=22016, stack(0x000000356aa00000,0x000000356ab00000) (1024K)]
  0x0000017638423fb0 JavaThread "Finalizer"                  daemon [_thread_blocked, id=31980, stack(0x000000356ab00000,0x000000356ac00000) (1024K)]
  0x0000017638429560 JavaThread "Signal Dispatcher"          daemon [_thread_blocked, id=16836, stack(0x000000356ac00000,0x000000356ad00000) (1024K)]
  0x0000017638429fb0 JavaThread "Attach Listener"            daemon [_thread_blocked, id=13972, stack(0x000000356ad00000,0x000000356ae00000) (1024K)]
  0x000001763842e670 JavaThread "Service Thread"             daemon [_thread_blocked, id=24852, stack(0x000000356ae00000,0x000000356af00000) (1024K)]
  0x000001763842c5a0 JavaThread "Monitor Deflation Thread"   daemon [_thread_blocked, id=18924, stack(0x000000356af00000,0x000000356b000000) (1024K)]
=>0x0000017638437de0 JavaThread "C2 CompilerThread0"         daemon [_thread_in_native, id=33048, stack(0x000000356b000000,0x000000356b100000) (1024K)]
  0x0000017691173510 JavaThread "C1 CompilerThread0"         daemon [_thread_blocked, id=14852, stack(0x000000356b100000,0x000000356b200000) (1024K)]
  0x000001763842cc30 JavaThread "Common-Cleaner"             daemon [_thread_blocked, id=27852, stack(0x000000356b200000,0x000000356b300000) (1024K)]
  0x000001763842bf10 JavaThread "Notification Thread"        daemon [_thread_blocked, id=27136, stack(0x000000356b300000,0x000000356b400000) (1024K)]
  0x000001763842ed00 JavaThread "Active Thread: Equinox Container: 2866dc66-ace3-402e-ae25-9282315bd725"        [_thread_blocked, id=17372, stack(0x000000356bb00000,0x000000356bc00000) (1024K)]
  0x000001763842d950 JavaThread "Refresh Thread: Equinox Container: 2866dc66-ace3-402e-ae25-9282315bd725" daemon [_thread_blocked, id=22520, stack(0x000000356bd00000,0x000000356be00000) (1024K)]
  0x000001763842dfe0 JavaThread "Framework Event Dispatcher: Equinox Container: 2866dc66-ace3-402e-ae25-9282315bd725" daemon [_thread_blocked, id=25868, stack(0x000000356be00000,0x000000356bf00000) (1024K)]
  0x000001763842f390 JavaThread "Start Level: Equinox Container: 2866dc66-ace3-402e-ae25-9282315bd725" daemon [_thread_blocked, id=32444, stack(0x000000356bf00000,0x000000356c000000) (1024K)]
  0x000001763842d2c0 JavaThread "Bundle File Closer"         daemon [_thread_blocked, id=23524, stack(0x000000356c200000,0x000000356c300000) (1024K)]
  0x0000017697341520 JavaThread "SCR Component Actor"        daemon [_thread_blocked, id=22984, stack(0x000000356c300000,0x000000356c400000) (1024K)]
  0x0000017697341bb0 JavaThread "Worker-JM"                         [_thread_blocked, id=19860, stack(0x000000356c500000,0x000000356c600000) (1024K)]
  0x0000017697343c80 JavaThread "JNA Cleaner"                daemon [_thread_blocked, id=10144, stack(0x000000356c600000,0x000000356c700000) (1024K)]
  0x0000017697344310 JavaThread "Worker-0: Refreshing workspace"        [_thread_blocked, id=10848, stack(0x000000356c700000,0x000000356c800000) (1024K)]
  0x0000017697342f60 JavaThread "Worker-1"                          [_thread_blocked, id=5544, stack(0x000000356c800000,0x000000356c900000) (1024K)]
  0x0000017697342240 JavaThread "Worker-2"                          [_thread_blocked, id=28736, stack(0x000000356b400000,0x000000356b500000) (1024K)]
  0x0000017697345d50 JavaThread "Worker-3: Building"                [_thread_blocked, id=3552, stack(0x000000356c900000,0x000000356ca00000) (1024K)]
  0x00000176973428d0 JavaThread "Java indexing"              daemon [_thread_blocked, id=20960, stack(0x000000356ca00000,0x000000356cb00000) (1024K)]
  0x0000017697346a70 JavaThread "Worker-4"                          [_thread_blocked, id=19936, stack(0x000000356cd00000,0x000000356ce00000) (1024K)]
  0x00000176973463e0 JavaThread "Worker-5"                          [_thread_blocked, id=3800, stack(0x000000356ce00000,0x000000356cf00000) (1024K)]
  0x00000176973435f0 JavaThread "Thread-2"                   daemon [_thread_in_native, id=4780, stack(0x000000356cf00000,0x000000356d000000) (1024K)]
  0x0000017697347100 JavaThread "Thread-3"                   daemon [_thread_in_native, id=29900, stack(0x000000356d000000,0x000000356d100000) (1024K)]
  0x0000017697347790 JavaThread "Thread-4"                   daemon [_thread_in_native, id=32836, stack(0x000000356d100000,0x000000356d200000) (1024K)]
  0x0000017697347e20 JavaThread "Thread-5"                   daemon [_thread_in_native, id=5244, stack(0x000000356d200000,0x000000356d300000) (1024K)]
  0x00000176973449a0 JavaThread "Thread-6"                   daemon [_thread_in_native, id=23744, stack(0x000000356d300000,0x000000356d400000) (1024K)]
  0x0000017697345030 JavaThread "Thread-7"                   daemon [_thread_in_native, id=9288, stack(0x000000356d400000,0x000000356d500000) (1024K)]
  0x00000176973456c0 JavaThread "Thread-8"                   daemon [_thread_in_native, id=3592, stack(0x000000356d500000,0x000000356d600000) (1024K)]
  0x00000176973484b0 JavaThread "Thread-9"                   daemon [_thread_in_native, id=29792, stack(0x000000356d600000,0x000000356d700000) (1024K)]
  0x0000017699690200 JavaThread "Thread-10"                  daemon [_thread_in_native, id=25584, stack(0x000000356d700000,0x000000356d800000) (1024K)]
  0x0000017699690890 JavaThread "Thread-11"                  daemon [_thread_in_native, id=12776, stack(0x000000356d800000,0x000000356d900000) (1024K)]
  0x0000017699691c40 JavaThread "Thread-12"                  daemon [_thread_in_native, id=30932, stack(0x000000356d900000,0x000000356da00000) (1024K)]
  0x0000017699692960 JavaThread "Thread-13"                  daemon [_thread_in_native, id=19796, stack(0x000000356da00000,0x000000356db00000) (1024K)]
  0x0000017699690f20 JavaThread "Thread-14"                  daemon [_thread_in_native, id=27632, stack(0x000000356db00000,0x000000356dc00000) (1024K)]
  0x00000176996915b0 JavaThread "pool-2-thread-1"                   [_thread_blocked, id=32132, stack(0x000000356dc00000,0x000000356dd00000) (1024K)]
  0x00000176996922d0 JavaThread "WorkspaceEventsHandler"            [_thread_blocked, id=18692, stack(0x000000356dd00000,0x000000356de00000) (1024K)]
  0x0000017699692ff0 JavaThread "pool-1-thread-1"                   [_thread_blocked, id=13932, stack(0x000000356de00000,0x000000356df00000) (1024K)]
  0x000001769968fb70 JavaThread "LocalFile Deleter"          daemon [_thread_blocked, id=20388, stack(0x000000356c400000,0x000000356c500000) (1024K)]
  0x0000017699694a30 JavaThread "LocalFile Deleter"          daemon [_thread_blocked, id=28380, stack(0x000000356df00000,0x000000356e000000) (1024K)]
  0x0000017699695750 JavaThread "LocalFile Deleter"          daemon [_thread_blocked, id=33192, stack(0x000000356e000000,0x000000356e100000) (1024K)]
  0x00000176996943a0 JavaThread "LocalFile Deleter"          daemon [_thread_blocked, id=20924, stack(0x000000356e100000,0x000000356e200000) (1024K)]
  0x00000176996950c0 JavaThread "LocalFile Deleter"          daemon [_thread_blocked, id=30344, stack(0x000000356e200000,0x000000356e300000) (1024K)]
  0x0000017699695de0 JavaThread "LocalFile Deleter"          daemon [_thread_blocked, id=20928, stack(0x000000356e300000,0x000000356e400000) (1024K)]
  0x0000017699696470 JavaThread "LocalFile Deleter"          daemon [_thread_blocked, id=14044, stack(0x000000356e400000,0x000000356e500000) (1024K)]
  0x0000017699696b00 JavaThread "LocalFile Deleter"          daemon [_thread_blocked, id=1872, stack(0x000000356e500000,0x000000356e600000) (1024K)]
  0x0000017699693680 JavaThread "LocalFile Deleter"          daemon [_thread_blocked, id=11336, stack(0x000000356e600000,0x000000356e700000) (1024K)]
  0x0000017699697190 JavaThread "LocalFile Deleter"          daemon [_thread_blocked, id=18380, stack(0x000000356e700000,0x000000356e800000) (1024K)]
  0x0000017699693d10 JavaThread "LocalFile Deleter"          daemon [_thread_blocked, id=952, stack(0x000000356e800000,0x000000356e900000) (1024K)]
  0x0000017697340e90 JavaThread "LocalFile Deleter"          daemon [_thread_blocked, id=5228, stack(0x000000356e900000,0x000000356ea00000) (1024K)]
  0x00000176a32a5810 JavaThread "Compiler Source File Reader" daemon [_thread_blocked, id=21296, stack(0x000000356ea00000,0x000000356eb00000) (1024K)]
  0x00000176a32a6bc0 JavaThread "Compiler Source File Reader" daemon [_thread_blocked, id=25732, stack(0x000000356eb00000,0x000000356ec00000) (1024K)]
  0x00000176a32a8c90 JavaThread "Compiler Source File Reader" daemon [_thread_blocked, id=4872, stack(0x000000356ec00000,0x000000356ed00000) (1024K)]
  0x00000176a32a7250 JavaThread "Compiler Source File Reader" daemon [_thread_blocked, id=2884, stack(0x000000356ed00000,0x000000356ee00000) (1024K)]
  0x00000176a32a9320 JavaThread "Compiler Source File Reader" daemon [_thread_blocked, id=17984, stack(0x000000356ee00000,0x000000356ef00000) (1024K)]
  0x00000176a32a7f70 JavaThread "Compiler Source File Reader" daemon [_thread_blocked, id=11080, stack(0x000000356ef00000,0x000000356f000000) (1024K)]
  0x00000176a32a5ea0 JavaThread "Compiler Source File Reader" daemon [_thread_blocked, id=33060, stack(0x000000356f000000,0x000000356f100000) (1024K)]
  0x00000176a32a99b0 JavaThread "Compiler Source File Reader" daemon [_thread_blocked, id=31124, stack(0x000000356f100000,0x000000356f200000) (1024K)]
  0x00000176a32a6530 JavaThread "Compiler Source File Reader" daemon [_thread_blocked, id=16728, stack(0x000000356f200000,0x000000356f300000) (1024K)]
  0x00000176a32aa040 JavaThread "Compiler Source File Reader" daemon [_thread_blocked, id=21768, stack(0x000000356f300000,0x000000356f400000) (1024K)]
  0x00000176a32aa6d0 JavaThread "Compiler Processing Task"   daemon [_thread_blocked, id=15852, stack(0x000000356f400000,0x000000356f500000) (1024K)]
  0x00000176a32a78e0 JavaThread "Compiler Class File Writer" daemon [_thread_blocked, id=26152, stack(0x000000356f500000,0x000000356f600000) (1024K)]
  0x00000176a32a8600 JavaThread "Compiler Class File Writer" daemon [_thread_blocked, id=21384, stack(0x000000356f600000,0x000000356f700000) (1024K)]
  0x00000176a32ab3f0 JavaThread "Compiler Class File Writer" daemon [_thread_blocked, id=3364, stack(0x000000356f700000,0x000000356f800000) (1024K)]
  0x00000176a32ac110 JavaThread "Compiler Class File Writer" daemon [_thread_blocked, id=29816, stack(0x000000356f800000,0x000000356f900000) (1024K)]
  0x00000176a32ac7a0 JavaThread "Compiler Class File Writer" daemon [_thread_blocked, id=27184, stack(0x000000356f900000,0x000000356fa00000) (1024K)]
  0x00000176a32ace30 JavaThread "Compiler Class File Writer" daemon [_thread_blocked, id=16856, stack(0x000000356fa00000,0x000000356fb00000) (1024K)]
  0x0000017697f68290 JavaThread "Compiler Class File Writer" daemon [_thread_blocked, id=31704, stack(0x000000356fb00000,0x000000356fc00000) (1024K)]
  0x0000017697f69cd0 JavaThread "Compiler Class File Writer" daemon [_thread_blocked, id=24332, stack(0x000000356fc00000,0x000000356fd00000) (1024K)]
  0x0000017697f68920 JavaThread "Compiler Class File Writer" daemon [_thread_blocked, id=29628, stack(0x000000356fd00000,0x000000356fe00000) (1024K)]
  0x0000017697f68fb0 JavaThread "Compiler Class File Writer" daemon [_thread_blocked, id=30048, stack(0x000000356fe00000,0x000000356ff00000) (1024K)]
  0x0000017697f6a9f0 JavaThread "ForkJoinPool.commonPool-worker-1" daemon [_thread_blocked, id=18660, stack(0x0000003570000000,0x0000003570100000) (1024K)]
  0x000001769842bf30 JavaThread "C2 CompilerThread1"         daemon [_thread_blocked, id=9680, stack(0x000000356ff00000,0x0000003570000000) (1024K)]
  0x0000017697f6cac0 JavaThread "ForkJoinPool.commonPool-worker-2" daemon [_thread_blocked, id=3984, stack(0x0000003570100000,0x0000003570200000) (1024K)]
  0x0000017697f69640 JavaThread "ForkJoinPool.commonPool-worker-3" daemon [_thread_blocked, id=15040, stack(0x0000003570200000,0x0000003570300000) (1024K)]
  0x0000017697f6b080 JavaThread "ForkJoinPool.commonPool-worker-4" daemon [_thread_blocked, id=6464, stack(0x0000003570300000,0x0000003570400000) (1024K)]
  0x0000017697f6c430 JavaThread "ForkJoinPool.commonPool-worker-5" daemon [_thread_blocked, id=31084, stack(0x0000003570400000,0x0000003570500000) (1024K)]
  0x0000017697f6a360 JavaThread "ForkJoinPool.commonPool-worker-6" daemon [_thread_blocked, id=11576, stack(0x0000003570500000,0x0000003570600000) (1024K)]
  0x0000017697f6d150 JavaThread "Thread-16"                  daemon [_thread_blocked, id=5764, stack(0x0000003570600000,0x0000003570700000) (1024K)]
Total: 83

Other Threads:
  0x00000176383135b0 VMThread "VM Thread"                           [id=10596, stack(0x000000356a900000,0x000000356aa00000) (1024K)]
  0x000001763820ba00 WatcherThread "VM Periodic Task Thread"        [id=19964, stack(0x000000356a800000,0x000000356a900000) (1024K)]
  0x000001763839b6d0 WorkerThread "GC Thread#0"                     [id=26560, stack(0x000000356a700000,0x000000356a800000) (1024K)]
  0x00000176928b5350 WorkerThread "GC Thread#1"                     [id=18204, stack(0x000000356b500000,0x000000356b600000) (1024K)]
  0x00000176928b56f0 WorkerThread "GC Thread#2"                     [id=31380, stack(0x000000356b600000,0x000000356b700000) (1024K)]
  0x00000176928b4130 WorkerThread "GC Thread#3"                     [id=9220, stack(0x000000356b700000,0x000000356b800000) (1024K)]
  0x00000176928b44d0 WorkerThread "GC Thread#4"                     [id=15408, stack(0x000000356b800000,0x000000356b900000) (1024K)]
  0x00000176928b5a90 WorkerThread "GC Thread#5"                     [id=27376, stack(0x000000356b900000,0x000000356ba00000) (1024K)]
  0x00000176928b4fb0 WorkerThread "GC Thread#6"                     [id=13712, stack(0x000000356ba00000,0x000000356bb00000) (1024K)]
  0x00000176928b4870 WorkerThread "GC Thread#7"                     [id=32016, stack(0x000000356bc00000,0x000000356bd00000) (1024K)]
  0x0000017692850130 WorkerThread "GC Thread#8"                     [id=9736, stack(0x000000356c000000,0x000000356c100000) (1024K)]
  0x000001769284f9f0 WorkerThread "GC Thread#9"                     [id=1948, stack(0x000000356c100000,0x000000356c200000) (1024K)]
Total: 12

Threads with active compile tasks:
C2 CompilerThread0  35486 10447   !   4       org.eclipse.osgi.internal.loader.classpath.ClasspathManager::findLocalClass (210 bytes)
C2 CompilerThread1  35486 10726       4       com.google.inject.internal.MoreTypes::canonicalize (143 bytes)
Total: 2

VM state: at safepoint (normal execution)

VM Mutex/Monitor currently owned by a thread:  ([mutex/lock_event])
[0x00007ffbf8eae308] Threads_lock - owner thread: 0x00000176383135b0
[0x00007ffbf8eae408] Heap_lock - owner thread: 0x0000017697f6d150

Heap address: 0x0000000080000000, size: 2048 MB, Compressed Oops mode: 32-bit

CDS archive(s) mapped at: [0x000001764f000000-0x000001764fba0000-0x000001764fba0000), size 12189696, SharedBaseAddress: 0x000001764f000000, ArchiveRelocationMode: 1.
Compressed class space mapped at: 0x0000017650000000-0x0000017690000000, reserved size: 1073741824
Narrow klass base: 0x000001764f000000, Narrow klass shift: 0, Narrow klass range: 0x100000000

GC Precious Log:
 CardTable entry size: 512
 CPUs: 12 total, 12 available
 Memory: 5989M
 Large Page Support: Disabled
 NUMA Support: Disabled
 Compressed Oops: Enabled (32-bit)
 Alignments: Space 512K, Generation 512K, Heap 2M
 Heap Min Capacity: 100M
 Heap Initial Capacity: 100M
 Heap Max Capacity: 2G
 Pre-touch: Disabled
 Parallel Workers: 10

Heap:
 PSYoungGen      total 5120K, used 2040K [0x00000000d5580000, 0x00000000d5c80000, 0x0000000100000000)
  eden space 3072K, 0% used [0x00000000d5580000,0x00000000d5580000,0x00000000d5880000)
  from space 2048K, 99% used [0x00000000d5880000,0x00000000d5a7e198,0x00000000d5a80000)
  to   space 2048K, 0% used [0x00000000d5a80000,0x00000000d5a80000,0x00000000d5c80000)
 ParOldGen       total 488960K, used 488881K [0x0000000080000000, 0x000000009dd80000, 0x00000000d5580000)
  object space 488960K, 99% used [0x0000000080000000,0x000000009dd6c5c0,0x000000009dd80000)
 Metaspace       used 63279K, committed 64768K, reserved 1114112K
  class space    used 6589K, committed 7296K, reserved 1048576K

Card table byte_map: [0x0000017637d20000,0x0000017638130000] _byte_map_base: 0x0000017637920000

Marking Bits: (ParMarkBitMap*) 0x00007ffbf8eb31f0
 Begin Bits: [0x000001764a820000, 0x000001764c820000)
 End Bits:   [0x000001764c820000, 0x000001764e820000)

Polling page: 0x0000017636160000

Metaspace:

Usage:
  Non-class:     55.36 MB used.
      Class:      6.44 MB used.
       Both:     61.80 MB used.

Virtual space:
  Non-class space:       64.00 MB reserved,      56.12 MB ( 88%) committed,  1 nodes.
      Class space:        1.00 GB reserved,       7.12 MB ( <1%) committed,  1 nodes.
             Both:        1.06 GB reserved,      63.25 MB (  6%) committed. 

Chunk freelists:
   Non-Class:  7.84 MB
       Class:  8.86 MB
        Both:  16.70 MB

MaxMetaspaceSize: unlimited
CompressedClassSpaceSize: 1.00 GB
Initial GC threshold: 21.00 MB
Current GC threshold: 98.12 MB
CDS: on
 - commit_granule_bytes: 65536.
 - commit_granule_words: 8192.
 - virtual_space_node_default_size: 8388608.
 - enlarge_chunks_in_place: 1.
 - use_allocation_guard: 0.


Internal statistics:

num_allocs_failed_limit: 13.
num_arena_births: 1182.
num_arena_deaths: 14.
num_vsnodes_births: 2.
num_vsnodes_deaths: 0.
num_space_committed: 1012.
num_space_uncommitted: 0.
num_chunks_returned_to_freelist: 27.
num_chunks_taken_from_freelist: 4146.
num_chunk_merges: 13.
num_chunk_splits: 2542.
num_chunks_enlarged: 1447.
num_inconsistent_stats: 0.

CodeHeap 'non-profiled nmethods': size=120000Kb used=5056Kb max_used=5056Kb free=114943Kb
 bounds [0x0000017643040000, 0x0000017643540000, 0x000001764a570000]
CodeHeap 'profiled nmethods': size=120000Kb used=21108Kb max_used=21108Kb free=98892Kb
 bounds [0x000001763b570000, 0x000001763ca10000, 0x0000017642aa0000]
CodeHeap 'non-nmethods': size=5760Kb used=1434Kb max_used=1508Kb free=4325Kb
 bounds [0x0000017642aa0000, 0x0000017642d10000, 0x0000017643040000]
 total_blobs=10753 nmethods=10008 adapters=649
 compilation: enabled
              stopped_count=0, restarted_count=0
 full_count=0

Compilation events (20 events):
Event: 34.152 Thread 0x0000017691173510 10779       2       com.google.inject.Scopes$2::visitScope (16 bytes)
Event: 34.152 Thread 0x0000017691173510 nmethod 10779 0x000001763c9fd890 code [0x000001763c9fda20, 0x000001763c9fdb48]
Event: 35.206 Thread 0x000001769842bf30 nmethod 10682 0x0000017643523510 code [0x0000017643523a00, 0x0000017643527a50]
Event: 35.207 Thread 0x000001769842bf30 10760       4       com.google.gson.stream.JsonReader::nextQuotedValue (294 bytes)
Event: 35.220 Thread 0x0000017691173510 10785       1       org.eclipse.core.internal.jobs.InternalJob::setWaitQueueStamp (6 bytes)
Event: 35.221 Thread 0x0000017691173510 nmethod 10785 0x000001764352a010 code [0x000001764352a1a0, 0x000001764352a268]
Event: 35.223 Thread 0x0000017691173510 10786       2       org.eclipse.core.internal.resources.Resource::checkLocal (38 bytes)
Event: 35.223 Thread 0x0000017691173510 nmethod 10786 0x000001763c9fdc10 code [0x000001763c9fde00, 0x000001763c9fe0e0]
Event: 35.223 Thread 0x0000017691173510 10787       2       org.eclipse.core.internal.content.ContentType::isAlias (11 bytes)
Event: 35.223 Thread 0x0000017691173510 nmethod 10787 0x000001763c9fe290 code [0x000001763c9fe440, 0x000001763c9fe588]
Event: 35.223 Thread 0x0000017691173510 10789       2       org.eclipse.core.internal.content.ContentType::isKindOf (35 bytes)
Event: 35.224 Thread 0x0000017691173510 nmethod 10789 0x000001763c9fe610 code [0x000001763c9fe7e0, 0x000001763c9fea10]
Event: 35.224 Thread 0x0000017691173510 10788       2       org.eclipse.core.internal.content.ContentType::isValid (12 bytes)
Event: 35.224 Thread 0x0000017691173510 nmethod 10788 0x000001763c9feb10 code [0x000001763c9fecc0, 0x000001763c9fee08]
Event: 35.224 Thread 0x0000017691173510 10790       1       org.eclipse.core.internal.content.ContentType::hasBuiltInAssociations (5 bytes)
Event: 35.224 Thread 0x0000017691173510 nmethod 10790 0x000001764352a310 code [0x000001764352a4a0, 0x000001764352a570]
Event: 35.224 Thread 0x0000017691173510 10791       1       org.eclipse.core.internal.content.ContentType::getCatalog (5 bytes)
Event: 35.224 Thread 0x0000017691173510 nmethod 10791 0x000001764352a610 code [0x000001764352a7a0, 0x000001764352a868]
Event: 35.224 Thread 0x0000017691173510 10792       2       org.eclipse.core.internal.content.ContentTypeHandler::<init> (30 bytes)
Event: 35.225 Thread 0x0000017691173510 nmethod 10792 0x000001763c9fee90 code [0x000001763c9ff040, 0x000001763c9ff240]

GC Heap History (20 events):
Event: 33.841 GC heap after
{Heap after GC invocations=360 (full 3):
 PSYoungGen      total 1536K, used 288K [0x00000000d5580000, 0x00000000d5900000, 0x0000000100000000)
  eden space 1024K, 0% used [0x00000000d5580000,0x00000000d5580000,0x00000000d5680000)
  from space 512K, 56% used [0x00000000d5680000,0x00000000d56c8000,0x00000000d5700000)
  to   space 512K, 0% used [0x00000000d5880000,0x00000000d5880000,0x00000000d5900000)
 ParOldGen       total 427520K, used 427117K [0x0000000080000000, 0x000000009a180000, 0x00000000d5580000)
  object space 427520K, 99% used [0x0000000080000000,0x000000009a11b478,0x000000009a180000)
 Metaspace       used 62841K, committed 64320K, reserved 1114112K
  class space    used 6538K, committed 7232K, reserved 1048576K
}
Event: 33.866 GC heap before
{Heap before GC invocations=361 (full 3):
 PSYoungGen      total 1536K, used 1312K [0x00000000d5580000, 0x00000000d5900000, 0x0000000100000000)
  eden space 1024K, 100% used [0x00000000d5580000,0x00000000d5680000,0x00000000d5680000)
  from space 512K, 56% used [0x00000000d5680000,0x00000000d56c8000,0x00000000d5700000)
  to   space 512K, 0% used [0x00000000d5880000,0x00000000d5880000,0x00000000d5900000)
 ParOldGen       total 431616K, used 430947K [0x0000000080000000, 0x000000009a580000, 0x00000000d5580000)
  object space 431616K, 99% used [0x0000000080000000,0x000000009a4d8cc0,0x000000009a580000)
 Metaspace       used 62907K, committed 64384K, reserved 1114112K
  class space    used 6544K, committed 7232K, reserved 1048576K
}
Event: 33.869 GC heap after
{Heap after GC invocations=361 (full 3):
 PSYoungGen      total 1536K, used 256K [0x00000000d5580000, 0x00000000d5900000, 0x0000000100000000)
  eden space 1024K, 0% used [0x00000000d5580000,0x00000000d5580000,0x00000000d5680000)
  from space 512K, 50% used [0x00000000d5880000,0x00000000d58c0000,0x00000000d5900000)
  to   space 512K, 0% used [0x00000000d5680000,0x00000000d5680000,0x00000000d5700000)
 ParOldGen       total 431616K, used 431019K [0x0000000080000000, 0x000000009a580000, 0x00000000d5580000)
  object space 431616K, 99% used [0x0000000080000000,0x000000009a4eacc0,0x000000009a580000)
 Metaspace       used 62907K, committed 64384K, reserved 1114112K
  class space    used 6544K, committed 7232K, reserved 1048576K
}
Event: 34.006 GC heap before
{Heap before GC invocations=362 (full 3):
 PSYoungGen      total 1536K, used 1279K [0x00000000d5580000, 0x00000000d5900000, 0x0000000100000000)
  eden space 1024K, 99% used [0x00000000d5580000,0x00000000d567fff8,0x00000000d5680000)
  from space 512K, 50% used [0x00000000d5880000,0x00000000d58c0000,0x00000000d5900000)
  to   space 512K, 0% used [0x00000000d5680000,0x00000000d5680000,0x00000000d5700000)
 ParOldGen       total 439296K, used 438685K [0x0000000080000000, 0x000000009ad00000, 0x00000000d5580000)
  object space 439296K, 99% used [0x0000000080000000,0x000000009ac677d0,0x000000009ad00000)
 Metaspace       used 62974K, committed 64448K, reserved 1114112K
  class space    used 6551K, committed 7232K, reserved 1048576K
}
Event: 34.008 GC heap after
{Heap after GC invocations=362 (full 3):
 PSYoungGen      total 1536K, used 320K [0x00000000d5580000, 0x00000000d5900000, 0x0000000100000000)
  eden space 1024K, 0% used [0x00000000d5580000,0x00000000d5580000,0x00000000d5680000)
  from space 512K, 62% used [0x00000000d5680000,0x00000000d56d0000,0x00000000d5700000)
  to   space 512K, 0% used [0x00000000d5880000,0x00000000d5880000,0x00000000d5900000)
 ParOldGen       total 439296K, used 438766K [0x0000000080000000, 0x000000009ad00000, 0x00000000d5580000)
  object space 439296K, 99% used [0x0000000080000000,0x000000009ac7ba60,0x000000009ad00000)
 Metaspace       used 62974K, committed 64448K, reserved 1114112K
  class space    used 6551K, committed 7232K, reserved 1048576K
}
Event: 34.072 GC heap before
{Heap before GC invocations=363 (full 3):
 PSYoungGen      total 1536K, used 1344K [0x00000000d5580000, 0x00000000d5900000, 0x0000000100000000)
  eden space 1024K, 100% used [0x00000000d5580000,0x00000000d5680000,0x00000000d5680000)
  from space 512K, 62% used [0x00000000d5680000,0x00000000d56d0000,0x00000000d5700000)
  to   space 512K, 0% used [0x00000000d5880000,0x00000000d5880000,0x00000000d5900000)
 ParOldGen       total 454656K, used 454086K [0x0000000080000000, 0x000000009bc00000, 0x00000000d5580000)
  object space 454656K, 99% used [0x0000000080000000,0x000000009bb71a70,0x000000009bc00000)
 Metaspace       used 63088K, committed 64576K, reserved 1114112K
  class space    used 6565K, committed 7232K, reserved 1048576K
}
Event: 34.074 GC heap after
{Heap after GC invocations=363 (full 3):
 PSYoungGen      total 1536K, used 288K [0x00000000d5580000, 0x00000000d5900000, 0x0000000100000000)
  eden space 1024K, 0% used [0x00000000d5580000,0x00000000d5580000,0x00000000d5680000)
  from space 512K, 56% used [0x00000000d5880000,0x00000000d58c8000,0x00000000d5900000)
  to   space 512K, 0% used [0x00000000d5680000,0x00000000d5680000,0x00000000d5700000)
 ParOldGen       total 454656K, used 454190K [0x0000000080000000, 0x000000009bc00000, 0x00000000d5580000)
  object space 454656K, 99% used [0x0000000080000000,0x000000009bb8ba80,0x000000009bc00000)
 Metaspace       used 63088K, committed 64576K, reserved 1114112K
  class space    used 6565K, committed 7232K, reserved 1048576K
}
Event: 34.122 GC heap before
{Heap before GC invocations=364 (full 3):
 PSYoungGen      total 1536K, used 1312K [0x00000000d5580000, 0x00000000d5900000, 0x0000000100000000)
  eden space 1024K, 100% used [0x00000000d5580000,0x00000000d5680000,0x00000000d5680000)
  from space 512K, 56% used [0x00000000d5880000,0x00000000d58c8000,0x00000000d5900000)
  to   space 512K, 0% used [0x00000000d5680000,0x00000000d5680000,0x00000000d5700000)
 ParOldGen       total 477184K, used 476209K [0x0000000080000000, 0x000000009d200000, 0x00000000d5580000)
  object space 477184K, 99% used [0x0000000080000000,0x000000009d10c5c0,0x000000009d200000)
 Metaspace       used 63144K, committed 64576K, reserved 1114112K
  class space    used 6576K, committed 7232K, reserved 1048576K
}
Event: 34.126 GC heap after
{Heap after GC invocations=364 (full 3):
 PSYoungGen      total 1536K, used 512K [0x00000000d5580000, 0x00000000d5900000, 0x0000000100000000)
  eden space 1024K, 0% used [0x00000000d5580000,0x00000000d5580000,0x00000000d5680000)
  from space 512K, 100% used [0x00000000d5680000,0x00000000d5700000,0x00000000d5700000)
  to   space 1024K, 0% used [0x00000000d5800000,0x00000000d5800000,0x00000000d5900000)
 ParOldGen       total 477184K, used 476329K [0x0000000080000000, 0x000000009d200000, 0x00000000d5580000)
  object space 477184K, 99% used [0x0000000080000000,0x000000009d12a5c0,0x000000009d200000)
 Metaspace       used 63144K, committed 64576K, reserved 1114112K
  class space    used 6576K, committed 7232K, reserved 1048576K
}
Event: 34.141 GC heap before
{Heap before GC invocations=365 (full 3):
 PSYoungGen      total 1536K, used 1536K [0x00000000d5580000, 0x00000000d5900000, 0x0000000100000000)
  eden space 1024K, 100% used [0x00000000d5580000,0x00000000d5680000,0x00000000d5680000)
  from space 512K, 100% used [0x00000000d5680000,0x00000000d5700000,0x00000000d5700000)
  to   space 1024K, 0% used [0x00000000d5800000,0x00000000d5800000,0x00000000d5900000)
 ParOldGen       total 477184K, used 476329K [0x0000000080000000, 0x000000009d200000, 0x00000000d5580000)
  object space 477184K, 99% used [0x0000000080000000,0x000000009d12a5c0,0x000000009d200000)
 Metaspace       used 63161K, committed 64576K, reserved 1114112K
  class space    used 6578K, committed 7232K, reserved 1048576K
}
Event: 34.144 GC heap after
{Heap after GC invocations=365 (full 3):
 PSYoungGen      total 2048K, used 704K [0x00000000d5580000, 0x00000000d5900000, 0x0000000100000000)
  eden space 1024K, 0% used [0x00000000d5580000,0x00000000d5580000,0x00000000d5680000)
  from space 1024K, 68% used [0x00000000d5800000,0x00000000d58b0000,0x00000000d5900000)
  to   space 1024K, 0% used [0x00000000d5700000,0x00000000d5700000,0x00000000d5800000)
 ParOldGen       total 477184K, used 476745K [0x0000000080000000, 0x000000009d200000, 0x00000000d5580000)
  object space 477184K, 99% used [0x0000000080000000,0x000000009d1925c0,0x000000009d200000)
 Metaspace       used 63161K, committed 64576K, reserved 1114112K
  class space    used 6578K, committed 7232K, reserved 1048576K
}
Event: 34.152 GC heap before
{Heap before GC invocations=366 (full 3):
 PSYoungGen      total 2048K, used 1681K [0x00000000d5580000, 0x00000000d5900000, 0x0000000100000000)
  eden space 1024K, 95% used [0x00000000d5580000,0x00000000d5674538,0x00000000d5680000)
  from space 1024K, 68% used [0x00000000d5800000,0x00000000d58b0000,0x00000000d5900000)
  to   space 1024K, 0% used [0x00000000d5700000,0x00000000d5700000,0x00000000d5800000)
 ParOldGen       total 477184K, used 476745K [0x0000000080000000, 0x000000009d200000, 0x00000000d5580000)
  object space 477184K, 99% used [0x0000000080000000,0x000000009d1925c0,0x000000009d200000)
 Metaspace       used 63175K, committed 64576K, reserved 1114112K
  class space    used 6581K, committed 7232K, reserved 1048576K
}
Event: 34.157 GC heap after
{Heap after GC invocations=366 (full 3):
 PSYoungGen      total 2048K, used 672K [0x00000000d5580000, 0x00000000d5880000, 0x0000000100000000)
  eden space 1024K, 0% used [0x00000000d5580000,0x00000000d5580000,0x00000000d5680000)
  from space 1024K, 65% used [0x00000000d5700000,0x00000000d57a8000,0x00000000d5800000)
  to   space 512K, 0% used [0x00000000d5800000,0x00000000d5800000,0x00000000d5880000)
 ParOldGen       total 477696K, used 477305K [0x0000000080000000, 0x000000009d280000, 0x00000000d5580000)
  object space 477696K, 99% used [0x0000000080000000,0x000000009d21e5c0,0x000000009d280000)
 Metaspace       used 63175K, committed 64576K, reserved 1114112K
  class space    used 6581K, committed 7232K, reserved 1048576K
}
Event: 34.165 GC heap before
{Heap before GC invocations=367 (full 3):
 PSYoungGen      total 2048K, used 1695K [0x00000000d5580000, 0x00000000d5880000, 0x0000000100000000)
  eden space 1024K, 99% used [0x00000000d5580000,0x00000000d567ffe8,0x00000000d5680000)
  from space 1024K, 65% used [0x00000000d5700000,0x00000000d57a8000,0x00000000d5800000)
  to   space 512K, 0% used [0x00000000d5800000,0x00000000d5800000,0x00000000d5880000)
 ParOldGen       total 477696K, used 477305K [0x0000000080000000, 0x000000009d280000, 0x00000000d5580000)
  object space 477696K, 99% used [0x0000000080000000,0x000000009d21e5c0,0x000000009d280000)
 Metaspace       used 63222K, committed 64640K, reserved 1114112K
  class space    used 6582K, committed 7232K, reserved 1048576K
}
Event: 35.201 GC heap after
{Heap after GC invocations=367 (full 3):
 PSYoungGen      total 1536K, used 512K [0x00000000d5580000, 0x00000000d5a00000, 0x0000000100000000)
  eden space 1024K, 0% used [0x00000000d5580000,0x00000000d5580000,0x00000000d5680000)
  from space 512K, 100% used [0x00000000d5800000,0x00000000d5880000,0x00000000d5880000)
  to   space 1536K, 0% used [0x00000000d5680000,0x00000000d5680000,0x00000000d5800000)
 ParOldGen       total 478208K, used 477977K [0x0000000080000000, 0x000000009d300000, 0x00000000d5580000)
  object space 478208K, 99% used [0x0000000080000000,0x000000009d2c65c0,0x000000009d300000)
 Metaspace       used 63222K, committed 64640K, reserved 1114112K
  class space    used 6582K, committed 7232K, reserved 1048576K
}
Event: 35.208 GC heap before
{Heap before GC invocations=368 (full 3):
 PSYoungGen      total 1536K, used 1535K [0x00000000d5580000, 0x00000000d5a00000, 0x0000000100000000)
  eden space 1024K, 99% used [0x00000000d5580000,0x00000000d567ffd8,0x00000000d5680000)
  from space 512K, 100% used [0x00000000d5800000,0x00000000d5880000,0x00000000d5880000)
  to   space 1536K, 0% used [0x00000000d5680000,0x00000000d5680000,0x00000000d5800000)
 ParOldGen       total 478208K, used 477977K [0x0000000080000000, 0x000000009d300000, 0x00000000d5580000)
  object space 478208K, 99% used [0x0000000080000000,0x000000009d2c65c0,0x000000009d300000)
 Metaspace       used 63222K, committed 64640K, reserved 1114112K
  class space    used 6582K, committed 7232K, reserved 1048576K
}
Event: 35.210 GC heap after
{Heap after GC invocations=368 (full 3):
 PSYoungGen      total 2560K, used 864K [0x00000000d5580000, 0x00000000d5900000, 0x0000000100000000)
  eden space 1024K, 0% used [0x00000000d5580000,0x00000000d5580000,0x00000000d5680000)
  from space 1536K, 56% used [0x00000000d5680000,0x00000000d5758000,0x00000000d5800000)
  to   space 1024K, 0% used [0x00000000d5800000,0x00000000d5800000,0x00000000d5900000)
 ParOldGen       total 478720K, used 478441K [0x0000000080000000, 0x000000009d380000, 0x00000000d5580000)
  object space 478720K, 99% used [0x0000000080000000,0x000000009d33a5c0,0x000000009d380000)
 Metaspace       used 63222K, committed 64640K, reserved 1114112K
  class space    used 6582K, committed 7232K, reserved 1048576K
}
Event: 35.215 GC heap before
{Heap before GC invocations=369 (full 3):
 PSYoungGen      total 2560K, used 1888K [0x00000000d5580000, 0x00000000d5900000, 0x0000000100000000)
  eden space 1024K, 100% used [0x00000000d5580000,0x00000000d5680000,0x00000000d5680000)
  from space 1536K, 56% used [0x00000000d5680000,0x00000000d5758000,0x00000000d5800000)
  to   space 1024K, 0% used [0x00000000d5800000,0x00000000d5800000,0x00000000d5900000)
 ParOldGen       total 478720K, used 478441K [0x0000000080000000, 0x000000009d380000, 0x00000000d5580000)
  object space 478720K, 99% used [0x0000000080000000,0x000000009d33a5c0,0x000000009d380000)
 Metaspace       used 63222K, committed 64640K, reserved 1114112K
  class space    used 6582K, committed 7232K, reserved 1048576K
}
Event: 35.216 GC heap after
{Heap after GC invocations=369 (full 3):
 PSYoungGen      total 2560K, used 864K [0x00000000d5580000, 0x00000000d5900000, 0x0000000100000000)
  eden space 1536K, 0% used [0x00000000d5580000,0x00000000d5580000,0x00000000d5700000)
  from space 1024K, 84% used [0x00000000d5800000,0x00000000d58d8000,0x00000000d5900000)
  to   space 1024K, 0% used [0x00000000d5700000,0x00000000d5700000,0x00000000d5800000)
 ParOldGen       total 479232K, used 479177K [0x0000000080000000, 0x000000009d400000, 0x00000000d5580000)
  object space 479232K, 99% used [0x0000000080000000,0x000000009d3f25c0,0x000000009d400000)
 Metaspace       used 63222K, committed 64640K, reserved 1114112K
  class space    used 6582K, committed 7232K, reserved 1048576K
}
Event: 35.226 GC heap before
{Heap before GC invocations=370 (full 3):
 PSYoungGen      total 2560K, used 2400K [0x00000000d5580000, 0x00000000d5900000, 0x0000000100000000)
  eden space 1536K, 100% used [0x00000000d5580000,0x00000000d5700000,0x00000000d5700000)
  from space 1024K, 84% used [0x00000000d5800000,0x00000000d58d8000,0x00000000d5900000)
  to   space 1024K, 0% used [0x00000000d5700000,0x00000000d5700000,0x00000000d5800000)
 ParOldGen       total 479232K, used 479177K [0x0000000080000000, 0x000000009d400000, 0x00000000d5580000)
  object space 479232K, 99% used [0x0000000080000000,0x000000009d3f25c0,0x000000009d400000)
 Metaspace       used 63225K, committed 64640K, reserved 1114112K
  class space    used 6582K, committed 7232K, reserved 1048576K
}

Dll operation events (10 events):
Event: 0.022 Loaded shared library c:\Users\PADIL M ZAKI\.vscode\extensions\redhat.java-1.43.1-win32-x64\jre\21.0.7-win32-x86_64\bin\java.dll
Event: 0.176 Loaded shared library c:\Users\PADIL M ZAKI\.vscode\extensions\redhat.java-1.43.1-win32-x64\jre\21.0.7-win32-x86_64\bin\zip.dll
Event: 0.213 Loaded shared library C:\Users\PADIL M ZAKI\.vscode\extensions\redhat.java-1.43.1-win32-x64\jre\21.0.7-win32-x86_64\bin\instrument.dll
Event: 0.223 Loaded shared library C:\Users\PADIL M ZAKI\.vscode\extensions\redhat.java-1.43.1-win32-x64\jre\21.0.7-win32-x86_64\bin\net.dll
Event: 0.227 Loaded shared library C:\Users\PADIL M ZAKI\.vscode\extensions\redhat.java-1.43.1-win32-x64\jre\21.0.7-win32-x86_64\bin\nio.dll
Event: 0.235 Loaded shared library C:\Users\PADIL M ZAKI\.vscode\extensions\redhat.java-1.43.1-win32-x64\jre\21.0.7-win32-x86_64\bin\zip.dll
Event: 0.267 Loaded shared library C:\Users\PADIL M ZAKI\.vscode\extensions\redhat.java-1.43.1-win32-x64\jre\21.0.7-win32-x86_64\bin\jimage.dll
Event: 0.399 Loaded shared library c:\Users\PADIL M ZAKI\.vscode\extensions\redhat.java-1.43.1-win32-x64\jre\21.0.7-win32-x86_64\bin\verify.dll
Event: 2.515 Loaded shared library C:\Users\PADIL M ZAKI\AppData\Roaming\Code\User\globalStorage\redhat.java\1.43.1\config_win\org.eclipse.equinox.launcher\org.eclipse.equinox.launcher.win32.win32.x86_64_1.2.1300.v20250331-1702\eclipse_11911.dll
Event: 5.589 Loaded shared library C:\Users\PADIL M ZAKI\AppData\Local\Temp\jna-1502444866\jna7872324322960346670.dll

Deoptimization events (20 events):
Event: 34.043 Thread 0x0000017697345d50 Uncommon trap: trap_request=0xffffffd6 fr.pc=0x00000176431c3e58 relative=0x0000000000000b38
Event: 34.043 Thread 0x0000017697345d50 Uncommon trap: reason=array_check action=maybe_recompile pc=0x00000176431c3e58 method=com.google.inject.internal.MoreTypes$ParameterizedTypeImpl.<init>(Ljava/lang/reflect/Type;Ljava/lang/reflect/Type;[Ljava/lang/reflect/Type;)V @ 200 c2
Event: 34.043 Thread 0x0000017697345d50 DEOPT PACKING pc=0x00000176431c3e58 sp=0x000000356c9fb930
Event: 34.044 Thread 0x0000017697345d50 DEOPT UNPACKING pc=0x0000017642af3aa2 sp=0x000000356c9fb7e8 mode 2
Event: 34.044 Thread 0x0000017697345d50 Uncommon trap: trap_request=0xffffffd6 fr.pc=0x00000176431c3e58 relative=0x0000000000000b38
Event: 34.044 Thread 0x0000017697345d50 Uncommon trap: reason=array_check action=maybe_recompile pc=0x00000176431c3e58 method=com.google.inject.internal.MoreTypes$ParameterizedTypeImpl.<init>(Ljava/lang/reflect/Type;Ljava/lang/reflect/Type;[Ljava/lang/reflect/Type;)V @ 200 c2
Event: 34.044 Thread 0x0000017697345d50 DEOPT PACKING pc=0x00000176431c3e58 sp=0x000000356c9fb910
Event: 34.044 Thread 0x0000017697345d50 DEOPT UNPACKING pc=0x0000017642af3aa2 sp=0x000000356c9fb7c8 mode 2
Event: 34.047 Thread 0x0000017697345d50 Uncommon trap: trap_request=0xffffffd6 fr.pc=0x00000176431c3e58 relative=0x0000000000000b38
Event: 34.047 Thread 0x0000017697345d50 Uncommon trap: reason=array_check action=maybe_recompile pc=0x00000176431c3e58 method=com.google.inject.internal.MoreTypes$ParameterizedTypeImpl.<init>(Ljava/lang/reflect/Type;Ljava/lang/reflect/Type;[Ljava/lang/reflect/Type;)V @ 200 c2
Event: 34.047 Thread 0x0000017697345d50 DEOPT PACKING pc=0x00000176431c3e58 sp=0x000000356c9fc810
Event: 34.047 Thread 0x0000017697345d50 DEOPT UNPACKING pc=0x0000017642af3aa2 sp=0x000000356c9fc6c8 mode 2
Event: 34.051 Thread 0x0000017697345d50 Uncommon trap: trap_request=0xffffffd6 fr.pc=0x00000176431c5c14 relative=0x00000000000007f4
Event: 34.051 Thread 0x0000017697345d50 Uncommon trap: reason=array_check action=maybe_recompile pc=0x00000176431c5c14 method=com.google.inject.internal.MoreTypes$ParameterizedTypeImpl.<init>(Ljava/lang/reflect/Type;Ljava/lang/reflect/Type;[Ljava/lang/reflect/Type;)V @ 200 c2
Event: 34.051 Thread 0x0000017697345d50 DEOPT PACKING pc=0x00000176431c5c14 sp=0x000000356c9fb760
Event: 34.051 Thread 0x0000017697345d50 DEOPT UNPACKING pc=0x0000017642af3aa2 sp=0x000000356c9fb680 mode 2
Event: 34.111 Thread 0x0000017697f6d150 Uncommon trap: trap_request=0xffffff45 fr.pc=0x000001764337fae4 relative=0x00000000000001a4
Event: 34.111 Thread 0x0000017697f6d150 Uncommon trap: reason=unstable_if action=reinterpret pc=0x000001764337fae4 method=java.util.HashMap.getNode(Ljava/lang/Object;)Ljava/util/HashMap$Node; @ 131 c2
Event: 34.111 Thread 0x0000017697f6d150 DEOPT PACKING pc=0x000001764337fae4 sp=0x00000035706fe4f0
Event: 34.111 Thread 0x0000017697f6d150 DEOPT UNPACKING pc=0x0000017642af3aa2 sp=0x00000035706fe3f0 mode 2

Classes loaded (20 events):
Event: 33.678 Loading class com/sun/crypto/provider/SymmetricCipher done
Event: 33.678 Loading class com/sun/crypto/provider/AESCrypt done
Event: 33.678 Loading class com/sun/crypto/provider/ElectronicCodeBook
Event: 33.679 Loading class com/sun/crypto/provider/FeedbackCipher
Event: 33.679 Loading class com/sun/crypto/provider/FeedbackCipher done
Event: 33.679 Loading class com/sun/crypto/provider/ElectronicCodeBook done
Event: 33.679 Loading class com/sun/crypto/provider/PKCS5Padding
Event: 33.683 Loading class com/sun/crypto/provider/Padding
Event: 33.683 Loading class com/sun/crypto/provider/Padding done
Event: 33.683 Loading class com/sun/crypto/provider/PKCS5Padding done
Event: 33.684 Loading class com/sun/crypto/provider/CipherBlockChaining
Event: 33.684 Loading class com/sun/crypto/provider/CipherBlockChaining done
Event: 33.685 Loading class javax/crypto/NullCipher
Event: 33.685 Loading class javax/crypto/NullCipher done
Event: 33.687 Loading class sun/security/util/ArrayUtil
Event: 33.689 Loading class sun/security/util/ArrayUtil done
Event: 33.813 Loading class java/util/zip/CheckedInputStream
Event: 33.816 Loading class java/util/zip/CheckedInputStream done
Event: 34.075 Loading class java/util/zip/GZIPInputStream$1
Event: 34.075 Loading class java/util/zip/GZIPInputStream$1 done

Classes unloaded (7 events):
Event: 6.300 Thread 0x00000176383135b0 Unloading class 0x00000176501a3000 'java/lang/invoke/LambdaForm$MH+0x00000176501a3000'
Event: 6.300 Thread 0x00000176383135b0 Unloading class 0x00000176501a2c00 'java/lang/invoke/LambdaForm$MH+0x00000176501a2c00'
Event: 6.300 Thread 0x00000176383135b0 Unloading class 0x00000176501a2800 'java/lang/invoke/LambdaForm$MH+0x00000176501a2800'
Event: 6.300 Thread 0x00000176383135b0 Unloading class 0x00000176501a2400 'java/lang/invoke/LambdaForm$MH+0x00000176501a2400'
Event: 6.300 Thread 0x00000176383135b0 Unloading class 0x00000176501a2000 'java/lang/invoke/LambdaForm$BMH+0x00000176501a2000'
Event: 6.300 Thread 0x00000176383135b0 Unloading class 0x00000176501a1c00 'java/lang/invoke/LambdaForm$DMH+0x00000176501a1c00'
Event: 6.300 Thread 0x00000176383135b0 Unloading class 0x00000176501a0800 'java/lang/invoke/LambdaForm$DMH+0x00000176501a0800'

Classes redefined (0 events):
No events

Internal exceptions (20 events):
Event: 18.400 Thread 0x00000176973463e0 Exception <a 'sun/nio/fs/WindowsException'{0x00000000d574ca10}> (0x00000000d574ca10) 
thrown [s\src\hotspot\share\prims\jni.cpp, line 520]
Event: 18.411 Thread 0x00000176973463e0 Exception <a 'sun/nio/fs/WindowsException'{0x00000000d57ef128}> (0x00000000d57ef128) 
thrown [s\src\hotspot\share\prims\jni.cpp, line 520]
Event: 18.412 Thread 0x00000176973463e0 Exception <a 'sun/nio/fs/WindowsException'{0x00000000d57efa08}> (0x00000000d57efa08) 
thrown [s\src\hotspot\share\prims\jni.cpp, line 520]
Event: 18.790 Thread 0x0000017699692ff0 Exception <a 'java/lang/IncompatibleClassChangeError'{0x00000000d573ac70}: Found class java.lang.Object, but interface was expected> (0x00000000d573ac70) 
thrown [s\src\hotspot\share\interpreter\linkResolver.cpp, line 840]
Event: 19.340 Thread 0x0000017697342240 Exception <a 'java/lang/ArrayIndexOutOfBoundsException'{0x00000000d5ae13b8}> (0x00000000d5ae13b8) 
thrown [s\src\hotspot\share\runtime\sharedRuntime.cpp, line 625]
Event: 19.846 Thread 0x0000017697342240 Exception <a 'java/lang/ArrayIndexOutOfBoundsException'{0x00000000d5ad3e70}> (0x00000000d5ad3e70) 
thrown [s\src\hotspot\share\runtime\sharedRuntime.cpp, line 625]
Event: 22.693 Thread 0x00000176973428d0 Implicit null exception at 0x00000176433b1b68 to 0x00000176433b67b0
Event: 32.764 Thread 0x00000176973428d0 Exception <a 'sun/nio/fs/WindowsException'{0x00000000d55c0098}> (0x00000000d55c0098) 
thrown [s\src\hotspot\share\prims\jni.cpp, line 520]
Event: 33.299 Thread 0x00000176973428d0 Exception <a 'sun/nio/fs/WindowsException'{0x00000000d56f0958}> (0x00000000d56f0958) 
thrown [s\src\hotspot\share\prims\jni.cpp, line 520]
Event: 33.330 Thread 0x0000017699692ff0 Exception <a 'java/lang/IncompatibleClassChangeError'{0x00000000d5615920}: Found class java.lang.Object, but interface was expected> (0x00000000d5615920) 
thrown [s\src\hotspot\share\interpreter\linkResolver.cpp, line 840]
Event: 33.445 Thread 0x0000017699692ff0 Exception <a 'java/lang/IncompatibleClassChangeError'{0x00000000d55fbd20}: Found class java.lang.Object, but interface was expected> (0x00000000d55fbd20) 
thrown [s\src\hotspot\share\interpreter\linkResolver.cpp, line 840]
Event: 33.449 Thread 0x0000017699692ff0 Exception <a 'java/lang/IncompatibleClassChangeError'{0x00000000d56531f0}: Found class java.lang.Object, but interface was expected> (0x00000000d56531f0) 
thrown [s\src\hotspot\share\interpreter\linkResolver.cpp, line 840]
Event: 33.457 Thread 0x0000017699692ff0 Implicit null exception at 0x00000176431e2202 to 0x00000176431e22fc
Event: 33.458 Thread 0x0000017699692ff0 Exception <a 'java/lang/IncompatibleClassChangeError'{0x00000000d5583f30}: Found class java.lang.Object, but interface was expected> (0x00000000d5583f30) 
thrown [s\src\hotspot\share\interpreter\linkResolver.cpp, line 840]
Event: 33.463 Thread 0x0000017697f6b080 Exception <a 'java/lang/NoSuchMethodError'{0x00000000d5636858}: 'java.lang.Object java.lang.invoke.DirectMethodHandle$Holder.invokeSpecial(java.lang.Object, java.lang.Object, java.lang.Object, java.lang.Object, int, java.lang.Object, java.lang.Object)'> (0x00000000d5636858) 
thrown [s\src\hotspot\share\interpreter\linkResolver.cpp, line 773]
Event: 33.473 Thread 0x0000017697f6d150 Exception <a 'sun/nio/fs/WindowsException'{0x00000000d55d5738}> (0x00000000d55d5738) 
thrown [s\src\hotspot\share\prims\jni.cpp, line 520]
Event: 33.886 Thread 0x0000017697345d50 Exception <a 'java/lang/NoSuchMethodError'{0x00000000d5648dc8}: 'void java.lang.invoke.DirectMethodHandle$Holder.invokeStatic(java.lang.Object, java.lang.Object, java.lang.Object, int)'> (0x00000000d5648dc8) 
thrown [s\src\hotspot\share\interpreter\linkResolver.cpp, line 773]
Event: 34.012 Thread 0x0000017697345d50 Exception <a 'java/lang/NoSuchMethodError'{0x00000000d558a2c8}: 'void java.lang.invoke.DirectMethodHandle$Holder.invokeVirtual(java.lang.Object, java.lang.Object, int)'> (0x00000000d558a2c8) 
thrown [s\src\hotspot\share\interpreter\linkResolver.cpp, line 773]
Event: 34.106 Thread 0x0000017697345d50 Exception <a 'java/lang/NoSuchMethodError'{0x00000000d55c9a98}: 'java.lang.Object java.lang.invoke.DirectMethodHandle$Holder.newInvokeSpecial(java.lang.Object, java.lang.Object, java.lang.Object, java.lang.Object, java.lang.Object, java.lang.Object, java.lang.Object, java.lang.Object)'> (0x00000000d55c9a98) 
thrown [s\src\hotspot\share\interpreter\linkResolver.cpp, line 773]
Event: 34.113 Thread 0x0000017697345d50 Exception <a 'java/lang/NoSuchMethodError'{0x00000000d55f0370}: 'java.lang.Object java.lang.invoke.DirectMethodHandle$Holder.invokeStatic(java.lang.Object, java.lang.Object, int, java.lang.Object, java.lang.Object)'> (0x00000000d55f0370) 
thrown [s\src\hotspot\share\interpreter\linkResolver.cpp, line 773]

ZGC Phase Switch (0 events):
No events

VM Operations (20 events):
Event: 33.869 Executing VM operation: ParallelGCSystemGC (GCLocker Initiated GC) done
Event: 34.000 Executing VM operation: ParallelGCFailedAllocation (Allocation Failure)
Event: 34.008 Executing VM operation: ParallelGCFailedAllocation (Allocation Failure) done
Event: 34.072 Executing VM operation: ParallelGCFailedAllocation (Allocation Failure)
Event: 34.074 Executing VM operation: ParallelGCFailedAllocation (Allocation Failure) done
Event: 34.088 Executing VM operation: HandshakeAllThreads (Deoptimize)
Event: 34.092 Executing VM operation: HandshakeAllThreads (Deoptimize) done
Event: 34.122 Executing VM operation: ParallelGCFailedAllocation (Allocation Failure)
Event: 34.126 Executing VM operation: ParallelGCFailedAllocation (Allocation Failure) done
Event: 34.141 Executing VM operation: ParallelGCFailedAllocation (Allocation Failure)
Event: 34.144 Executing VM operation: ParallelGCFailedAllocation (Allocation Failure) done
Event: 34.152 Executing VM operation: ParallelGCFailedAllocation (Allocation Failure)
Event: 34.157 Executing VM operation: ParallelGCFailedAllocation (Allocation Failure) done
Event: 34.165 Executing VM operation: ParallelGCFailedAllocation (Allocation Failure)
Event: 35.201 Executing VM operation: ParallelGCFailedAllocation (Allocation Failure) done
Event: 35.208 Executing VM operation: ParallelGCFailedAllocation (Allocation Failure)
Event: 35.210 Executing VM operation: ParallelGCFailedAllocation (Allocation Failure) done
Event: 35.215 Executing VM operation: ParallelGCFailedAllocation (Allocation Failure)
Event: 35.217 Executing VM operation: ParallelGCFailedAllocation (Allocation Failure) done
Event: 35.226 Executing VM operation: ParallelGCFailedAllocation (Allocation Failure)

Memory protections (0 events):
No events

Nmethod flushes (20 events):
Event: 17.689 Thread 0x00000176383135b0 flushing  nmethod 0x000001763be3e410
Event: 17.689 Thread 0x00000176383135b0 flushing  nmethod 0x000001763be3e910
Event: 17.689 Thread 0x00000176383135b0 flushing  nmethod 0x000001763be3f690
Event: 17.689 Thread 0x00000176383135b0 flushing  nmethod 0x000001763be4a410
Event: 17.689 Thread 0x00000176383135b0 flushing  nmethod 0x000001763be4af90
Event: 17.689 Thread 0x00000176383135b0 flushing  nmethod 0x000001763be4be90
Event: 17.689 Thread 0x00000176383135b0 flushing  nmethod 0x000001763be4fa90
Event: 17.689 Thread 0x00000176383135b0 flushing  nmethod 0x000001763be50010
Event: 17.689 Thread 0x00000176383135b0 flushing  nmethod 0x000001763be50b10
Event: 17.689 Thread 0x00000176383135b0 flushing  nmethod 0x000001763be56010
Event: 17.689 Thread 0x00000176383135b0 flushing  nmethod 0x000001763be57a10
Event: 17.689 Thread 0x00000176383135b0 flushing  nmethod 0x000001763be57e10
Event: 17.689 Thread 0x00000176383135b0 flushing  nmethod 0x000001763be58390
Event: 17.689 Thread 0x00000176383135b0 flushing  nmethod 0x000001763be5be10
Event: 17.689 Thread 0x00000176383135b0 flushing  nmethod 0x000001763be5f190
Event: 17.689 Thread 0x00000176383135b0 flushing  nmethod 0x000001763be6ed90
Event: 17.689 Thread 0x00000176383135b0 flushing  nmethod 0x000001763bea5690
Event: 17.689 Thread 0x00000176383135b0 flushing  nmethod 0x000001763beb2290
Event: 17.689 Thread 0x00000176383135b0 flushing  nmethod 0x000001763beb2a90
Event: 17.689 Thread 0x00000176383135b0 flushing  nmethod 0x000001763beb3090

Events (20 events):
Event: 16.011 Thread 0x0000017697345d50 Thread added: 0x0000017697f68290
Event: 16.037 Thread 0x0000017697345d50 Thread added: 0x0000017697f69cd0
Event: 16.045 Thread 0x0000017697345d50 Thread added: 0x0000017697f68920
Event: 16.046 Thread 0x0000017697345d50 Thread added: 0x0000017697f68fb0
Event: 18.175 Thread 0x00000176973463e0 Thread added: 0x0000017697f6a360
Event: 19.098 Thread 0x0000017697342240 Thread added: 0x0000017697f6a9f0
Event: 22.708 Thread 0x0000017691173510 Thread added: 0x0000017697d8b470
Event: 23.176 Thread 0x0000017697f6a360 Thread exited: 0x0000017697f6a360
Event: 25.678 Thread 0x0000017697d8b470 Thread exited: 0x0000017697d8b470
Event: 32.257 Thread 0x0000017691173510 Thread added: 0x000001769842bf30
Event: 32.488 Thread 0x000001769842bf30 Thread exited: 0x000001769842bf30
Event: 32.615 Thread 0x0000017638437de0 Thread added: 0x000001769842bf30
Event: 32.779 Thread 0x000001769842bf30 Thread exited: 0x000001769842bf30
Event: 32.786 Thread 0x0000017638437de0 Thread added: 0x000001769842bf30
Event: 33.310 Thread 0x0000017697f6a9f0 Thread added: 0x0000017697f6cac0
Event: 33.315 Thread 0x0000017699692ff0 Thread added: 0x0000017697f69640
Event: 33.316 Thread 0x0000017699692ff0 Thread added: 0x0000017697f6b080
Event: 33.317 Thread 0x0000017697f6b080 Thread added: 0x0000017697f6c430
Event: 33.319 Thread 0x0000017697f6c430 Thread added: 0x0000017697f6a360
Event: 33.346 Thread 0x0000017697f6a360 Thread added: 0x0000017697f6d150


Dynamic libraries:
0x00007ff625150000 - 0x00007ff62515e000 	c:\Users\PADIL M ZAKI\.vscode\extensions\redhat.java-1.43.1-win32-x64\jre\21.0.7-win32-x86_64\bin\java.exe
0x00007ffcf75e0000 - 0x00007ffcf7848000 	C:\WINDOWS\SYSTEM32\ntdll.dll
0x00007ffcf5da0000 - 0x00007ffcf5e69000 	C:\WINDOWS\System32\KERNEL32.DLL
0x00007ffcf4cf0000 - 0x00007ffcf50dd000 	C:\WINDOWS\System32\KERNELBASE.dll
0x00007ffcf5190000 - 0x00007ffcf52db000 	C:\WINDOWS\System32\ucrtbase.dll
0x00007ffccd570000 - 0x00007ffccd588000 	c:\Users\PADIL M ZAKI\.vscode\extensions\redhat.java-1.43.1-win32-x64\jre\21.0.7-win32-x86_64\bin\jli.dll
0x00007ffcc7790000 - 0x00007ffcc77ae000 	c:\Users\PADIL M ZAKI\.vscode\extensions\redhat.java-1.43.1-win32-x64\jre\21.0.7-win32-x86_64\bin\VCRUNTIME140.dll
0x00007ffcf5740000 - 0x00007ffcf590c000 	C:\WINDOWS\System32\USER32.dll
0x00007ffcddff0000 - 0x00007ffcde28a000 	C:\WINDOWS\WinSxS\amd64_microsoft.windows.common-controls_6595b64144ccf1df_6.0.26100.4484_none_3e0e6d4ce32ef3b3\COMCTL32.dll
0x00007ffcf47c0000 - 0x00007ffcf47e7000 	C:\WINDOWS\System32\win32u.dll
0x00007ffcf7290000 - 0x00007ffcf7339000 	C:\WINDOWS\System32\msvcrt.dll
0x00007ffcf5650000 - 0x00007ffcf567b000 	C:\WINDOWS\System32\GDI32.dll
0x00007ffcf4970000 - 0x00007ffcf4aa7000 	C:\WINDOWS\System32\gdi32full.dll
0x00007ffcf50e0000 - 0x00007ffcf5183000 	C:\WINDOWS\System32\msvcp_win.dll
0x00007ffcf5610000 - 0x00007ffcf563f000 	C:\WINDOWS\System32\IMM32.DLL
0x00007ffce55f0000 - 0x00007ffce55fc000 	c:\Users\PADIL M ZAKI\.vscode\extensions\redhat.java-1.43.1-win32-x64\jre\21.0.7-win32-x86_64\bin\vcruntime140_1.dll
0x00007ffc93c30000 - 0x00007ffc93cbd000 	c:\Users\PADIL M ZAKI\.vscode\extensions\redhat.java-1.43.1-win32-x64\jre\21.0.7-win32-x86_64\bin\msvcp140.dll
0x00007ffbf8200000 - 0x00007ffbf8f90000 	c:\Users\PADIL M ZAKI\.vscode\extensions\redhat.java-1.43.1-win32-x64\jre\21.0.7-win32-x86_64\bin\server\jvm.dll
0x00007ffcf5680000 - 0x00007ffcf5734000 	C:\WINDOWS\System32\ADVAPI32.dll
0x00007ffcf5530000 - 0x00007ffcf55d6000 	C:\WINDOWS\System32\sechost.dll
0x00007ffcf6f00000 - 0x00007ffcf7018000 	C:\WINDOWS\System32\RPCRT4.dll
0x00007ffcf5c30000 - 0x00007ffcf5ca4000 	C:\WINDOWS\System32\WS2_32.dll
0x00007ffcec8f0000 - 0x00007ffcec925000 	C:\WINDOWS\SYSTEM32\WINMM.dll
0x00007ffcf4580000 - 0x00007ffcf45de000 	C:\WINDOWS\SYSTEM32\POWRPROF.dll
0x00007ffcec9c0000 - 0x00007ffcec9cb000 	C:\WINDOWS\SYSTEM32\VERSION.dll
0x00007ffcf4560000 - 0x00007ffcf4574000 	C:\WINDOWS\SYSTEM32\UMPDC.dll
0x00007ffcf34b0000 - 0x00007ffcf34cb000 	C:\WINDOWS\SYSTEM32\kernel.appcore.dll
0x00007ffce28c0000 - 0x00007ffce28ca000 	c:\Users\PADIL M ZAKI\.vscode\extensions\redhat.java-1.43.1-win32-x64\jre\21.0.7-win32-x86_64\bin\jimage.dll
0x00007ffcf1f70000 - 0x00007ffcf21b1000 	C:\WINDOWS\SYSTEM32\DBGHELP.DLL
0x00007ffcf5f00000 - 0x00007ffcf6286000 	C:\WINDOWS\System32\combase.dll
0x00007ffcf5cb0000 - 0x00007ffcf5d90000 	C:\WINDOWS\System32\OLEAUT32.dll
0x00007ffcdff10000 - 0x00007ffcdff53000 	C:\WINDOWS\SYSTEM32\dbgcore.DLL
0x00007ffcf52e0000 - 0x00007ffcf5379000 	C:\WINDOWS\System32\bcryptPrimitives.dll
0x00007ffcddf00000 - 0x00007ffcddf0f000 	c:\Users\PADIL M ZAKI\.vscode\extensions\redhat.java-1.43.1-win32-x64\jre\21.0.7-win32-x86_64\bin\instrument.dll
0x00007ffcc55a0000 - 0x00007ffcc55bf000 	c:\Users\PADIL M ZAKI\.vscode\extensions\redhat.java-1.43.1-win32-x64\jre\21.0.7-win32-x86_64\bin\java.dll
0x00007ffcf6320000 - 0x00007ffcf6a6a000 	C:\WINDOWS\System32\SHELL32.dll
0x00007ffcf47f0000 - 0x00007ffcf4964000 	C:\WINDOWS\System32\wintypes.dll
0x00007ffcf2360000 - 0x00007ffcf2bbb000 	C:\WINDOWS\SYSTEM32\windows.storage.dll
0x00007ffcf5b30000 - 0x00007ffcf5c25000 	C:\WINDOWS\System32\SHCORE.dll
0x00007ffcf71d0000 - 0x00007ffcf723a000 	C:\WINDOWS\System32\shlwapi.dll
0x00007ffcf4640000 - 0x00007ffcf466f000 	C:\WINDOWS\SYSTEM32\profapi.dll
0x00007ffcc5430000 - 0x00007ffcc5448000 	c:\Users\PADIL M ZAKI\.vscode\extensions\redhat.java-1.43.1-win32-x64\jre\21.0.7-win32-x86_64\bin\zip.dll
0x00007ffcc9ad0000 - 0x00007ffcc9ae0000 	C:\Users\PADIL M ZAKI\.vscode\extensions\redhat.java-1.43.1-win32-x64\jre\21.0.7-win32-x86_64\bin\net.dll
0x00007ffcec270000 - 0x00007ffcec38e000 	C:\WINDOWS\SYSTEM32\WINHTTP.dll
0x00007ffcf3a60000 - 0x00007ffcf3aca000 	C:\WINDOWS\system32\mswsock.dll
0x00007ffcc5dc0000 - 0x00007ffcc5dd6000 	C:\Users\PADIL M ZAKI\.vscode\extensions\redhat.java-1.43.1-win32-x64\jre\21.0.7-win32-x86_64\bin\nio.dll
0x00007ffcc6510000 - 0x00007ffcc6520000 	c:\Users\PADIL M ZAKI\.vscode\extensions\redhat.java-1.43.1-win32-x64\jre\21.0.7-win32-x86_64\bin\verify.dll
0x00007ffcc55e0000 - 0x00007ffcc5625000 	C:\Users\PADIL M ZAKI\AppData\Roaming\Code\User\globalStorage\redhat.java\1.43.1\config_win\org.eclipse.equinox.launcher\org.eclipse.equinox.launcher.win32.win32.x86_64_1.2.1300.v20250331-1702\eclipse_11911.dll
0x00007ffcf5910000 - 0x00007ffcf5aae000 	C:\WINDOWS\System32\ole32.dll
0x00007ffcf3d10000 - 0x00007ffcf3d2b000 	C:\WINDOWS\SYSTEM32\CRYPTSP.dll
0x00007ffcf3410000 - 0x00007ffcf344a000 	C:\WINDOWS\system32\rsaenh.dll
0x00007ffcf3b00000 - 0x00007ffcf3b2b000 	C:\WINDOWS\SYSTEM32\USERENV.dll
0x00007ffcf4610000 - 0x00007ffcf4636000 	C:\WINDOWS\SYSTEM32\bcrypt.dll
0x00007ffcf3d30000 - 0x00007ffcf3d3c000 	C:\WINDOWS\SYSTEM32\CRYPTBASE.dll
0x00007ffcf2e70000 - 0x00007ffcf2ea3000 	C:\WINDOWS\SYSTEM32\IPHLPAPI.DLL
0x00007ffcf6310000 - 0x00007ffcf631a000 	C:\WINDOWS\System32\NSI.dll
0x00007ffc936f0000 - 0x00007ffc93739000 	C:\Users\PADIL M ZAKI\AppData\Local\Temp\jna-1502444866\jna7872324322960346670.dll
0x00007ffcf5b20000 - 0x00007ffcf5b28000 	C:\WINDOWS\System32\PSAPI.DLL
0x00007ffcebe90000 - 0x00007ffcebeaf000 	C:\WINDOWS\SYSTEM32\dhcpcsvc6.DLL
0x00007ffce9d40000 - 0x00007ffce9d65000 	C:\WINDOWS\SYSTEM32\dhcpcsvc.DLL

dbghelp: loaded successfully - version: 4.0.5 - missing functions: none
symbol engine: initialized successfully - sym options: 0x614 - pdb path: .;c:\Users\PADIL M ZAKI\.vscode\extensions\redhat.java-1.43.1-win32-x64\jre\21.0.7-win32-x86_64\bin;C:\WINDOWS\SYSTEM32;C:\WINDOWS\WinSxS\amd64_microsoft.windows.common-controls_6595b64144ccf1df_6.0.26100.4484_none_3e0e6d4ce32ef3b3;c:\Users\PADIL M ZAKI\.vscode\extensions\redhat.java-1.43.1-win32-x64\jre\21.0.7-win32-x86_64\bin\server;C:\Users\PADIL M ZAKI\AppData\Roaming\Code\User\globalStorage\redhat.java\1.43.1\config_win\org.eclipse.equinox.launcher\org.eclipse.equinox.launcher.win32.win32.x86_64_1.2.1300.v20250331-1702;C:\Users\PADIL M ZAKI\AppData\Local\Temp\jna-1502444866

VM Arguments:
jvm_args: --add-modules=ALL-SYSTEM --add-opens=java.base/java.util=ALL-UNNAMED --add-opens=java.base/java.lang=ALL-UNNAMED --add-opens=java.base/sun.nio.fs=ALL-UNNAMED -Declipse.application=org.eclipse.jdt.ls.core.id1 -Dosgi.bundles.defaultStartLevel=4 -Declipse.product=org.eclipse.jdt.ls.core.product -Djava.import.generatesMetadataFilesAtProjectRoot=false -DDetectVMInstallationsJob.disabled=true -Dfile.encoding=utf8 -XX:+UseParallelGC -XX:GCTimeRatio=4 -XX:AdaptiveSizePolicyWeight=90 -Dsun.zip.disableMemoryMapping=true -Xmx2G -Xms100m -Xlog:disable -javaagent:c:\Users\PADIL M ZAKI\.vscode\extensions\redhat.java-1.43.1-win32-x64\lombok\lombok-1.18.39-4050.jar -XX:+HeapDumpOnOutOfMemoryError -XX:HeapDumpPath=c:\Users\PADIL M ZAKI\AppData\Roaming\Code\User\workspaceStorage\675d83ee0db0204e1660a8e1e1cb23d0\redhat.java -Daether.dependencyCollector.impl=bf 
java_command: c:\Users\PADIL M ZAKI\.vscode\extensions\redhat.java-1.43.1-win32-x64\server\plugins\org.eclipse.equinox.launcher_1.7.0.v20250519-0528.jar -configuration c:\Users\PADIL M ZAKI\AppData\Roaming\Code\User\globalStorage\redhat.java\1.43.1\config_win -data c:\Users\PADIL M ZAKI\AppData\Roaming\Code\User\workspaceStorage\675d83ee0db0204e1660a8e1e1cb23d0\redhat.java\jdt_ws --pipe=\\.\pipe\lsp-dd061015658f4d34bbdfc02623df71f4-sock
java_class_path (initial): c:\Users\PADIL M ZAKI\.vscode\extensions\redhat.java-1.43.1-win32-x64\server\plugins\org.eclipse.equinox.launcher_1.7.0.v20250519-0528.jar
Launcher Type: SUN_STANDARD

[Global flags]
    uintx AdaptiveSizePolicyWeight                 = 90                                        {product} {command line}
     intx CICompilerCount                          = 4                                         {product} {ergonomic}
    uintx GCTimeRatio                              = 4                                         {product} {command line}
     bool HeapDumpOnOutOfMemoryError               = true                                   {manageable} {command line}
    ccstr HeapDumpPath                             = c:\Users\PADIL M ZAKI\AppData\Roaming\Code\User\workspaceStorage\675d83ee0db0204e1660a8e1e1cb23d0\redhat.java         {manageable} {command line}
   size_t InitialHeapSize                          = 104857600                                 {product} {command line}
   size_t MaxHeapSize                              = 2147483648                                {product} {command line}
   size_t MaxNewSize                               = 715653120                                 {product} {ergonomic}
   size_t MinHeapDeltaBytes                        = 524288                                    {product} {ergonomic}
   size_t MinHeapSize                              = 104857600                                 {product} {command line}
   size_t NewSize                                  = 34603008                                  {product} {ergonomic}
    uintx NonNMethodCodeHeapSize                   = 5839372                                {pd product} {ergonomic}
    uintx NonProfiledCodeHeapSize                  = 122909434                              {pd product} {ergonomic}
   size_t OldSize                                  = 70254592                                  {product} {ergonomic}
    uintx ProfiledCodeHeapSize                     = 122909434                              {pd product} {ergonomic}
    uintx ReservedCodeCacheSize                    = 251658240                              {pd product} {ergonomic}
     bool SegmentedCodeCache                       = true                                      {product} {ergonomic}
   size_t SoftMaxHeapSize                          = 2147483648                             {manageable} {ergonomic}
     bool UseCompressedOops                        = true                           {product lp64_product} {ergonomic}
     bool UseLargePagesIndividualAllocation        = false                                  {pd product} {ergonomic}
     bool UseParallelGC                            = true                                      {product} {command line}

Logging:
Log output configuration:
 #0: stdout all=off uptime,level,tags foldmultilines=false
 #1: stderr all=off uptime,level,tags foldmultilines=false

Environment Variables:
JAVA_HOME=C:\Program Files\Eclipse Adoptium\jdk-17.0.14.7-hotspot\
PATH=C:\Program Files\Common Files\Oracle\Java\javapath;C:\Program Files\Eclipse Adoptium\jdk-17.0.14.7-hotspot\bin;C:\Python313\Scripts\;C:\Python313\;C:\WINDOWS\system32;C:\WINDOWS;C:\WINDOWS\System32\Wbem;C:\WINDOWS\System32\WindowsPowerShell\v1.0\;C:\WINDOWS\System32\OpenSSH\;C:\Program Files\Git\cmd;C:\Program Files\Docker\Docker\resources\bin;C:\MinGW\bin;C:\ProgramData\chocolatey\bin;C:\Program Files\MongoDB\Server\8.0\bin;C:\Program Files\Eclipse Adoptium\jdk-17.0.14.7-hotspot\\bin;C:\Program Files (x86)\Microsoft SQL Server\100\Tools\Binn\;C:\Program Files\Microsoft SQL Server\100\Tools\Binn\;C:\Program Files\Microsoft SQL Server\100\DTS\Binn\;D:\xampp\php;C:\ProgramData\ComposerSetup\bin;D:\;C:\Users\PADIL M ZAKI\AppData\Local\Microsoft\WindowsApps;C:\Program Files\MongoDB\Server\8.0\bin;C:\Users\PADIL M ZAKI\AppData\Local\Programs\Microsoft VS Code\bin;C:\Program Files (x86)\Nmap;C:\ProgramData\TinyTeX\bin\windows;C:\Users\PADIL M ZAKI\AppData\Roaming\Composer\vendor\bin;C:\Users\PADIL M ZAKI\AppData\Roaming\npm
USERNAME=PADIL M ZAKI
OS=Windows_NT
PROCESSOR_IDENTIFIER=AMD64 Family 25 Model 80 Stepping 0, AuthenticAMD
TMP=C:\Users\PADILM~1\AppData\Local\Temp
TEMP=C:\Users\PADILM~1\AppData\Local\Temp




Periodic native trim disabled

---------------  S Y S T E M  ---------------

OS:
 Windows 11 , 64 bit Build 26100 (10.0.26100.4484)
OS uptime: 0 days 9:37 hours
Hyper-V role detected

CPU: total 12 (initial active 12) (12 cores per cpu, 2 threads per core) family 25 model 80 stepping 0 microcode 0xa50000c, cx8, cmov, fxsr, ht, mmx, 3dnowpref, sse, sse2, sse3, ssse3, sse4a, sse4.1, sse4.2, popcnt, lzcnt, tsc, tscinvbit, avx, avx2, aes, erms, clmul, bmi1, bmi2, adx, sha, fma, vzeroupper, clflush, clflushopt, hv, rdtscp, rdpid, fsrm, f16c, cet_ss
Processor Information for the first 12 processors :
  Max Mhz: 2301, Current Mhz: 2010, Mhz Limit: 2301

Memory: 4k page, system-wide physical 5989M (397M free)
TotalPageFile size 24421M (AvailPageFile size 0M)
current process WorkingSet (physical memory assigned to process): 613M, peak: 613M
current process commit charge ("private bytes"): 793M, peak: 793M

vm_info: OpenJDK 64-Bit Server VM (21.0.7+6-LTS) for windows-amd64 JRE (21.0.7+6-LTS), built on 2025-04-15T00:00:00Z by "admin" with MS VC++ 17.7 (VS2022)

END.
