#
# There is insufficient memory for the Java Runtime Environment to continue.
# Native memory allocation (malloc) failed to allocate 2167808 bytes. Error detail: Chunk::new
# Possible reasons:
#   The system is out of physical RAM or swap space
#   This process is running with CompressedOops enabled, and the Java Heap may be blocking the growth of the native heap
# Possible solutions:
#   Reduce memory load on the system
#   Increase physical memory or swap space
#   Check if swap backing store is full
#   Decrease Java heap size (-Xmx/-Xms)
#   Decrease number of Java threads
#   Decrease Java thread stack sizes (-Xss)
#   Set larger code cache with -XX:ReservedCodeCacheSize=
#   JVM is running with Unscaled Compressed Oops mode in which the Java heap is
#     placed in the first 4GB address space. The Java Heap base address is the
#     maximum limit for the native heap growth. Please use -XX:HeapBaseMinAddress
#     to set the Java Heap base and to place the Java Heap above 4GB virtual address.
# This output file may be truncated or incomplete.
#
#  Out of Memory Error (arena.cpp:168), pid=9512, tid=28464
#
# JRE version: OpenJDK Runtime Environment Temurin-21.0.7+6 (21.0.7+6) (build 21.0.7+6-LTS)
# Java VM: OpenJDK 64-Bit Server VM Temurin-21.0.7+6 (21.0.7+6-LTS, mixed mode, sharing, tiered, compressed oops, compressed class ptrs, parallel gc, windows-amd64)
# No core dump will be written. Minidumps are not enabled by default on client versions of Windows
#

---------------  S U M M A R Y ------------

Command Line: --add-modules=ALL-SYSTEM --add-opens=java.base/java.util=ALL-UNNAMED --add-opens=java.base/java.lang=ALL-UNNAMED --add-opens=java.base/sun.nio.fs=ALL-UNNAMED -Declipse.application=org.eclipse.jdt.ls.core.id1 -Dosgi.bundles.defaultStartLevel=4 -Declipse.product=org.eclipse.jdt.ls.core.product -Djava.import.generatesMetadataFilesAtProjectRoot=false -DDetectVMInstallationsJob.disabled=true -Dfile.encoding=utf8 -XX:+UseParallelGC -XX:GCTimeRatio=4 -XX:AdaptiveSizePolicyWeight=90 -Dsun.zip.disableMemoryMapping=true -Xmx2G -Xms100m -Xlog:disable -javaagent:c:\Users\PADIL M ZAKI\.vscode\extensions\redhat.java-1.43.1-win32-x64\lombok\lombok-1.18.39-4050.jar -XX:+HeapDumpOnOutOfMemoryError -XX:HeapDumpPath=c:\Users\PADIL M ZAKI\AppData\Roaming\Code\User\workspaceStorage\a62fecfe5c378930e62d3ec62168faec\redhat.java -Daether.dependencyCollector.impl=bf c:\Users\PADIL M ZAKI\.vscode\extensions\redhat.java-1.43.1-win32-x64\server\plugins\org.eclipse.equinox.launcher_1.7.0.v20250519-0528.jar -configuration c:\Users\PADIL M ZAKI\AppData\Roaming\Code\User\globalStorage\redhat.java\1.43.1\config_win -data c:\Users\PADIL M ZAKI\AppData\Roaming\Code\User\workspaceStorage\a62fecfe5c378930e62d3ec62168faec\redhat.java\jdt_ws --pipe=\\.\pipe\lsp-15a359ad333adee3d8793a01ad3e9f8e-sock

Host: AMD Ryzen 5 5625U with Radeon Graphics         , 12 cores, 5G,  Windows 11 , 64 bit Build 26100 (10.0.26100.4484)
Time: Mon Jul  7 03:45:53 2025 SE Asia Standard Time elapsed time: 93.987832 seconds (0d 0h 1m 33s)

---------------  T H R E A D  ---------------

Current thread (0x000001b1c82d2810):  JavaThread "C2 CompilerThread1" daemon [_thread_in_native, id=28464, stack(0x0000009363f00000,0x0000009364000000) (1024K)]


Current CompileTask:
C2:93988 12859   !   4       lombok.core.AST::buildWithField0 (121 bytes)

Stack: [0x0000009363f00000,0x0000009364000000]
Native frames: (J=compiled Java code, j=interpreted, Vv=VM code, C=native code)
V  [jvm.dll+0x6ce119]
V  [jvm.dll+0x8a84a1]
V  [jvm.dll+0x8aa9ce]
V  [jvm.dll+0x8ab0b3]
V  [jvm.dll+0x27f8a6]
V  [jvm.dll+0xc507d]
V  [jvm.dll+0xc55b3]
V  [jvm.dll+0x3b692c]
V  [jvm.dll+0x1e0029]
V  [jvm.dll+0x247c42]
V  [jvm.dll+0x2470cf]
V  [jvm.dll+0x1c760e]
V  [jvm.dll+0x25695a]
V  [jvm.dll+0x254efa]
V  [jvm.dll+0x3f03f6]
V  [jvm.dll+0x851f6b]
V  [jvm.dll+0x6cc7dd]
C  [ucrtbase.dll+0x37b0]
C  [KERNEL32.DLL+0x2e8d7]
C  [ntdll.dll+0x3c34c]


---------------  P R O C E S S  ---------------

Threads class SMR info:
_java_thread_list=0x000001b1d0c9da60, length=79, elements={
0x000001b1e671ce60, 0x000001b1e67c4380, 0x000001b1e66ce460, 0x000001b1e67c70b0,
0x000001b1e67c9b10, 0x000001b1e67ccb60, 0x000001b1e67d0a80, 0x000001b1e67d4fe0,
0x000001b1fe42a010, 0x000001b1fe4f6010, 0x000001b1fe752eb0, 0x000001b1ffb36e30,
0x000001b1fe4a8930, 0x000001b1fe4dcc30, 0x000001b1fe568990, 0x000001b1ffb1dc50,
0x000001b1ffb7c6a0, 0x000001b1c52ad3e0, 0x000001b1c52ada70, 0x000001b1c52ae100,
0x000001b1c52afb40, 0x000001b1c52aee20, 0x000001b1c52ae790, 0x000001b1c52af4b0,
0x000001b1c5894fa0, 0x000001b1c5894910, 0x000001b1c5895630, 0x000001b1c58921b0,
0x000001b1c5892840, 0x000001b1c5893560, 0x000001b1c5893bf0, 0x000001b1c5895cc0,
0x000001b1c5894280, 0x000001b1c5892ed0, 0x000001b1c5897d90, 0x000001b1c5898420,
0x000001b1c5896350, 0x000001b1c5898ab0, 0x000001b1c5899140, 0x000001b1c58997d0,
0x000001b1c58969e0, 0x000001b1c5897070, 0x000001b1c5897700, 0x000001b1c5610d70,
0x000001b1c56134d0, 0x000001b1c5612120, 0x000001b1c5611a90, 0x000001b1c56127b0,
0x000001b1c5610050, 0x000001b1c56141f0, 0x000001b1c5614880, 0x000001b1c5614f10,
0x000001b1c5615c30, 0x000001b1c5616950, 0x000001b1c5616fe0, 0x000001b1c56162c0,
0x000001b1c56155a0, 0x000001b1c7a450c0, 0x000001b1c7a47eb0, 0x000001b1c7a48540,
0x000001b1c7a46470, 0x000001b1c7a45750, 0x000001b1c7a46b00, 0x000001b1c7a47190,
0x000001b1c7a45de0, 0x000001b1c7a4aca0, 0x000001b1c7a48bd0, 0x000001b1c7a49260,
0x000001b1c7a49f80, 0x000001b1c7a47820, 0x000001b1c7a4b330, 0x000001b1c7a4b9c0,
0x000001b1c7a4c050, 0x000001b1c7a4c6e0, 0x000001b1c80e6f50, 0x000001b1c80e6230,
0x000001b1c80e5510, 0x000001b1c80e5ba0, 0x000001b1c82d2810
}

Java Threads: ( => current thread )
  0x000001b1e671ce60 JavaThread "main"                              [_thread_blocked, id=19296, stack(0x0000009360400000,0x0000009360500000) (1024K)]
  0x000001b1e67c4380 JavaThread "Reference Handler"          daemon [_thread_blocked, id=22884, stack(0x0000009360800000,0x0000009360900000) (1024K)]
  0x000001b1e66ce460 JavaThread "Finalizer"                  daemon [_thread_blocked, id=32340, stack(0x0000009360900000,0x0000009360a00000) (1024K)]
  0x000001b1e67c70b0 JavaThread "Signal Dispatcher"          daemon [_thread_blocked, id=25908, stack(0x0000009360a00000,0x0000009360b00000) (1024K)]
  0x000001b1e67c9b10 JavaThread "Attach Listener"            daemon [_thread_blocked, id=28788, stack(0x0000009360b00000,0x0000009360c00000) (1024K)]
  0x000001b1e67ccb60 JavaThread "Service Thread"             daemon [_thread_blocked, id=28476, stack(0x0000009360c00000,0x0000009360d00000) (1024K)]
  0x000001b1e67d0a80 JavaThread "Monitor Deflation Thread"   daemon [_thread_blocked, id=31908, stack(0x0000009360d00000,0x0000009360e00000) (1024K)]
  0x000001b1e67d4fe0 JavaThread "C2 CompilerThread0"         daemon [_thread_in_native, id=30764, stack(0x0000009360e00000,0x0000009360f00000) (1024K)]
  0x000001b1fe42a010 JavaThread "C1 CompilerThread0"         daemon [_thread_blocked, id=23212, stack(0x0000009360f00000,0x0000009361000000) (1024K)]
  0x000001b1fe4f6010 JavaThread "Common-Cleaner"             daemon [_thread_blocked, id=31800, stack(0x0000009361000000,0x0000009361100000) (1024K)]
  0x000001b1fe752eb0 JavaThread "Notification Thread"        daemon [_thread_blocked, id=31884, stack(0x0000009361100000,0x0000009361200000) (1024K)]
  0x000001b1ffb36e30 JavaThread "Active Thread: Equinox Container: 97faf77b-cb9e-40e5-9e68-9b8fae8e833f"        [_thread_blocked, id=30692, stack(0x0000009361900000,0x0000009361a00000) (1024K)]
  0x000001b1fe4a8930 JavaThread "Refresh Thread: Equinox Container: 97faf77b-cb9e-40e5-9e68-9b8fae8e833f" daemon [_thread_blocked, id=23464, stack(0x0000009361a00000,0x0000009361b00000) (1024K)]
  0x000001b1fe4dcc30 JavaThread "Framework Event Dispatcher: Equinox Container: 97faf77b-cb9e-40e5-9e68-9b8fae8e833f" daemon [_thread_blocked, id=1724, stack(0x0000009361b00000,0x0000009361c00000) (1024K)]
  0x000001b1fe568990 JavaThread "Start Level: Equinox Container: 97faf77b-cb9e-40e5-9e68-9b8fae8e833f" daemon [_thread_blocked, id=17828, stack(0x0000009361c00000,0x0000009361d00000) (1024K)]
  0x000001b1ffb1dc50 JavaThread "Bundle File Closer"         daemon [_thread_blocked, id=29468, stack(0x0000009361f00000,0x0000009362000000) (1024K)]
  0x000001b1ffb7c6a0 JavaThread "SCR Component Actor"        daemon [_thread_blocked, id=15404, stack(0x0000009362000000,0x0000009362100000) (1024K)]
  0x000001b1c52ad3e0 JavaThread "Worker-JM"                         [_thread_blocked, id=31944, stack(0x0000009362200000,0x0000009362300000) (1024K)]
  0x000001b1c52ada70 JavaThread "JNA Cleaner"                daemon [_thread_blocked, id=13104, stack(0x0000009362300000,0x0000009362400000) (1024K)]
  0x000001b1c52ae100 JavaThread "Worker-0"                          [_thread_blocked, id=30520, stack(0x0000009362400000,0x0000009362500000) (1024K)]
  0x000001b1c52afb40 JavaThread "Worker-1: Initialize workspace"        [_thread_blocked, id=28244, stack(0x0000009362500000,0x0000009362600000) (1024K)]
  0x000001b1c52aee20 JavaThread "Worker-2"                          [_thread_blocked, id=7172, stack(0x0000009362700000,0x0000009362800000) (1024K)]
  0x000001b1c52ae790 JavaThread "Java indexing"              daemon [_thread_blocked, id=33496, stack(0x0000009362600000,0x0000009362700000) (1024K)]
  0x000001b1c52af4b0 JavaThread "Worker-3"                          [_thread_blocked, id=10012, stack(0x0000009362a00000,0x0000009362b00000) (1024K)]
  0x000001b1c5894fa0 JavaThread "Worker-4"                          [_thread_blocked, id=28832, stack(0x0000009362b00000,0x0000009362c00000) (1024K)]
  0x000001b1c5894910 JavaThread "Thread-2"                   daemon [_thread_in_native, id=4880, stack(0x0000009362c00000,0x0000009362d00000) (1024K)]
  0x000001b1c5895630 JavaThread "Thread-3"                   daemon [_thread_in_native, id=33076, stack(0x0000009362d00000,0x0000009362e00000) (1024K)]
  0x000001b1c58921b0 JavaThread "Thread-4"                   daemon [_thread_in_native, id=21352, stack(0x0000009362e00000,0x0000009362f00000) (1024K)]
  0x000001b1c5892840 JavaThread "Thread-5"                   daemon [_thread_in_native, id=33244, stack(0x0000009362f00000,0x0000009363000000) (1024K)]
  0x000001b1c5893560 JavaThread "Thread-6"                   daemon [_thread_in_native, id=32368, stack(0x0000009363000000,0x0000009363100000) (1024K)]
  0x000001b1c5893bf0 JavaThread "Thread-7"                   daemon [_thread_in_native, id=26548, stack(0x0000009363100000,0x0000009363200000) (1024K)]
  0x000001b1c5895cc0 JavaThread "Thread-8"                   daemon [_thread_in_native, id=32284, stack(0x0000009363200000,0x0000009363300000) (1024K)]
  0x000001b1c5894280 JavaThread "Thread-9"                   daemon [_thread_in_native, id=30304, stack(0x0000009363300000,0x0000009363400000) (1024K)]
  0x000001b1c5892ed0 JavaThread "Thread-10"                  daemon [_thread_in_native, id=20184, stack(0x0000009363400000,0x0000009363500000) (1024K)]
  0x000001b1c5897d90 JavaThread "Thread-11"                  daemon [_thread_in_native, id=24528, stack(0x0000009363500000,0x0000009363600000) (1024K)]
  0x000001b1c5898420 JavaThread "Thread-12"                  daemon [_thread_in_native, id=30260, stack(0x0000009363600000,0x0000009363700000) (1024K)]
  0x000001b1c5896350 JavaThread "Thread-13"                  daemon [_thread_in_native, id=11020, stack(0x0000009363700000,0x0000009363800000) (1024K)]
  0x000001b1c5898ab0 JavaThread "Thread-14"                  daemon [_thread_in_native, id=3796, stack(0x0000009363800000,0x0000009363900000) (1024K)]
  0x000001b1c5899140 JavaThread "pool-2-thread-1"                   [_thread_blocked, id=30828, stack(0x0000009363900000,0x0000009363a00000) (1024K)]
  0x000001b1c58997d0 JavaThread "WorkspaceEventsHandler"            [_thread_blocked, id=26016, stack(0x0000009363a00000,0x0000009363b00000) (1024K)]
  0x000001b1c58969e0 JavaThread "pool-1-thread-1"                   [_thread_in_Java, id=33312, stack(0x0000009363b00000,0x0000009363c00000) (1024K)]
  0x000001b1c5897070 JavaThread "Worker-5"                          [_thread_blocked, id=30244, stack(0x0000009363c00000,0x0000009363d00000) (1024K)]
  0x000001b1c5897700 JavaThread "Worker-6"                          [_thread_blocked, id=22924, stack(0x0000009363d00000,0x0000009363e00000) (1024K)]
  0x000001b1c5610d70 JavaThread "LocalFile Deleter"          daemon [_thread_blocked, id=30728, stack(0x0000009364000000,0x0000009364100000) (1024K)]
  0x000001b1c56134d0 JavaThread "LocalFile Deleter"          daemon [_thread_blocked, id=33120, stack(0x0000009364100000,0x0000009364200000) (1024K)]
  0x000001b1c5612120 JavaThread "LocalFile Deleter"          daemon [_thread_blocked, id=29104, stack(0x0000009364200000,0x0000009364300000) (1024K)]
  0x000001b1c5611a90 JavaThread "LocalFile Deleter"          daemon [_thread_blocked, id=21660, stack(0x0000009364300000,0x0000009364400000) (1024K)]
  0x000001b1c56127b0 JavaThread "Compiler Source File Reader" daemon [_thread_blocked, id=21412, stack(0x0000009364400000,0x0000009364500000) (1024K)]
  0x000001b1c5610050 JavaThread "Compiler Processing Task"   daemon [_thread_blocked, id=31872, stack(0x0000009364500000,0x0000009364600000) (1024K)]
  0x000001b1c56141f0 JavaThread "Compiler Class File Writer" daemon [_thread_blocked, id=15616, stack(0x0000009364600000,0x0000009364700000) (1024K)]
  0x000001b1c5614880 JavaThread "LocalFile Deleter"          daemon [_thread_blocked, id=6424, stack(0x0000009364700000,0x0000009364800000) (1024K)]
  0x000001b1c5614f10 JavaThread "LocalFile Deleter"          daemon [_thread_blocked, id=20996, stack(0x0000009364800000,0x0000009364900000) (1024K)]
  0x000001b1c5615c30 JavaThread "LocalFile Deleter"          daemon [_thread_blocked, id=29840, stack(0x0000009364900000,0x0000009364a00000) (1024K)]
  0x000001b1c5616950 JavaThread "LocalFile Deleter"          daemon [_thread_blocked, id=29328, stack(0x0000009364a00000,0x0000009364b00000) (1024K)]
  0x000001b1c5616fe0 JavaThread "LocalFile Deleter"          daemon [_thread_blocked, id=13700, stack(0x0000009364b00000,0x0000009364c00000) (1024K)]
  0x000001b1c56162c0 JavaThread "LocalFile Deleter"          daemon [_thread_blocked, id=25540, stack(0x0000009364c00000,0x0000009364d00000) (1024K)]
  0x000001b1c56155a0 JavaThread "LocalFile Deleter"          daemon [_thread_blocked, id=18512, stack(0x0000009364d00000,0x0000009364e00000) (1024K)]
  0x000001b1c7a450c0 JavaThread "LocalFile Deleter"          daemon [_thread_blocked, id=33472, stack(0x0000009364e00000,0x0000009364f00000) (1024K)]
  0x000001b1c7a47eb0 JavaThread "Compiler Source File Reader" daemon [_thread_blocked, id=28092, stack(0x0000009364f00000,0x0000009365000000) (1024K)]
  0x000001b1c7a48540 JavaThread "Compiler Source File Reader" daemon [_thread_blocked, id=17720, stack(0x0000009365000000,0x0000009365100000) (1024K)]
  0x000001b1c7a46470 JavaThread "Compiler Source File Reader" daemon [_thread_blocked, id=21596, stack(0x0000009365100000,0x0000009365200000) (1024K)]
  0x000001b1c7a45750 JavaThread "Compiler Source File Reader" daemon [_thread_blocked, id=31576, stack(0x0000009365200000,0x0000009365300000) (1024K)]
  0x000001b1c7a46b00 JavaThread "Compiler Source File Reader" daemon [_thread_blocked, id=32680, stack(0x0000009365300000,0x0000009365400000) (1024K)]
  0x000001b1c7a47190 JavaThread "Compiler Source File Reader" daemon [_thread_blocked, id=23272, stack(0x0000009365400000,0x0000009365500000) (1024K)]
  0x000001b1c7a45de0 JavaThread "Compiler Source File Reader" daemon [_thread_blocked, id=32412, stack(0x0000009365500000,0x0000009365600000) (1024K)]
  0x000001b1c7a4aca0 JavaThread "Compiler Source File Reader" daemon [_thread_blocked, id=12880, stack(0x0000009365600000,0x0000009365700000) (1024K)]
  0x000001b1c7a48bd0 JavaThread "Compiler Source File Reader" daemon [_thread_blocked, id=32956, stack(0x0000009365700000,0x0000009365800000) (1024K)]
  0x000001b1c7a49260 JavaThread "Compiler Class File Writer" daemon [_thread_blocked, id=30800, stack(0x0000009365800000,0x0000009365900000) (1024K)]
  0x000001b1c7a49f80 JavaThread "Compiler Class File Writer" daemon [_thread_blocked, id=32196, stack(0x0000009365900000,0x0000009365a00000) (1024K)]
  0x000001b1c7a47820 JavaThread "Compiler Class File Writer" daemon [_thread_blocked, id=25824, stack(0x0000009365a00000,0x0000009365b00000) (1024K)]
  0x000001b1c7a4b330 JavaThread "Compiler Class File Writer" daemon [_thread_blocked, id=24796, stack(0x0000009365b00000,0x0000009365c00000) (1024K)]
  0x000001b1c7a4b9c0 JavaThread "Compiler Class File Writer" daemon [_thread_blocked, id=27464, stack(0x0000009365c00000,0x0000009365d00000) (1024K)]
  0x000001b1c7a4c050 JavaThread "Compiler Class File Writer" daemon [_thread_blocked, id=13552, stack(0x0000009365d00000,0x0000009365e00000) (1024K)]
  0x000001b1c7a4c6e0 JavaThread "Compiler Class File Writer" daemon [_thread_blocked, id=29152, stack(0x0000009365e00000,0x0000009365f00000) (1024K)]
  0x000001b1c80e6f50 JavaThread "Compiler Class File Writer" daemon [_thread_blocked, id=7848, stack(0x0000009365f00000,0x0000009366000000) (1024K)]
  0x000001b1c80e6230 JavaThread "Compiler Class File Writer" daemon [_thread_blocked, id=29376, stack(0x0000009366000000,0x0000009366100000) (1024K)]
  0x000001b1c80e5510 JavaThread "ForkJoinPool.commonPool-worker-1" daemon [_thread_blocked, id=21436, stack(0x0000009360300000,0x0000009360400000) (1024K)]
  0x000001b1c80e5ba0 JavaThread "ForkJoinPool.commonPool-worker-2" daemon [_thread_blocked, id=1952, stack(0x0000009362100000,0x0000009362200000) (1024K)]
=>0x000001b1c82d2810 JavaThread "C2 CompilerThread1"         daemon [_thread_in_native, id=28464, stack(0x0000009363f00000,0x0000009364000000) (1024K)]
Total: 79

Other Threads:
  0x000001b1e66b49f0 VMThread "VM Thread"                           [id=13960, stack(0x0000009360700000,0x0000009360800000) (1024K)]
  0x000001b1e678d200 WatcherThread "VM Periodic Task Thread"        [id=33240, stack(0x0000009360600000,0x0000009360700000) (1024K)]
  0x000001b1e673b850 WorkerThread "GC Thread#0"                     [id=28884, stack(0x0000009360500000,0x0000009360600000) (1024K)]
  0x000001b1ff7490b0 WorkerThread "GC Thread#1"                     [id=28932, stack(0x0000009361300000,0x0000009361400000) (1024K)]
  0x000001b1ff3c8c90 WorkerThread "GC Thread#2"                     [id=30620, stack(0x0000009361400000,0x0000009361500000) (1024K)]
  0x000001b1c504afd0 WorkerThread "GC Thread#3"                     [id=16056, stack(0x0000009361500000,0x0000009361600000) (1024K)]
  0x000001b1c504b370 WorkerThread "GC Thread#4"                     [id=29384, stack(0x0000009361600000,0x0000009361700000) (1024K)]
  0x000001b1c504b710 WorkerThread "GC Thread#5"                     [id=32008, stack(0x0000009361700000,0x0000009361800000) (1024K)]
  0x000001b1c504bab0 WorkerThread "GC Thread#6"                     [id=27996, stack(0x0000009361800000,0x0000009361900000) (1024K)]
  0x000001b1ff9f45b0 WorkerThread "GC Thread#7"                     [id=32880, stack(0x0000009361200000,0x0000009361300000) (1024K)]
  0x000001b1ffafb840 WorkerThread "GC Thread#8"                     [id=29312, stack(0x0000009361d00000,0x0000009361e00000) (1024K)]
  0x000001b1c5219f30 WorkerThread "GC Thread#9"                     [id=4180, stack(0x0000009361e00000,0x0000009361f00000) (1024K)]
Total: 12

Threads with active compile tasks:
C2 CompilerThread0  94076 12858       4       lombok.core.AST::buildWithField (21 bytes)
C2 CompilerThread1  94076 12859   !   4       lombok.core.AST::buildWithField0 (121 bytes)
Total: 2

VM state: not at safepoint (normal execution)

VM Mutex/Monitor currently owned by a thread: None

Heap address: 0x0000000080000000, size: 2048 MB, Compressed Oops mode: 32-bit

CDS archive(s) mapped at: [0x000001b180000000-0x000001b180ba0000-0x000001b180ba0000), size 12189696, SharedBaseAddress: 0x000001b180000000, ArchiveRelocationMode: 1.
Compressed class space mapped at: 0x000001b181000000-0x000001b1c1000000, reserved size: 1073741824
Narrow klass base: 0x000001b180000000, Narrow klass shift: 0, Narrow klass range: 0x100000000

GC Precious Log:
 CardTable entry size: 512
 CPUs: 12 total, 12 available
 Memory: 5989M
 Large Page Support: Disabled
 NUMA Support: Disabled
 Compressed Oops: Enabled (32-bit)
 Alignments: Space 512K, Generation 512K, Heap 2M
 Heap Min Capacity: 100M
 Heap Initial Capacity: 100M
 Heap Max Capacity: 2G
 Pre-touch: Disabled
 Parallel Workers: 10

Heap:
 PSYoungGen      total 4608K, used 2121K [0x00000000d5580000, 0x00000000d5c00000, 0x0000000100000000)
  eden space 3584K, 34% used [0x00000000d5580000,0x00000000d56b2668,0x00000000d5900000)
  from space 1024K, 87% used [0x00000000d5a80000,0x00000000d5b60020,0x00000000d5b80000)
  to   space 512K, 0% used [0x00000000d5b80000,0x00000000d5b80000,0x00000000d5c00000)
 ParOldGen       total 209408K, used 200590K [0x0000000080000000, 0x000000008cc80000, 0x00000000d5580000)
  object space 209408K, 95% used [0x0000000080000000,0x000000008c3e3938,0x000000008cc80000)
 Metaspace       used 69987K, committed 71552K, reserved 1114112K
  class space    used 7256K, committed 7936K, reserved 1048576K

Card table byte_map: [0x000001b1e60c0000,0x000001b1e64d0000] _byte_map_base: 0x000001b1e5cc0000

Marking Bits: (ParMarkBitMap*) 0x00007ffb193931f0
 Begin Bits: [0x000001b1f8bc0000, 0x000001b1fabc0000)
 End Bits:   [0x000001b1fabc0000, 0x000001b1fcbc0000)

Polling page: 0x000001b1e44d0000

Metaspace:

Usage:
  Non-class:     61.26 MB used.
      Class:      7.09 MB used.
       Both:     68.35 MB used.

Virtual space:
  Non-class space:       64.00 MB reserved,      62.12 MB ( 97%) committed,  1 nodes.
      Class space:        1.00 GB reserved,       7.75 MB ( <1%) committed,  1 nodes.
             Both:        1.06 GB reserved,      69.88 MB (  6%) committed. 

Chunk freelists:
   Non-Class:  1.20 MB
       Class:  8.20 MB
        Both:  9.40 MB

MaxMetaspaceSize: unlimited
CompressedClassSpaceSize: 1.00 GB
Initial GC threshold: 21.00 MB
Current GC threshold: 115.75 MB
CDS: on
 - commit_granule_bytes: 65536.
 - commit_granule_words: 8192.
 - virtual_space_node_default_size: 8388608.
 - enlarge_chunks_in_place: 1.
 - use_allocation_guard: 0.


Internal statistics:

num_allocs_failed_limit: 9.
num_arena_births: 1318.
num_arena_deaths: 20.
num_vsnodes_births: 2.
num_vsnodes_deaths: 0.
num_space_committed: 1118.
num_space_uncommitted: 0.
num_chunks_returned_to_freelist: 31.
num_chunks_taken_from_freelist: 4598.
num_chunk_merges: 15.
num_chunk_splits: 2726.
num_chunks_enlarged: 1445.
num_inconsistent_stats: 0.

CodeHeap 'non-profiled nmethods': size=120000Kb used=6703Kb max_used=6703Kb free=113296Kb
 bounds [0x000001b1f13e0000, 0x000001b1f1a70000, 0x000001b1f8910000]
CodeHeap 'profiled nmethods': size=120000Kb used=23910Kb max_used=24754Kb free=96089Kb
 bounds [0x000001b1e9910000, 0x000001b1eb140000, 0x000001b1f0e40000]
CodeHeap 'non-nmethods': size=5760Kb used=1496Kb max_used=1558Kb free=4264Kb
 bounds [0x000001b1f0e40000, 0x000001b1f10b0000, 0x000001b1f13e0000]
 total_blobs=12251 nmethods=11444 adapters=710
 compilation: enabled
              stopped_count=0, restarted_count=0
 full_count=0

Compilation events (20 events):
Event: 92.979 Thread 0x000001b1fe42a010 nmethod 13148 0x000001b1e9b1aa10 code [0x000001b1e9b1ad80, 0x000001b1e9b1be78]
Event: 92.979 Thread 0x000001b1fe42a010 13151       3       lombok.eclipse.agent.PatchVal::couldBe (291 bytes)
Event: 92.981 Thread 0x000001b1fe42a010 nmethod 13151 0x000001b1ea558790 code [0x000001b1ea558ac0, 0x000001b1ea559fd8]
Event: 92.981 Thread 0x000001b1fe42a010 13152       2       org.eclipse.jdt.internal.compiler.SourceElementParser::consumeExitVariableWithInitialization (70 bytes)
Event: 92.982 Thread 0x000001b1fe42a010 nmethod 13152 0x000001b1ea30c690 code [0x000001b1ea30c860, 0x000001b1ea30caa8]
Event: 92.982 Thread 0x000001b1fe42a010 13149       2       org.eclipse.jdt.internal.compiler.SourceElementParser::consumeMethodInvocationPrimary (61 bytes)
Event: 92.982 Thread 0x000001b1fe42a010 nmethod 13149 0x000001b1ea319e90 code [0x000001b1ea31a060, 0x000001b1ea31a288]
Event: 92.982 Thread 0x000001b1fe42a010 13150       2       org.eclipse.jdt.internal.core.util.CommentRecorderParser::initialize (10 bytes)
Event: 92.982 Thread 0x000001b1fe42a010 nmethod 13150 0x000001b1ea304190 code [0x000001b1ea304340, 0x000001b1ea304490]
Event: 92.985 Thread 0x000001b1fe42a010 13153       2       java.lang.invoke.LambdaForm$DMH/0x000001b181798800::newInvokeSpecial (27 bytes)
Event: 92.985 Thread 0x000001b1fe42a010 nmethod 13153 0x000001b1ea387390 code [0x000001b1ea387540, 0x000001b1ea387678]
Event: 92.985 Thread 0x000001b1fe42a010 13155       2       org.eclipse.core.internal.resources.Filter::filterExcludes (158 bytes)
Event: 92.986 Thread 0x000001b1fe42a010 nmethod 13155 0x000001b1ea2e8110 code [0x000001b1ea2e8360, 0x000001b1ea2e8bb8]
Event: 92.986 Thread 0x000001b1fe42a010 13154       2       org.eclipse.core.internal.resources.Filter::filterIncludes (168 bytes)
Event: 92.987 Thread 0x000001b1fe42a010 nmethod 13154 0x000001b1ea6b8990 code [0x000001b1ea6b8be0, 0x000001b1ea6b9500]
Event: 92.987 Thread 0x000001b1fe42a010 13156       2       org.eclipse.core.internal.resources.RegexFileInfoMatcher::<init> (10 bytes)
Event: 92.988 Thread 0x000001b1fe42a010 nmethod 13156 0x000001b1ea595310 code [0x000001b1ea5954a0, 0x000001b1ea5955c0]
Event: 92.988 Thread 0x000001b1fe42a010 13157       2       org.eclipse.core.resources.filtermatchers.AbstractFileInfoMatcher::<init> (5 bytes)
Event: 92.988 Thread 0x000001b1fe42a010 nmethod 13157 0x000001b1ea5bf110 code [0x000001b1ea5bf2a0, 0x000001b1ea5bf3a8]
Event: 92.988 Thread 0x000001b1fe42a010 13159   !   2       org.eclipse.core.internal.registry.ConfigurationElement::createExecutableExtension (419 bytes)

GC Heap History (20 events):
Event: 80.432 GC heap before
{Heap before GC invocations=801 (full 4):
 PSYoungGen      total 4096K, used 3523K [0x00000000d5580000, 0x00000000d5b80000, 0x0000000100000000)
  eden space 2048K, 100% used [0x00000000d5580000,0x00000000d5780000,0x00000000d5780000)
  from space 2048K, 72% used [0x00000000d5980000,0x00000000d5af0f30,0x00000000d5b80000)
  to   space 2048K, 0% used [0x00000000d5780000,0x00000000d5780000,0x00000000d5980000)
 ParOldGen       total 209408K, used 192631K [0x0000000080000000, 0x000000008cc80000, 0x00000000d5580000)
  object space 209408K, 91% used [0x0000000080000000,0x000000008bc1de00,0x000000008cc80000)
 Metaspace       used 69743K, committed 71296K, reserved 1114112K
  class space    used 7251K, committed 7936K, reserved 1048576K
}
Event: 80.435 GC heap after
{Heap after GC invocations=801 (full 4):
 PSYoungGen      total 4096K, used 1998K [0x00000000d5580000, 0x00000000d5d00000, 0x0000000100000000)
  eden space 2048K, 0% used [0x00000000d5580000,0x00000000d5580000,0x00000000d5780000)
  from space 2048K, 97% used [0x00000000d5780000,0x00000000d5973bb0,0x00000000d5980000)
  to   space 2560K, 0% used [0x00000000d5a80000,0x00000000d5a80000,0x00000000d5d00000)
 ParOldGen       total 209408K, used 192631K [0x0000000080000000, 0x000000008cc80000, 0x00000000d5580000)
  object space 209408K, 91% used [0x0000000080000000,0x000000008bc1de00,0x000000008cc80000)
 Metaspace       used 69743K, committed 71296K, reserved 1114112K
  class space    used 7251K, committed 7936K, reserved 1048576K
}
Event: 80.451 GC heap before
{Heap before GC invocations=802 (full 4):
 PSYoungGen      total 4096K, used 4046K [0x00000000d5580000, 0x00000000d5d00000, 0x0000000100000000)
  eden space 2048K, 100% used [0x00000000d5580000,0x00000000d5780000,0x00000000d5780000)
  from space 2048K, 97% used [0x00000000d5780000,0x00000000d5973bb0,0x00000000d5980000)
  to   space 2560K, 0% used [0x00000000d5a80000,0x00000000d5a80000,0x00000000d5d00000)
 ParOldGen       total 209408K, used 192631K [0x0000000080000000, 0x000000008cc80000, 0x00000000d5580000)
  object space 209408K, 91% used [0x0000000080000000,0x000000008bc1de00,0x000000008cc80000)
 Metaspace       used 69743K, committed 71296K, reserved 1114112K
  class space    used 7251K, committed 7936K, reserved 1048576K
}
Event: 80.456 GC heap after
{Heap after GC invocations=802 (full 4):
 PSYoungGen      total 5120K, used 2208K [0x00000000d5580000, 0x00000000d5d00000, 0x0000000100000000)
  eden space 2560K, 0% used [0x00000000d5580000,0x00000000d5580000,0x00000000d5800000)
  from space 2560K, 86% used [0x00000000d5a80000,0x00000000d5ca8000,0x00000000d5d00000)
  to   space 2560K, 0% used [0x00000000d5800000,0x00000000d5800000,0x00000000d5a80000)
 ParOldGen       total 209408K, used 194574K [0x0000000080000000, 0x000000008cc80000, 0x00000000d5580000)
  object space 209408K, 92% used [0x0000000080000000,0x000000008be039b0,0x000000008cc80000)
 Metaspace       used 69743K, committed 71296K, reserved 1114112K
  class space    used 7251K, committed 7936K, reserved 1048576K
}
Event: 80.492 GC heap before
{Heap before GC invocations=803 (full 4):
 PSYoungGen      total 5120K, used 4768K [0x00000000d5580000, 0x00000000d5d00000, 0x0000000100000000)
  eden space 2560K, 100% used [0x00000000d5580000,0x00000000d5800000,0x00000000d5800000)
  from space 2560K, 86% used [0x00000000d5a80000,0x00000000d5ca8000,0x00000000d5d00000)
  to   space 2560K, 0% used [0x00000000d5800000,0x00000000d5800000,0x00000000d5a80000)
 ParOldGen       total 209408K, used 194574K [0x0000000080000000, 0x000000008cc80000, 0x00000000d5580000)
  object space 209408K, 92% used [0x0000000080000000,0x000000008be039b0,0x000000008cc80000)
 Metaspace       used 69763K, committed 71296K, reserved 1114112K
  class space    used 7251K, committed 7936K, reserved 1048576K
}
Event: 80.497 GC heap after
{Heap after GC invocations=803 (full 4):
 PSYoungGen      total 5120K, used 1258K [0x00000000d5580000, 0x00000000d5c80000, 0x0000000100000000)
  eden space 2560K, 0% used [0x00000000d5580000,0x00000000d5580000,0x00000000d5800000)
  from space 2560K, 49% used [0x00000000d5800000,0x00000000d593ab10,0x00000000d5a80000)
  to   space 2048K, 0% used [0x00000000d5a80000,0x00000000d5a80000,0x00000000d5c80000)
 ParOldGen       total 209408K, used 196654K [0x0000000080000000, 0x000000008cc80000, 0x00000000d5580000)
  object space 209408K, 93% used [0x0000000080000000,0x000000008c00b9b0,0x000000008cc80000)
 Metaspace       used 69763K, committed 71296K, reserved 1114112K
  class space    used 7251K, committed 7936K, reserved 1048576K
}
Event: 80.633 GC heap before
{Heap before GC invocations=804 (full 4):
 PSYoungGen      total 5120K, used 3818K [0x00000000d5580000, 0x00000000d5c80000, 0x0000000100000000)
  eden space 2560K, 100% used [0x00000000d5580000,0x00000000d5800000,0x00000000d5800000)
  from space 2560K, 49% used [0x00000000d5800000,0x00000000d593ab10,0x00000000d5a80000)
  to   space 2048K, 0% used [0x00000000d5a80000,0x00000000d5a80000,0x00000000d5c80000)
 ParOldGen       total 209408K, used 196654K [0x0000000080000000, 0x000000008cc80000, 0x00000000d5580000)
  object space 209408K, 93% used [0x0000000080000000,0x000000008c00b9b0,0x000000008cc80000)
 Metaspace       used 69763K, committed 71296K, reserved 1114112K
  class space    used 7251K, committed 7936K, reserved 1048576K
}
Event: 80.636 GC heap after
{Heap after GC invocations=804 (full 4):
 PSYoungGen      total 4608K, used 1056K [0x00000000d5580000, 0x00000000d5c00000, 0x0000000100000000)
  eden space 3072K, 0% used [0x00000000d5580000,0x00000000d5580000,0x00000000d5880000)
  from space 1536K, 68% used [0x00000000d5a80000,0x00000000d5b88018,0x00000000d5c00000)
  to   space 1536K, 0% used [0x00000000d5900000,0x00000000d5900000,0x00000000d5a80000)
 ParOldGen       total 209408K, used 197734K [0x0000000080000000, 0x000000008cc80000, 0x00000000d5580000)
  object space 209408K, 94% used [0x0000000080000000,0x000000008c1199b0,0x000000008cc80000)
 Metaspace       used 69763K, committed 71296K, reserved 1114112K
  class space    used 7251K, committed 7936K, reserved 1048576K
}
Event: 80.709 GC heap before
{Heap before GC invocations=805 (full 4):
 PSYoungGen      total 4608K, used 4128K [0x00000000d5580000, 0x00000000d5c00000, 0x0000000100000000)
  eden space 3072K, 100% used [0x00000000d5580000,0x00000000d5880000,0x00000000d5880000)
  from space 1536K, 68% used [0x00000000d5a80000,0x00000000d5b88018,0x00000000d5c00000)
  to   space 1536K, 0% used [0x00000000d5900000,0x00000000d5900000,0x00000000d5a80000)
 ParOldGen       total 209408K, used 197734K [0x0000000080000000, 0x000000008cc80000, 0x00000000d5580000)
  object space 209408K, 94% used [0x0000000080000000,0x000000008c1199b0,0x000000008cc80000)
 Metaspace       used 69764K, committed 71296K, reserved 1114112K
  class space    used 7251K, committed 7936K, reserved 1048576K
}
Event: 80.712 GC heap after
{Heap after GC invocations=805 (full 4):
 PSYoungGen      total 5120K, used 1535K [0x00000000d5580000, 0x00000000d5f80000, 0x0000000100000000)
  eden space 3584K, 0% used [0x00000000d5580000,0x00000000d5580000,0x00000000d5900000)
  from space 1536K, 99% used [0x00000000d5900000,0x00000000d5a7fd68,0x00000000d5a80000)
  to   space 3072K, 0% used [0x00000000d5c80000,0x00000000d5c80000,0x00000000d5f80000)
 ParOldGen       total 209408K, used 198694K [0x0000000080000000, 0x000000008cc80000, 0x00000000d5580000)
  object space 209408K, 94% used [0x0000000080000000,0x000000008c209a00,0x000000008cc80000)
 Metaspace       used 69764K, committed 71296K, reserved 1114112K
  class space    used 7251K, committed 7936K, reserved 1048576K
}
Event: 80.859 GC heap before
{Heap before GC invocations=806 (full 4):
 PSYoungGen      total 5120K, used 5119K [0x00000000d5580000, 0x00000000d5f80000, 0x0000000100000000)
  eden space 3584K, 100% used [0x00000000d5580000,0x00000000d5900000,0x00000000d5900000)
  from space 1536K, 99% used [0x00000000d5900000,0x00000000d5a7fd68,0x00000000d5a80000)
  to   space 3072K, 0% used [0x00000000d5c80000,0x00000000d5c80000,0x00000000d5f80000)
 ParOldGen       total 209408K, used 198694K [0x0000000080000000, 0x000000008cc80000, 0x00000000d5580000)
  object space 209408K, 94% used [0x0000000080000000,0x000000008c209a00,0x000000008cc80000)
 Metaspace       used 69776K, committed 71296K, reserved 1114112K
  class space    used 7251K, committed 7936K, reserved 1048576K
}
Event: 80.861 GC heap after
{Heap after GC invocations=806 (full 4):
 PSYoungGen      total 5120K, used 1192K [0x00000000d5580000, 0x00000000d5e00000, 0x0000000100000000)
  eden space 3584K, 0% used [0x00000000d5580000,0x00000000d5580000,0x00000000d5900000)
  from space 1536K, 77% used [0x00000000d5c80000,0x00000000d5daa018,0x00000000d5e00000)
  to   space 2048K, 0% used [0x00000000d5a00000,0x00000000d5a00000,0x00000000d5c00000)
 ParOldGen       total 209408K, used 199611K [0x0000000080000000, 0x000000008cc80000, 0x00000000d5580000)
  object space 209408K, 95% used [0x0000000080000000,0x000000008c2eed80,0x000000008cc80000)
 Metaspace       used 69776K, committed 71296K, reserved 1114112K
  class space    used 7251K, committed 7936K, reserved 1048576K
}
Event: 89.407 GC heap before
{Heap before GC invocations=807 (full 4):
 PSYoungGen      total 5120K, used 4776K [0x00000000d5580000, 0x00000000d5e00000, 0x0000000100000000)
  eden space 3584K, 100% used [0x00000000d5580000,0x00000000d5900000,0x00000000d5900000)
  from space 1536K, 77% used [0x00000000d5c80000,0x00000000d5daa018,0x00000000d5e00000)
  to   space 2048K, 0% used [0x00000000d5a00000,0x00000000d5a00000,0x00000000d5c00000)
 ParOldGen       total 209408K, used 199611K [0x0000000080000000, 0x000000008cc80000, 0x00000000d5580000)
  object space 209408K, 95% used [0x0000000080000000,0x000000008c2eed80,0x000000008cc80000)
 Metaspace       used 69797K, committed 71360K, reserved 1114112K
  class space    used 7252K, committed 7936K, reserved 1048576K
}
Event: 89.411 GC heap after
{Heap after GC invocations=807 (full 4):
 PSYoungGen      total 5632K, used 640K [0x00000000d5580000, 0x00000000d5d00000, 0x0000000100000000)
  eden space 3584K, 0% used [0x00000000d5580000,0x00000000d5580000,0x00000000d5900000)
  from space 2048K, 31% used [0x00000000d5a00000,0x00000000d5aa0000,0x00000000d5c00000)
  to   space 1024K, 0% used [0x00000000d5c00000,0x00000000d5c00000,0x00000000d5d00000)
 ParOldGen       total 209408K, used 200566K [0x0000000080000000, 0x000000008cc80000, 0x00000000d5580000)
  object space 209408K, 95% used [0x0000000080000000,0x000000008c3dd938,0x000000008cc80000)
 Metaspace       used 69797K, committed 71360K, reserved 1114112K
  class space    used 7252K, committed 7936K, reserved 1048576K
}
Event: 92.527 GC heap before
{Heap before GC invocations=808 (full 4):
 PSYoungGen      total 5632K, used 4224K [0x00000000d5580000, 0x00000000d5d00000, 0x0000000100000000)
  eden space 3584K, 100% used [0x00000000d5580000,0x00000000d5900000,0x00000000d5900000)
  from space 2048K, 31% used [0x00000000d5a00000,0x00000000d5aa0000,0x00000000d5c00000)
  to   space 1024K, 0% used [0x00000000d5c00000,0x00000000d5c00000,0x00000000d5d00000)
 ParOldGen       total 209408K, used 200566K [0x0000000080000000, 0x000000008cc80000, 0x00000000d5580000)
  object space 209408K, 95% used [0x0000000080000000,0x000000008c3dd938,0x000000008cc80000)
 Metaspace       used 69815K, committed 71360K, reserved 1114112K
  class space    used 7253K, committed 7936K, reserved 1048576K
}
Event: 92.531 GC heap after
{Heap after GC invocations=808 (full 4):
 PSYoungGen      total 4608K, used 960K [0x00000000d5580000, 0x00000000d5d00000, 0x0000000100000000)
  eden space 3584K, 0% used [0x00000000d5580000,0x00000000d5580000,0x00000000d5900000)
  from space 1024K, 93% used [0x00000000d5c00000,0x00000000d5cf0020,0x00000000d5d00000)
  to   space 1536K, 0% used [0x00000000d5a00000,0x00000000d5a00000,0x00000000d5b80000)
 ParOldGen       total 209408K, used 200566K [0x0000000080000000, 0x000000008cc80000, 0x00000000d5580000)
  object space 209408K, 95% used [0x0000000080000000,0x000000008c3dd938,0x000000008cc80000)
 Metaspace       used 69815K, committed 71360K, reserved 1114112K
  class space    used 7253K, committed 7936K, reserved 1048576K
}
Event: 92.675 GC heap before
{Heap before GC invocations=809 (full 4):
 PSYoungGen      total 4608K, used 4544K [0x00000000d5580000, 0x00000000d5d00000, 0x0000000100000000)
  eden space 3584K, 99% used [0x00000000d5580000,0x00000000d58ffff0,0x00000000d5900000)
  from space 1024K, 93% used [0x00000000d5c00000,0x00000000d5cf0020,0x00000000d5d00000)
  to   space 1536K, 0% used [0x00000000d5a00000,0x00000000d5a00000,0x00000000d5b80000)
 ParOldGen       total 209408K, used 200566K [0x0000000080000000, 0x000000008cc80000, 0x00000000d5580000)
  object space 209408K, 95% used [0x0000000080000000,0x000000008c3dd938,0x000000008cc80000)
 Metaspace       used 69855K, committed 71424K, reserved 1114112K
  class space    used 7254K, committed 7936K, reserved 1048576K
}
Event: 92.680 GC heap after
{Heap after GC invocations=809 (full 4):
 PSYoungGen      total 5120K, used 736K [0x00000000d5580000, 0x00000000d5c80000, 0x0000000100000000)
  eden space 3584K, 0% used [0x00000000d5580000,0x00000000d5580000,0x00000000d5900000)
  from space 1536K, 47% used [0x00000000d5a00000,0x00000000d5ab8020,0x00000000d5b80000)
  to   space 1024K, 0% used [0x00000000d5b80000,0x00000000d5b80000,0x00000000d5c80000)
 ParOldGen       total 209408K, used 200574K [0x0000000080000000, 0x000000008cc80000, 0x00000000d5580000)
  object space 209408K, 95% used [0x0000000080000000,0x000000008c3df938,0x000000008cc80000)
 Metaspace       used 69855K, committed 71424K, reserved 1114112K
  class space    used 7254K, committed 7936K, reserved 1048576K
}
Event: 92.870 GC heap before
{Heap before GC invocations=810 (full 4):
 PSYoungGen      total 5120K, used 4320K [0x00000000d5580000, 0x00000000d5c80000, 0x0000000100000000)
  eden space 3584K, 100% used [0x00000000d5580000,0x00000000d5900000,0x00000000d5900000)
  from space 1536K, 47% used [0x00000000d5a00000,0x00000000d5ab8020,0x00000000d5b80000)
  to   space 1024K, 0% used [0x00000000d5b80000,0x00000000d5b80000,0x00000000d5c80000)
 ParOldGen       total 209408K, used 200574K [0x0000000080000000, 0x000000008cc80000, 0x00000000d5580000)
  object space 209408K, 95% used [0x0000000080000000,0x000000008c3df938,0x000000008cc80000)
 Metaspace       used 69921K, committed 71488K, reserved 1114112K
  class space    used 7256K, committed 7936K, reserved 1048576K
}
Event: 92.874 GC heap after
{Heap after GC invocations=810 (full 4):
 PSYoungGen      total 4608K, used 864K [0x00000000d5580000, 0x00000000d5c80000, 0x0000000100000000)
  eden space 3584K, 0% used [0x00000000d5580000,0x00000000d5580000,0x00000000d5900000)
  from space 1024K, 84% used [0x00000000d5b80000,0x00000000d5c58020,0x00000000d5c80000)
  to   space 1024K, 0% used [0x00000000d5a80000,0x00000000d5a80000,0x00000000d5b80000)
 ParOldGen       total 209408K, used 200582K [0x0000000080000000, 0x000000008cc80000, 0x00000000d5580000)
  object space 209408K, 95% used [0x0000000080000000,0x000000008c3e1938,0x000000008cc80000)
 Metaspace       used 69921K, committed 71488K, reserved 1114112K
  class space    used 7256K, committed 7936K, reserved 1048576K
}

Dll operation events (12 events):
Event: 0.018 Loaded shared library c:\Users\PADIL M ZAKI\.vscode\extensions\redhat.java-1.43.1-win32-x64\jre\21.0.7-win32-x86_64\bin\java.dll
Event: 0.132 Loaded shared library c:\Users\PADIL M ZAKI\.vscode\extensions\redhat.java-1.43.1-win32-x64\jre\21.0.7-win32-x86_64\bin\zip.dll
Event: 0.165 Loaded shared library C:\Users\PADIL M ZAKI\.vscode\extensions\redhat.java-1.43.1-win32-x64\jre\21.0.7-win32-x86_64\bin\instrument.dll
Event: 0.175 Loaded shared library C:\Users\PADIL M ZAKI\.vscode\extensions\redhat.java-1.43.1-win32-x64\jre\21.0.7-win32-x86_64\bin\net.dll
Event: 0.180 Loaded shared library C:\Users\PADIL M ZAKI\.vscode\extensions\redhat.java-1.43.1-win32-x64\jre\21.0.7-win32-x86_64\bin\nio.dll
Event: 0.185 Loaded shared library C:\Users\PADIL M ZAKI\.vscode\extensions\redhat.java-1.43.1-win32-x64\jre\21.0.7-win32-x86_64\bin\zip.dll
Event: 0.212 Loaded shared library C:\Users\PADIL M ZAKI\.vscode\extensions\redhat.java-1.43.1-win32-x64\jre\21.0.7-win32-x86_64\bin\jimage.dll
Event: 0.357 Loaded shared library c:\Users\PADIL M ZAKI\.vscode\extensions\redhat.java-1.43.1-win32-x64\jre\21.0.7-win32-x86_64\bin\verify.dll
Event: 11.956 Loaded shared library C:\Users\PADIL M ZAKI\AppData\Roaming\Code\User\globalStorage\redhat.java\1.43.1\config_win\org.eclipse.equinox.launcher\org.eclipse.equinox.launcher.win32.win32.x86_64_1.2.1300.v20250331-1702\eclipse_11911.dll
Event: 40.021 Loaded shared library C:\Users\PADIL M ZAKI\AppData\Local\Temp\jna-1502444866\jna13223596597157091863.dll
Event: 46.201 Loaded shared library C:\Users\PADIL M ZAKI\.vscode\extensions\redhat.java-1.43.1-win32-x64\jre\21.0.7-win32-x86_64\bin\sunmscapi.dll
Event: 46.564 Loaded shared library C:\Users\PADIL M ZAKI\.vscode\extensions\redhat.java-1.43.1-win32-x64\jre\21.0.7-win32-x86_64\bin\extnet.dll

Deoptimization events (20 events):
Event: 88.217 Thread 0x000001b1c58969e0 Uncommon trap: trap_request=0xffffff45 fr.pc=0x000001b1f17dd9ac relative=0x0000000000000dac
Event: 88.217 Thread 0x000001b1c58969e0 Uncommon trap: reason=unstable_if action=reinterpret pc=0x000001b1f17dd9ac method=org.eclipse.jdt.core.Signature.encodeQualifiedName([CIILjava/lang/StringBuilder;)I @ 16 c2
Event: 88.217 Thread 0x000001b1c58969e0 DEOPT PACKING pc=0x000001b1f17dd9ac sp=0x0000009363bfd9d0
Event: 88.217 Thread 0x000001b1c58969e0 DEOPT UNPACKING pc=0x000001b1f0e93aa2 sp=0x0000009363bfd9b0 mode 2
Event: 92.522 Thread 0x000001b1c52af4b0 DEOPT PACKING pc=0x000001b1eaa5b6ad sp=0x0000009362afe220
Event: 92.522 Thread 0x000001b1c52af4b0 DEOPT UNPACKING pc=0x000001b1f0e94242 sp=0x0000009362afd6f8 mode 0
Event: 92.552 Thread 0x000001b1c58969e0 Uncommon trap: trap_request=0xffffffde fr.pc=0x000001b1f1956c0c relative=0x0000000000000bcc
Event: 92.552 Thread 0x000001b1c58969e0 Uncommon trap: reason=class_check action=maybe_recompile pc=0x000001b1f1956c0c method=org.eclipse.jdt.internal.compiler.parser.Parser.consumeRule(I)V @ 5691 c2
Event: 92.552 Thread 0x000001b1c58969e0 DEOPT PACKING pc=0x000001b1f1956c0c sp=0x0000009363bfddc0
Event: 92.552 Thread 0x000001b1c58969e0 DEOPT UNPACKING pc=0x000001b1f0e93aa2 sp=0x0000009363bfdd48 mode 2
Event: 92.553 Thread 0x000001b1c58969e0 Uncommon trap: trap_request=0xffffffde fr.pc=0x000001b1f1956c0c relative=0x0000000000000bcc
Event: 92.553 Thread 0x000001b1c58969e0 Uncommon trap: reason=class_check action=maybe_recompile pc=0x000001b1f1956c0c method=org.eclipse.jdt.internal.compiler.parser.Parser.consumeRule(I)V @ 5691 c2
Event: 92.553 Thread 0x000001b1c58969e0 DEOPT PACKING pc=0x000001b1f1956c0c sp=0x0000009363bfddc0
Event: 92.553 Thread 0x000001b1c58969e0 DEOPT UNPACKING pc=0x000001b1f0e93aa2 sp=0x0000009363bfdd48 mode 2
Event: 92.553 Thread 0x000001b1c58969e0 Uncommon trap: trap_request=0xffffffde fr.pc=0x000001b1f1956c0c relative=0x0000000000000bcc
Event: 92.553 Thread 0x000001b1c58969e0 Uncommon trap: reason=class_check action=maybe_recompile pc=0x000001b1f1956c0c method=org.eclipse.jdt.internal.compiler.parser.Parser.consumeRule(I)V @ 5691 c2
Event: 92.553 Thread 0x000001b1c58969e0 DEOPT PACKING pc=0x000001b1f1956c0c sp=0x0000009363bfddc0
Event: 92.553 Thread 0x000001b1c58969e0 DEOPT UNPACKING pc=0x000001b1f0e93aa2 sp=0x0000009363bfdd48 mode 2
Event: 92.606 Thread 0x000001b1c58969e0 DEOPT PACKING pc=0x000001b1eaecad87 sp=0x0000009363bfd940
Event: 92.606 Thread 0x000001b1c58969e0 DEOPT UNPACKING pc=0x000001b1f0e94242 sp=0x0000009363bfce08 mode 0

Classes loaded (20 events):
Event: 60.377 Loading class java/util/Collections$SynchronizedRandomAccessList
Event: 60.379 Loading class java/util/Collections$SynchronizedList
Event: 60.380 Loading class java/util/Collections$SynchronizedList done
Event: 60.380 Loading class java/util/Collections$SynchronizedRandomAccessList done
Event: 60.413 Loading class java/util/concurrent/CompletableFuture$Signaller
Event: 60.414 Loading class java/util/concurrent/CompletableFuture$Signaller done
Event: 60.735 Loading class java/nio/charset/CharacterCodingException
Event: 60.739 Loading class java/nio/charset/CharacterCodingException done
Event: 60.739 Loading class java/io/SequenceInputStream
Event: 60.740 Loading class java/io/SequenceInputStream done
Event: 60.935 Loading class java/util/concurrent/CompletableFuture$UniApply
Event: 60.936 Loading class java/util/concurrent/CompletableFuture$UniCompletion
Event: 60.936 Loading class java/util/concurrent/CompletableFuture$UniCompletion done
Event: 60.936 Loading class java/util/concurrent/CompletableFuture$UniApply done
Event: 60.938 Loading class java/util/concurrent/CompletableFuture$UniAccept
Event: 60.938 Loading class java/util/concurrent/CompletableFuture$UniAccept done
Event: 60.938 Loading class java/util/concurrent/CompletableFuture$UniExceptionally
Event: 60.938 Loading class java/util/concurrent/CompletableFuture$UniExceptionally done
Event: 61.077 Loading class java/lang/UnsupportedClassVersionError
Event: 61.077 Loading class java/lang/UnsupportedClassVersionError done

Classes unloaded (10 events):
Event: 41.989 Thread 0x000001b1e66b49f0 Unloading class 0x000001b1811a4800 'java/lang/invoke/LambdaForm$MH+0x000001b1811a4800'
Event: 41.989 Thread 0x000001b1e66b49f0 Unloading class 0x000001b1811a4400 'java/lang/invoke/LambdaForm$MH+0x000001b1811a4400'
Event: 41.989 Thread 0x000001b1e66b49f0 Unloading class 0x000001b1811a4000 'java/lang/invoke/LambdaForm$MH+0x000001b1811a4000'
Event: 41.989 Thread 0x000001b1e66b49f0 Unloading class 0x000001b1811a3c00 'java/lang/invoke/LambdaForm$MH+0x000001b1811a3c00'
Event: 41.989 Thread 0x000001b1e66b49f0 Unloading class 0x000001b1811a3800 'java/lang/invoke/LambdaForm$BMH+0x000001b1811a3800'
Event: 41.989 Thread 0x000001b1e66b49f0 Unloading class 0x000001b1811a3400 'java/lang/invoke/LambdaForm$DMH+0x000001b1811a3400'
Event: 41.989 Thread 0x000001b1e66b49f0 Unloading class 0x000001b1811a2000 'java/lang/invoke/LambdaForm$DMH+0x000001b1811a2000'
Event: 76.776 Thread 0x000001b1e66b49f0 Unloading class 0x000001b181725000 'java/lang/invoke/LambdaForm$DMH+0x000001b181725000'
Event: 76.776 Thread 0x000001b1e66b49f0 Unloading class 0x000001b181724c00 'java/lang/invoke/LambdaForm$DMH+0x000001b181724c00'
Event: 76.776 Thread 0x000001b1e66b49f0 Unloading class 0x000001b181724800 'java/lang/invoke/LambdaForm$DMH+0x000001b181724800'

Classes redefined (0 events):
No events

Internal exceptions (20 events):
Event: 65.684 Thread 0x000001b1c52ae790 Exception <a 'sun/nio/fs/WindowsException'{0x00000000d566b9c0}> (0x00000000d566b9c0) 
thrown [s\src\hotspot\share\prims\jni.cpp, line 520]
Event: 65.745 Thread 0x000001b1c52ae790 Exception <a 'sun/nio/fs/WindowsException'{0x00000000d559b430}> (0x00000000d559b430) 
thrown [s\src\hotspot\share\prims\jni.cpp, line 520]
Event: 66.824 Thread 0x000001b1c52ae790 Exception <a 'sun/nio/fs/WindowsException'{0x00000000d55fc960}> (0x00000000d55fc960) 
thrown [s\src\hotspot\share\prims\jni.cpp, line 520]
Event: 66.858 Thread 0x000001b1c52ae790 Exception <a 'sun/nio/fs/WindowsException'{0x00000000d5612b28}> (0x00000000d5612b28) 
thrown [s\src\hotspot\share\prims\jni.cpp, line 520]
Event: 68.809 Thread 0x000001b1c52ae790 Exception <a 'sun/nio/fs/WindowsException'{0x00000000d558bcf8}> (0x00000000d558bcf8) 
thrown [s\src\hotspot\share\prims\jni.cpp, line 520]
Event: 68.865 Thread 0x000001b1c52ae790 Exception <a 'sun/nio/fs/WindowsException'{0x00000000d55a3d48}> (0x00000000d55a3d48) 
thrown [s\src\hotspot\share\prims\jni.cpp, line 520]
Event: 69.251 Thread 0x000001b1c52ae790 Exception <a 'sun/nio/fs/WindowsException'{0x00000000d564e780}> (0x00000000d564e780) 
thrown [s\src\hotspot\share\prims\jni.cpp, line 520]
Event: 70.464 Thread 0x000001b1c52ae790 Exception <a 'sun/nio/fs/WindowsException'{0x00000000d55ec8e8}> (0x00000000d55ec8e8) 
thrown [s\src\hotspot\share\prims\jni.cpp, line 520]
Event: 72.255 Thread 0x000001b1c52ae790 Exception <a 'sun/nio/fs/WindowsException'{0x00000000d5591688}> (0x00000000d5591688) 
thrown [s\src\hotspot\share\prims\jni.cpp, line 520]
Event: 72.324 Thread 0x000001b1c52ae790 Exception <a 'sun/nio/fs/WindowsException'{0x00000000d55a9410}> (0x00000000d55a9410) 
thrown [s\src\hotspot\share\prims\jni.cpp, line 520]
Event: 72.432 Thread 0x000001b1c52ae790 Exception <a 'sun/nio/fs/WindowsException'{0x00000000d55f9f00}> (0x00000000d55f9f00) 
thrown [s\src\hotspot\share\prims\jni.cpp, line 520]
Event: 79.528 Thread 0x000001b1c52ae790 Exception <a 'sun/nio/fs/WindowsException'{0x00000000d57389b8}> (0x00000000d57389b8) 
thrown [s\src\hotspot\share\prims\jni.cpp, line 520]
Event: 79.740 Thread 0x000001b1c52ae790 Exception <a 'sun/nio/fs/WindowsException'{0x00000000d56067f8}> (0x00000000d56067f8) 
thrown [s\src\hotspot\share\prims\jni.cpp, line 520]
Event: 79.789 Thread 0x000001b1c52ae790 Exception <a 'sun/nio/fs/WindowsException'{0x00000000d5670ea8}> (0x00000000d5670ea8) 
thrown [s\src\hotspot\share\prims\jni.cpp, line 520]
Event: 79.866 Thread 0x000001b1c52ae790 Exception <a 'sun/nio/fs/WindowsException'{0x00000000d56ca398}> (0x00000000d56ca398) 
thrown [s\src\hotspot\share\prims\jni.cpp, line 520]
Event: 79.912 Thread 0x000001b1c52ae790 Exception <a 'sun/nio/fs/WindowsException'{0x00000000d56f73f0}> (0x00000000d56f73f0) 
thrown [s\src\hotspot\share\prims\jni.cpp, line 520]
Event: 80.019 Thread 0x000001b1c52ae790 Exception <a 'sun/nio/fs/WindowsException'{0x00000000d56be410}> (0x00000000d56be410) 
thrown [s\src\hotspot\share\prims\jni.cpp, line 520]
Event: 80.119 Thread 0x000001b1c52ae790 Exception <a 'sun/nio/fs/WindowsException'{0x00000000d55c3d10}> (0x00000000d55c3d10) 
thrown [s\src\hotspot\share\prims\jni.cpp, line 520]
Event: 80.167 Thread 0x000001b1c52ae790 Implicit null exception at 0x000001b1f1704fe2 to 0x000001b1f17076d4
Event: 80.168 Thread 0x000001b1c52ae790 Implicit null exception at 0x000001b1f19f1439 to 0x000001b1f19f2e90

ZGC Phase Switch (0 events):
No events

VM Operations (20 events):
Event: 80.633 Executing VM operation: ParallelGCFailedAllocation (Allocation Failure)
Event: 80.636 Executing VM operation: ParallelGCFailedAllocation (Allocation Failure) done
Event: 80.709 Executing VM operation: ParallelGCFailedAllocation (Allocation Failure)
Event: 80.712 Executing VM operation: ParallelGCFailedAllocation (Allocation Failure) done
Event: 80.859 Executing VM operation: ParallelGCFailedAllocation (Allocation Failure)
Event: 80.861 Executing VM operation: ParallelGCFailedAllocation (Allocation Failure) done
Event: 88.483 Executing VM operation: ParallelGCFailedAllocation (Allocation Failure)
Event: 89.411 Executing VM operation: ParallelGCFailedAllocation (Allocation Failure) done
Event: 90.414 Executing VM operation: Cleanup
Event: 90.460 Executing VM operation: Cleanup done
Event: 91.473 Executing VM operation: Cleanup
Event: 91.502 Executing VM operation: Cleanup done
Event: 92.502 Executing VM operation: Cleanup
Event: 92.523 Executing VM operation: Cleanup done
Event: 92.527 Executing VM operation: ParallelGCFailedAllocation (Allocation Failure)
Event: 92.531 Executing VM operation: ParallelGCFailedAllocation (Allocation Failure) done
Event: 92.675 Executing VM operation: ParallelGCFailedAllocation (Allocation Failure)
Event: 92.680 Executing VM operation: ParallelGCFailedAllocation (Allocation Failure) done
Event: 92.870 Executing VM operation: ParallelGCFailedAllocation (Allocation Failure)
Event: 92.874 Executing VM operation: ParallelGCFailedAllocation (Allocation Failure) done

Memory protections (0 events):
No events

Nmethod flushes (20 events):
Event: 78.959 Thread 0x000001b1e66b49f0 flushing  nmethod 0x000001b1ea6e3110
Event: 78.959 Thread 0x000001b1e66b49f0 flushing  nmethod 0x000001b1ea6e3990
Event: 78.959 Thread 0x000001b1e66b49f0 flushing  nmethod 0x000001b1ea6e4690
Event: 78.959 Thread 0x000001b1e66b49f0 flushing  nmethod 0x000001b1ea6e8590
Event: 78.959 Thread 0x000001b1e66b49f0 flushing  nmethod 0x000001b1ea6fdd90
Event: 78.959 Thread 0x000001b1e66b49f0 flushing  nmethod 0x000001b1ea6fe510
Event: 78.959 Thread 0x000001b1e66b49f0 flushing  nmethod 0x000001b1ea702290
Event: 78.959 Thread 0x000001b1e66b49f0 flushing  nmethod 0x000001b1ea70cd10
Event: 78.959 Thread 0x000001b1e66b49f0 flushing  nmethod 0x000001b1ea710790
Event: 78.959 Thread 0x000001b1e66b49f0 flushing  nmethod 0x000001b1ea711410
Event: 78.959 Thread 0x000001b1e66b49f0 flushing  nmethod 0x000001b1ea712d10
Event: 78.959 Thread 0x000001b1e66b49f0 flushing  nmethod 0x000001b1ea714690
Event: 78.959 Thread 0x000001b1e66b49f0 flushing  nmethod 0x000001b1ea71f090
Event: 78.959 Thread 0x000001b1e66b49f0 flushing  nmethod 0x000001b1ea732210
Event: 78.959 Thread 0x000001b1e66b49f0 flushing  nmethod 0x000001b1ea74eb10
Event: 78.959 Thread 0x000001b1e66b49f0 flushing  nmethod 0x000001b1ea768890
Event: 78.959 Thread 0x000001b1e66b49f0 flushing  nmethod 0x000001b1ea769510
Event: 78.959 Thread 0x000001b1e66b49f0 flushing  nmethod 0x000001b1ea76b190
Event: 78.959 Thread 0x000001b1e66b49f0 flushing  nmethod 0x000001b1ea773d90
Event: 78.959 Thread 0x000001b1e66b49f0 flushing  nmethod 0x000001b1ea7c3a90

Events (20 events):
Event: 56.274 Thread 0x000001b1c80e68c0 Thread exited: 0x000001b1c80e68c0
Event: 56.276 Thread 0x000001b1c80e8300 Thread exited: 0x000001b1c80e8300
Event: 56.277 Thread 0x000001b1c80e5510 Thread exited: 0x000001b1c80e5510
Event: 57.916 Thread 0x000001b1c5611400 Thread exited: 0x000001b1c5611400
Event: 58.319 Thread 0x000001b1c52ae100 Thread added: 0x000001b1c80e8990
Event: 58.320 Thread 0x000001b1c52ae100 Thread added: 0x000001b1c80e5510
Event: 58.320 Thread 0x000001b1c52ae100 Thread added: 0x000001b1c80e7c70
Event: 58.320 Thread 0x000001b1c52ae100 Thread added: 0x000001b1c80e68c0
Event: 58.320 Thread 0x000001b1c52ae100 Thread added: 0x000001b1c80e8300
Event: 58.847 Thread 0x000001b1c80e5510 Thread exited: 0x000001b1c80e5510
Event: 58.847 Thread 0x000001b1c80e7c70 Thread exited: 0x000001b1c80e7c70
Event: 58.847 Thread 0x000001b1c80e8300 Thread exited: 0x000001b1c80e8300
Event: 58.847 Thread 0x000001b1c80e8990 Thread exited: 0x000001b1c80e8990
Event: 58.847 Thread 0x000001b1c80e68c0 Thread exited: 0x000001b1c80e68c0
Event: 60.938 Thread 0x000001b1c58969e0 Thread added: 0x000001b1c80e5510
Event: 62.069 Thread 0x000001b1c80e5510 Thread added: 0x000001b1c80e5ba0
Event: 64.665 Thread 0x000001b1c828ec30 Thread exited: 0x000001b1c828ec30
Event: 79.355 Thread 0x000001b1e67d4fe0 Thread added: 0x000001b1c82d2810
Event: 85.919 Thread 0x000001b1c82d2810 Thread exited: 0x000001b1c82d2810
Event: 88.373 Thread 0x000001b1fe42a010 Thread added: 0x000001b1c82d2810


Dynamic libraries:
0x00007ff7ae300000 - 0x00007ff7ae30e000 	c:\Users\PADIL M ZAKI\.vscode\extensions\redhat.java-1.43.1-win32-x64\jre\21.0.7-win32-x86_64\bin\java.exe
0x00007ffc2e060000 - 0x00007ffc2e2c8000 	C:\WINDOWS\SYSTEM32\ntdll.dll
0x00007ffc2c950000 - 0x00007ffc2ca19000 	C:\WINDOWS\System32\KERNEL32.DLL
0x00007ffc2b390000 - 0x00007ffc2b77d000 	C:\WINDOWS\System32\KERNELBASE.dll
0x00007ffc2b1b0000 - 0x00007ffc2b2fb000 	C:\WINDOWS\System32\ucrtbase.dll
0x00007ffbf78e0000 - 0x00007ffbf78f8000 	c:\Users\PADIL M ZAKI\.vscode\extensions\redhat.java-1.43.1-win32-x64\jre\21.0.7-win32-x86_64\bin\jli.dll
0x00007ffbf78c0000 - 0x00007ffbf78de000 	c:\Users\PADIL M ZAKI\.vscode\extensions\redhat.java-1.43.1-win32-x64\jre\21.0.7-win32-x86_64\bin\VCRUNTIME140.dll
0x00007ffc2be00000 - 0x00007ffc2bfcc000 	C:\WINDOWS\System32\USER32.dll
0x00007ffc16c00000 - 0x00007ffc16e9a000 	C:\WINDOWS\WinSxS\amd64_microsoft.windows.common-controls_6595b64144ccf1df_6.0.26100.4484_none_3e0e6d4ce32ef3b3\COMCTL32.dll
0x00007ffc2b8e0000 - 0x00007ffc2b907000 	C:\WINDOWS\System32\win32u.dll
0x00007ffc2dee0000 - 0x00007ffc2df89000 	C:\WINDOWS\System32\msvcrt.dll
0x00007ffc2df90000 - 0x00007ffc2dfbb000 	C:\WINDOWS\System32\GDI32.dll
0x00007ffc2bcc0000 - 0x00007ffc2bdf7000 	C:\WINDOWS\System32\gdi32full.dll
0x00007ffc2b910000 - 0x00007ffc2b9b3000 	C:\WINDOWS\System32\msvcp_win.dll
0x00007ffc2ca40000 - 0x00007ffc2ca6f000 	C:\WINDOWS\System32\IMM32.DLL
0x00007ffc02230000 - 0x00007ffc0223c000 	c:\Users\PADIL M ZAKI\.vscode\extensions\redhat.java-1.43.1-win32-x64\jre\21.0.7-win32-x86_64\bin\vcruntime140_1.dll
0x00007ffbb80f0000 - 0x00007ffbb817d000 	c:\Users\PADIL M ZAKI\.vscode\extensions\redhat.java-1.43.1-win32-x64\jre\21.0.7-win32-x86_64\bin\msvcp140.dll
0x00007ffb186e0000 - 0x00007ffb19470000 	c:\Users\PADIL M ZAKI\.vscode\extensions\redhat.java-1.43.1-win32-x64\jre\21.0.7-win32-x86_64\bin\server\jvm.dll
0x00007ffc2c1b0000 - 0x00007ffc2c264000 	C:\WINDOWS\System32\ADVAPI32.dll
0x00007ffc2c700000 - 0x00007ffc2c7a6000 	C:\WINDOWS\System32\sechost.dll
0x00007ffc2ddc0000 - 0x00007ffc2ded8000 	C:\WINDOWS\System32\RPCRT4.dll
0x00007ffc2ca80000 - 0x00007ffc2caf4000 	C:\WINDOWS\System32\WS2_32.dll
0x00007ffc2b020000 - 0x00007ffc2b07e000 	C:\WINDOWS\SYSTEM32\POWRPROF.dll
0x00007ffc233d0000 - 0x00007ffc23405000 	C:\WINDOWS\SYSTEM32\WINMM.dll
0x00007ffc233c0000 - 0x00007ffc233cb000 	C:\WINDOWS\SYSTEM32\VERSION.dll
0x00007ffc2afe0000 - 0x00007ffc2aff4000 	C:\WINDOWS\SYSTEM32\UMPDC.dll
0x00007ffc29f30000 - 0x00007ffc29f4b000 	C:\WINDOWS\SYSTEM32\kernel.appcore.dll
0x00007ffbfa530000 - 0x00007ffbfa53a000 	c:\Users\PADIL M ZAKI\.vscode\extensions\redhat.java-1.43.1-win32-x64\jre\21.0.7-win32-x86_64\bin\jimage.dll
0x00007ffc28b60000 - 0x00007ffc28da1000 	C:\WINDOWS\SYSTEM32\DBGHELP.DLL
0x00007ffc2d1d0000 - 0x00007ffc2d556000 	C:\WINDOWS\System32\combase.dll
0x00007ffc2c860000 - 0x00007ffc2c940000 	C:\WINDOWS\System32\OLEAUT32.dll
0x00007ffc16fa0000 - 0x00007ffc16fe3000 	C:\WINDOWS\SYSTEM32\dbgcore.DLL
0x00007ffc2b840000 - 0x00007ffc2b8d9000 	C:\WINDOWS\System32\bcryptPrimitives.dll
0x00007ffbfa440000 - 0x00007ffbfa44f000 	c:\Users\PADIL M ZAKI\.vscode\extensions\redhat.java-1.43.1-win32-x64\jre\21.0.7-win32-x86_64\bin\instrument.dll
0x00007ffbf78a0000 - 0x00007ffbf78bf000 	c:\Users\PADIL M ZAKI\.vscode\extensions\redhat.java-1.43.1-win32-x64\jre\21.0.7-win32-x86_64\bin\java.dll
0x00007ffc2d5f0000 - 0x00007ffc2dd3a000 	C:\WINDOWS\System32\SHELL32.dll
0x00007ffc2bb40000 - 0x00007ffc2bcb4000 	C:\WINDOWS\System32\wintypes.dll
0x00007ffc28de0000 - 0x00007ffc2963b000 	C:\WINDOWS\SYSTEM32\windows.storage.dll
0x00007ffc2cb00000 - 0x00007ffc2cbf5000 	C:\WINDOWS\System32\SHCORE.dll
0x00007ffc2d160000 - 0x00007ffc2d1ca000 	C:\WINDOWS\System32\shlwapi.dll
0x00007ffc2b0c0000 - 0x00007ffc2b0ef000 	C:\WINDOWS\SYSTEM32\profapi.dll
0x00007ffbf3240000 - 0x00007ffbf3258000 	c:\Users\PADIL M ZAKI\.vscode\extensions\redhat.java-1.43.1-win32-x64\jre\21.0.7-win32-x86_64\bin\zip.dll
0x00007ffbf7a70000 - 0x00007ffbf7a80000 	C:\Users\PADIL M ZAKI\.vscode\extensions\redhat.java-1.43.1-win32-x64\jre\21.0.7-win32-x86_64\bin\net.dll
0x00007ffc208e0000 - 0x00007ffc209fe000 	C:\WINDOWS\SYSTEM32\WINHTTP.dll
0x00007ffc2a4c0000 - 0x00007ffc2a52a000 	C:\WINDOWS\system32\mswsock.dll
0x00007ffbe99c0000 - 0x00007ffbe99d6000 	C:\Users\PADIL M ZAKI\.vscode\extensions\redhat.java-1.43.1-win32-x64\jre\21.0.7-win32-x86_64\bin\nio.dll
0x00007ffbf7910000 - 0x00007ffbf7920000 	c:\Users\PADIL M ZAKI\.vscode\extensions\redhat.java-1.43.1-win32-x64\jre\21.0.7-win32-x86_64\bin\verify.dll
0x00007ffbb8fc0000 - 0x00007ffbb9005000 	C:\Users\PADIL M ZAKI\AppData\Roaming\Code\User\globalStorage\redhat.java\1.43.1\config_win\org.eclipse.equinox.launcher\org.eclipse.equinox.launcher.win32.win32.x86_64_1.2.1300.v20250331-1702\eclipse_11911.dll
0x00007ffc2cf00000 - 0x00007ffc2d09e000 	C:\WINDOWS\System32\ole32.dll
0x00007ffc2a790000 - 0x00007ffc2a7ab000 	C:\WINDOWS\SYSTEM32\CRYPTSP.dll
0x00007ffc29e90000 - 0x00007ffc29eca000 	C:\WINDOWS\system32\rsaenh.dll
0x00007ffc2a560000 - 0x00007ffc2a58b000 	C:\WINDOWS\SYSTEM32\USERENV.dll
0x00007ffc2b090000 - 0x00007ffc2b0b6000 	C:\WINDOWS\SYSTEM32\bcrypt.dll
0x00007ffc2a7b0000 - 0x00007ffc2a7bc000 	C:\WINDOWS\SYSTEM32\CRYPTBASE.dll
0x00007ffc29930000 - 0x00007ffc29963000 	C:\WINDOWS\SYSTEM32\IPHLPAPI.DLL
0x00007ffc2d580000 - 0x00007ffc2d58a000 	C:\WINDOWS\System32\NSI.dll
0x00007ffbb8210000 - 0x00007ffbb8259000 	C:\Users\PADIL M ZAKI\AppData\Local\Temp\jna-1502444866\jna13223596597157091863.dll
0x00007ffc2ca20000 - 0x00007ffc2ca28000 	C:\WINDOWS\System32\PSAPI.DLL
0x00007ffc20760000 - 0x00007ffc2077f000 	C:\WINDOWS\SYSTEM32\dhcpcsvc6.DLL
0x00007ffc20730000 - 0x00007ffc20755000 	C:\WINDOWS\SYSTEM32\dhcpcsvc.DLL
0x00007ffbf7870000 - 0x00007ffbf787e000 	C:\Users\PADIL M ZAKI\.vscode\extensions\redhat.java-1.43.1-win32-x64\jre\21.0.7-win32-x86_64\bin\sunmscapi.dll
0x00007ffc2b9c0000 - 0x00007ffc2bb37000 	C:\WINDOWS\System32\CRYPT32.dll
0x00007ffc2a9b0000 - 0x00007ffc2a9e0000 	C:\WINDOWS\SYSTEM32\ncrypt.dll
0x00007ffc2a960000 - 0x00007ffc2a99f000 	C:\WINDOWS\SYSTEM32\NTASN1.dll
0x00007ffc299c0000 - 0x00007ffc29ae6000 	C:\WINDOWS\SYSTEM32\DNSAPI.dll
0x00007ffc1fde0000 - 0x00007ffc1fdeb000 	C:\Windows\System32\rasadhlp.dll
0x00007ffc1ecb0000 - 0x00007ffc1ed36000 	C:\WINDOWS\System32\fwpuclnt.dll
0x00007ffbf0240000 - 0x00007ffbf0249000 	C:\Users\PADIL M ZAKI\.vscode\extensions\redhat.java-1.43.1-win32-x64\jre\21.0.7-win32-x86_64\bin\extnet.dll
0x00007ffc2a060000 - 0x00007ffc2a096000 	C:\WINDOWS\SYSTEM32\ntmarta.dll

dbghelp: loaded successfully - version: 4.0.5 - missing functions: none
symbol engine: initialized successfully - sym options: 0x614 - pdb path: .;c:\Users\PADIL M ZAKI\.vscode\extensions\redhat.java-1.43.1-win32-x64\jre\21.0.7-win32-x86_64\bin;C:\WINDOWS\SYSTEM32;C:\WINDOWS\WinSxS\amd64_microsoft.windows.common-controls_6595b64144ccf1df_6.0.26100.4484_none_3e0e6d4ce32ef3b3;c:\Users\PADIL M ZAKI\.vscode\extensions\redhat.java-1.43.1-win32-x64\jre\21.0.7-win32-x86_64\bin\server;C:\Users\PADIL M ZAKI\AppData\Roaming\Code\User\globalStorage\redhat.java\1.43.1\config_win\org.eclipse.equinox.launcher\org.eclipse.equinox.launcher.win32.win32.x86_64_1.2.1300.v20250331-1702;C:\Users\PADIL M ZAKI\AppData\Local\Temp\jna-1502444866

VM Arguments:
jvm_args: --add-modules=ALL-SYSTEM --add-opens=java.base/java.util=ALL-UNNAMED --add-opens=java.base/java.lang=ALL-UNNAMED --add-opens=java.base/sun.nio.fs=ALL-UNNAMED -Declipse.application=org.eclipse.jdt.ls.core.id1 -Dosgi.bundles.defaultStartLevel=4 -Declipse.product=org.eclipse.jdt.ls.core.product -Djava.import.generatesMetadataFilesAtProjectRoot=false -DDetectVMInstallationsJob.disabled=true -Dfile.encoding=utf8 -XX:+UseParallelGC -XX:GCTimeRatio=4 -XX:AdaptiveSizePolicyWeight=90 -Dsun.zip.disableMemoryMapping=true -Xmx2G -Xms100m -Xlog:disable -javaagent:c:\Users\PADIL M ZAKI\.vscode\extensions\redhat.java-1.43.1-win32-x64\lombok\lombok-1.18.39-4050.jar -XX:+HeapDumpOnOutOfMemoryError -XX:HeapDumpPath=c:\Users\PADIL M ZAKI\AppData\Roaming\Code\User\workspaceStorage\a62fecfe5c378930e62d3ec62168faec\redhat.java -Daether.dependencyCollector.impl=bf 
java_command: c:\Users\PADIL M ZAKI\.vscode\extensions\redhat.java-1.43.1-win32-x64\server\plugins\org.eclipse.equinox.launcher_1.7.0.v20250519-0528.jar -configuration c:\Users\PADIL M ZAKI\AppData\Roaming\Code\User\globalStorage\redhat.java\1.43.1\config_win -data c:\Users\PADIL M ZAKI\AppData\Roaming\Code\User\workspaceStorage\a62fecfe5c378930e62d3ec62168faec\redhat.java\jdt_ws --pipe=\\.\pipe\lsp-15a359ad333adee3d8793a01ad3e9f8e-sock
java_class_path (initial): c:\Users\PADIL M ZAKI\.vscode\extensions\redhat.java-1.43.1-win32-x64\server\plugins\org.eclipse.equinox.launcher_1.7.0.v20250519-0528.jar
Launcher Type: SUN_STANDARD

[Global flags]
    uintx AdaptiveSizePolicyWeight                 = 90                                        {product} {command line}
     intx CICompilerCount                          = 4                                         {product} {ergonomic}
    uintx GCTimeRatio                              = 4                                         {product} {command line}
     bool HeapDumpOnOutOfMemoryError               = true                                   {manageable} {command line}
    ccstr HeapDumpPath                             = c:\Users\PADIL M ZAKI\AppData\Roaming\Code\User\workspaceStorage\a62fecfe5c378930e62d3ec62168faec\redhat.java         {manageable} {command line}
   size_t InitialHeapSize                          = 104857600                                 {product} {command line}
   size_t MaxHeapSize                              = 2147483648                                {product} {command line}
   size_t MaxNewSize                               = 715653120                                 {product} {ergonomic}
   size_t MinHeapDeltaBytes                        = 524288                                    {product} {ergonomic}
   size_t MinHeapSize                              = 104857600                                 {product} {command line}
   size_t NewSize                                  = 34603008                                  {product} {ergonomic}
    uintx NonNMethodCodeHeapSize                   = 5839372                                {pd product} {ergonomic}
    uintx NonProfiledCodeHeapSize                  = 122909434                              {pd product} {ergonomic}
   size_t OldSize                                  = 70254592                                  {product} {ergonomic}
    uintx ProfiledCodeHeapSize                     = 122909434                              {pd product} {ergonomic}
    uintx ReservedCodeCacheSize                    = 251658240                              {pd product} {ergonomic}
     bool SegmentedCodeCache                       = true                                      {product} {ergonomic}
   size_t SoftMaxHeapSize                          = 2147483648                             {manageable} {ergonomic}
     bool UseCompressedOops                        = true                           {product lp64_product} {ergonomic}
     bool UseLargePagesIndividualAllocation        = false                                  {pd product} {ergonomic}
     bool UseParallelGC                            = true                                      {product} {command line}

Logging:
Log output configuration:
 #0: stdout all=off uptime,level,tags foldmultilines=false
 #1: stderr all=off uptime,level,tags foldmultilines=false

Environment Variables:
JAVA_HOME=C:\Program Files\Eclipse Adoptium\jdk-17.0.14.7-hotspot\
PATH=C:\Program Files\Common Files\Oracle\Java\javapath;C:\Program Files\Eclipse Adoptium\jdk-17.0.14.7-hotspot\bin;C:\Python313\Scripts\;C:\Python313\;C:\WINDOWS\system32;C:\WINDOWS;C:\WINDOWS\System32\Wbem;C:\WINDOWS\System32\WindowsPowerShell\v1.0\;C:\WINDOWS\System32\OpenSSH\;C:\Program Files\Git\cmd;C:\Program Files\Docker\Docker\resources\bin;C:\MinGW\bin;C:\ProgramData\chocolatey\bin;C:\Program Files\MongoDB\Server\8.0\bin;C:\Program Files\Eclipse Adoptium\jdk-17.0.14.7-hotspot\\bin;C:\Program Files (x86)\Microsoft SQL Server\100\Tools\Binn\;C:\Program Files\Microsoft SQL Server\100\Tools\Binn\;C:\Program Files\Microsoft SQL Server\100\DTS\Binn\;D:\xampp\php;C:\ProgramData\ComposerSetup\bin;D:\;C:\Users\PADIL M ZAKI\AppData\Local\Microsoft\WindowsApps;C:\Program Files\MongoDB\Server\8.0\bin;C:\Users\PADIL M ZAKI\AppData\Local\Programs\Microsoft VS Code\bin;C:\Program Files (x86)\Nmap;C:\ProgramData\TinyTeX\bin\windows;C:\Users\PADIL M ZAKI\AppData\Roaming\Composer\vendor\bin;C:\Users\PADIL M ZAKI\AppData\Roaming\npm
USERNAME=PADIL M ZAKI
OS=Windows_NT
PROCESSOR_IDENTIFIER=AMD64 Family 25 Model 80 Stepping 0, AuthenticAMD
TMP=C:\Users\PADILM~1\AppData\Local\Temp
TEMP=C:\Users\PADILM~1\AppData\Local\Temp




Periodic native trim disabled

---------------  S Y S T E M  ---------------

OS:
 Windows 11 , 64 bit Build 26100 (10.0.26100.4484)
OS uptime: 0 days 15:36 hours
Hyper-V role detected

CPU: total 12 (initial active 12) (12 cores per cpu, 2 threads per core) family 25 model 80 stepping 0 microcode 0xa50000c, cx8, cmov, fxsr, ht, mmx, 3dnowpref, sse, sse2, sse3, ssse3, sse4a, sse4.1, sse4.2, popcnt, lzcnt, tsc, tscinvbit, avx, avx2, aes, erms, clmul, bmi1, bmi2, adx, sha, fma, vzeroupper, clflush, clflushopt, hv, rdtscp, rdpid, fsrm, f16c, cet_ss
Processor Information for processor 0
  Max Mhz: 2301, Current Mhz: 1904, Mhz Limit: 2301
Processor Information for processor 1
  Max Mhz: 2301, Current Mhz: 1904, Mhz Limit: 2301
Processor Information for processor 2
  Max Mhz: 2301, Current Mhz: 1798, Mhz Limit: 2301
Processor Information for processor 3
  Max Mhz: 2301, Current Mhz: 1904, Mhz Limit: 2301
Processor Information for processor 4
  Max Mhz: 2301, Current Mhz: 1904, Mhz Limit: 2301
Processor Information for processor 5
  Max Mhz: 2301, Current Mhz: 1904, Mhz Limit: 2301
Processor Information for processor 6
  Max Mhz: 2301, Current Mhz: 1904, Mhz Limit: 2301
Processor Information for processor 7
  Max Mhz: 2301, Current Mhz: 1798, Mhz Limit: 2301
Processor Information for processor 8
  Max Mhz: 2301, Current Mhz: 1904, Mhz Limit: 2301
Processor Information for processor 9
  Max Mhz: 2301, Current Mhz: 1904, Mhz Limit: 2301
Processor Information for processor 10
  Max Mhz: 2301, Current Mhz: 1904, Mhz Limit: 2301
Processor Information for processor 11
  Max Mhz: 2301, Current Mhz: 1798, Mhz Limit: 2301

Memory: 4k page, system-wide physical 5989M (361M free)
TotalPageFile size 24421M (AvailPageFile size 139M)
current process WorkingSet (physical memory assigned to process): 414M, peak: 491M
current process commit charge ("private bytes"): 532M, peak: 1671M

vm_info: OpenJDK 64-Bit Server VM (21.0.7+6-LTS) for windows-amd64 JRE (21.0.7+6-LTS), built on 2025-04-15T00:00:00Z by "admin" with MS VC++ 17.7 (VS2022)

END.
