#
# There is insufficient memory for the Java Runtime Environment to continue.
# Native memory allocation (malloc) failed to allocate 189696 bytes. Error detail: Chunk::new
# Possible reasons:
#   The system is out of physical RAM or swap space
#   This process is running with CompressedOops enabled, and the Java Heap may be blocking the growth of the native heap
# Possible solutions:
#   Reduce memory load on the system
#   Increase physical memory or swap space
#   Check if swap backing store is full
#   Decrease Java heap size (-Xmx/-Xms)
#   Decrease number of Java threads
#   Decrease Java thread stack sizes (-Xss)
#   Set larger code cache with -XX:ReservedCodeCacheSize=
#   JVM is running with Unscaled Compressed Oops mode in which the Java heap is
#     placed in the first 4GB address space. The Java Heap base address is the
#     maximum limit for the native heap growth. Please use -XX:HeapBaseMinAddress
#     to set the Java Heap base and to place the Java Heap above 4GB virtual address.
# This output file may be truncated or incomplete.
#
#  Out of Memory Error (arena.cpp:168), pid=7432, tid=22168
#
# JRE version: OpenJDK Runtime Environment Temurin-21.0.7+6 (21.0.7+6) (build 21.0.7+6-LTS)
# Java VM: OpenJDK 64-Bit Server VM Temurin-21.0.7+6 (21.0.7+6-LTS, mixed mode, sharing, tiered, compressed oops, compressed class ptrs, parallel gc, windows-amd64)
# No core dump will be written. Minidumps are not enabled by default on client versions of Windows
#

---------------  S U M M A R Y ------------

Command Line: --add-modules=ALL-SYSTEM --add-opens=java.base/java.util=ALL-UNNAMED --add-opens=java.base/java.lang=ALL-UNNAMED --add-opens=java.base/sun.nio.fs=ALL-UNNAMED -Declipse.application=org.eclipse.jdt.ls.core.id1 -Dosgi.bundles.defaultStartLevel=4 -Declipse.product=org.eclipse.jdt.ls.core.product -Djava.import.generatesMetadataFilesAtProjectRoot=false -DDetectVMInstallationsJob.disabled=true -Dfile.encoding=utf8 -XX:+UseParallelGC -XX:GCTimeRatio=4 -XX:AdaptiveSizePolicyWeight=90 -Dsun.zip.disableMemoryMapping=true -Xmx2G -Xms100m -Xlog:disable -javaagent:c:\Users\PADIL M ZAKI\.vscode\extensions\redhat.java-1.43.1-win32-x64\lombok\lombok-1.18.39-4050.jar -XX:+HeapDumpOnOutOfMemoryError -XX:HeapDumpPath=c:\Users\PADIL M ZAKI\AppData\Roaming\Code\User\workspaceStorage\84783180bd22a85964de216d9acdda03\redhat.java -Daether.dependencyCollector.impl=bf c:\Users\PADIL M ZAKI\.vscode\extensions\redhat.java-1.43.1-win32-x64\server\plugins\org.eclipse.equinox.launcher_1.7.0.v20250519-0528.jar -configuration c:\Users\PADIL M ZAKI\AppData\Roaming\Code\User\globalStorage\redhat.java\1.43.1\config_win -data c:\Users\PADIL M ZAKI\AppData\Roaming\Code\User\workspaceStorage\84783180bd22a85964de216d9acdda03\redhat.java\jdt_ws --pipe=\\.\pipe\lsp-c5d178f34cf15b3911c6820b0a0c2944-sock

Host: AMD Ryzen 5 5625U with Radeon Graphics         , 12 cores, 5G,  Windows 11 , 64 bit Build 26100 (10.0.26100.4484)
Time: Tue Jul  8 08:06:04 2025 SE Asia Standard Time elapsed time: 98.649014 seconds (0d 0h 1m 38s)

---------------  T H R E A D  ---------------

Current thread (0x0000022285ad1890):  JavaThread "C2 CompilerThread0" daemon [_thread_in_native, id=22168, stack(0x0000003743900000,0x0000003743a00000) (1024K)]


Current CompileTask:
C2:98649 14175       4       java.lang.StringLatin1::replace (198 bytes)

Stack: [0x0000003743900000,0x0000003743a00000]
Native frames: (J=compiled Java code, j=interpreted, Vv=VM code, C=native code)
V  [jvm.dll+0x6ce119]
V  [jvm.dll+0x8a84a1]
V  [jvm.dll+0x8aa9ce]
V  [jvm.dll+0x8ab0b3]
V  [jvm.dll+0x27f8a6]
V  [jvm.dll+0xc507d]
V  [jvm.dll+0xc55b3]
V  [jvm.dll+0x2f2c6d]
V  [jvm.dll+0x5f6bca]
V  [jvm.dll+0x250cb2]
V  [jvm.dll+0x25106f]
V  [jvm.dll+0x249934]
V  [jvm.dll+0x246fc4]
V  [jvm.dll+0x1c760e]
V  [jvm.dll+0x25695a]
V  [jvm.dll+0x254efa]
V  [jvm.dll+0x3f03f6]
V  [jvm.dll+0x851f6b]
V  [jvm.dll+0x6cc7dd]
C  [ucrtbase.dll+0x37b0]
C  [KERNEL32.DLL+0x2e8d7]
C  [ntdll.dll+0x3c34c]


---------------  P R O C E S S  ---------------

Threads class SMR info:
_java_thread_list=0x0000022296549560, length=82, elements={
0x000002222c08b500, 0x0000022285ab44b0, 0x0000022285ab53c0, 0x0000022285abaeb0,
0x0000022285abc390, 0x0000022285ac1a40, 0x0000022285ac4010, 0x0000022285ad1890,
0x0000022285ad40b0, 0x0000022285b95550, 0x0000022285e217b0, 0x000002228aa2afe0,
0x000002228aa41390, 0x000002228a9c87e0, 0x000002228a9dbee0, 0x000002228afeb950,
0x000002228b25b460, 0x000002228af7dea0, 0x000002228af7d180, 0x000002228af7bdd0,
0x000002228af7caf0, 0x000002228b7634c0, 0x000002228b764870, 0x000002228b764f00,
0x000002228b762e30, 0x000002228b7641e0, 0x000002228b765590, 0x000002228b763b50,
0x000002228b7627a0, 0x000002228b762110, 0x000002228b767660, 0x000002228b766fd0,
0x000002228b7690a0, 0x000002228b768a10, 0x000002228b765c20, 0x000002228b766940,
0x000002228b769730, 0x000002228b7662b0, 0x000002228b767cf0, 0x000002228d7547f0,
0x000002228d7568c0, 0x000002228d754e80, 0x000002228d755510, 0x000002228d754160,
0x000002228d755ba0, 0x000002228d753440, 0x000002228d753ad0, 0x000002228d756230,
0x000002228d07e860, 0x000002228d07eef0, 0x000002228d080930, 0x000002228d07f580,
0x000002228d07fc10, 0x000002228d0802a0, 0x000002228d07d4b0, 0x000002228d080fc0,
0x000002228d07db40, 0x000002228d081650, 0x000002228d07e1d0, 0x000002228d083db0,
0x000002228d082370, 0x00000222964be580, 0x00000222964c2090, 0x00000222964c1a00,
0x00000222964bffc0, 0x00000222964bec10, 0x00000222964c0650, 0x00000222964c0ce0,
0x00000222964bf2a0, 0x00000222964c2db0, 0x00000222964c3440, 0x00000222964c4160,
0x00000222964c47f0, 0x00000222964c1370, 0x00000222964c4e80, 0x00000222964c3ad0,
0x000002228b4b64c0, 0x000002228b4b7f00, 0x000002228b4b7870, 0x000002228b4b6b50,
0x000002228b4b8590, 0x000002229695b150
}

Java Threads: ( => current thread )
  0x000002222c08b500 JavaThread "main"                              [_thread_blocked, id=12668, stack(0x0000003742f00000,0x0000003743000000) (1024K)]
  0x0000022285ab44b0 JavaThread "Reference Handler"          daemon [_thread_blocked, id=31076, stack(0x0000003743300000,0x0000003743400000) (1024K)]
  0x0000022285ab53c0 JavaThread "Finalizer"                  daemon [_thread_blocked, id=2628, stack(0x0000003743400000,0x0000003743500000) (1024K)]
  0x0000022285abaeb0 JavaThread "Signal Dispatcher"          daemon [_thread_blocked, id=27044, stack(0x0000003743500000,0x0000003743600000) (1024K)]
  0x0000022285abc390 JavaThread "Attach Listener"            daemon [_thread_blocked, id=27308, stack(0x0000003743600000,0x0000003743700000) (1024K)]
  0x0000022285ac1a40 JavaThread "Service Thread"             daemon [_thread_blocked, id=21780, stack(0x0000003743700000,0x0000003743800000) (1024K)]
  0x0000022285ac4010 JavaThread "Monitor Deflation Thread"   daemon [_thread_blocked, id=5584, stack(0x0000003743800000,0x0000003743900000) (1024K)]
=>0x0000022285ad1890 JavaThread "C2 CompilerThread0"         daemon [_thread_in_native, id=22168, stack(0x0000003743900000,0x0000003743a00000) (1024K)]
  0x0000022285ad40b0 JavaThread "C1 CompilerThread0"         daemon [_thread_in_vm, id=15092, stack(0x0000003743a00000,0x0000003743b00000) (1024K)]
  0x0000022285b95550 JavaThread "Common-Cleaner"             daemon [_thread_blocked, id=26204, stack(0x0000003743b00000,0x0000003743c00000) (1024K)]
  0x0000022285e217b0 JavaThread "Notification Thread"        daemon [_thread_blocked, id=29688, stack(0x0000003743d00000,0x0000003743e00000) (1024K)]
  0x000002228aa2afe0 JavaThread "Active Thread: Equinox Container: c41864f2-cc40-4700-b5be-fb3fc59673dc"        [_thread_blocked, id=30492, stack(0x0000003744500000,0x0000003744600000) (1024K)]
  0x000002228aa41390 JavaThread "Refresh Thread: Equinox Container: c41864f2-cc40-4700-b5be-fb3fc59673dc" daemon [_thread_blocked, id=19392, stack(0x0000003744700000,0x0000003744800000) (1024K)]
  0x000002228a9c87e0 JavaThread "Framework Event Dispatcher: Equinox Container: c41864f2-cc40-4700-b5be-fb3fc59673dc" daemon [_thread_blocked, id=19288, stack(0x0000003744800000,0x0000003744900000) (1024K)]
  0x000002228a9dbee0 JavaThread "Start Level: Equinox Container: c41864f2-cc40-4700-b5be-fb3fc59673dc" daemon [_thread_blocked, id=27404, stack(0x0000003744900000,0x0000003744a00000) (1024K)]
  0x000002228afeb950 JavaThread "Bundle File Closer"         daemon [_thread_blocked, id=19412, stack(0x0000003744c00000,0x0000003744d00000) (1024K)]
  0x000002228b25b460 JavaThread "SCR Component Actor"        daemon [_thread_blocked, id=8524, stack(0x0000003743e00000,0x0000003743f00000) (1024K)]
  0x000002228af7dea0 JavaThread "Worker-JM"                         [_thread_blocked, id=13072, stack(0x0000003744e00000,0x0000003744f00000) (1024K)]
  0x000002228af7d180 JavaThread "JNA Cleaner"                daemon [_thread_blocked, id=14464, stack(0x0000003745000000,0x0000003745100000) (1024K)]
  0x000002228af7bdd0 JavaThread "Java indexing"              daemon [_thread_blocked, id=17060, stack(0x0000003745400000,0x0000003745500000) (1024K)]
  0x000002228af7caf0 JavaThread "Worker-3"                          [_thread_blocked, id=16760, stack(0x0000003745500000,0x0000003745600000) (1024K)]
  0x000002228b7634c0 JavaThread "Worker-6"                          [_thread_blocked, id=17056, stack(0x0000003745a00000,0x0000003745b00000) (1024K)]
  0x000002228b764870 JavaThread "Thread-2"                   daemon [_thread_in_native, id=18576, stack(0x0000003745b00000,0x0000003745c00000) (1024K)]
  0x000002228b764f00 JavaThread "Thread-3"                   daemon [_thread_in_native, id=30652, stack(0x0000003745c00000,0x0000003745d00000) (1024K)]
  0x000002228b762e30 JavaThread "Thread-4"                   daemon [_thread_in_native, id=16428, stack(0x0000003745d00000,0x0000003745e00000) (1024K)]
  0x000002228b7641e0 JavaThread "Thread-5"                   daemon [_thread_in_native, id=15468, stack(0x0000003745e00000,0x0000003745f00000) (1024K)]
  0x000002228b765590 JavaThread "Thread-6"                   daemon [_thread_in_native, id=21120, stack(0x0000003745f00000,0x0000003746000000) (1024K)]
  0x000002228b763b50 JavaThread "Thread-7"                   daemon [_thread_in_native, id=13028, stack(0x0000003746000000,0x0000003746100000) (1024K)]
  0x000002228b7627a0 JavaThread "Thread-8"                   daemon [_thread_in_native, id=4052, stack(0x0000003746100000,0x0000003746200000) (1024K)]
  0x000002228b762110 JavaThread "Thread-9"                   daemon [_thread_in_native, id=3756, stack(0x0000003746200000,0x0000003746300000) (1024K)]
  0x000002228b767660 JavaThread "Thread-10"                  daemon [_thread_in_native, id=28152, stack(0x0000003746300000,0x0000003746400000) (1024K)]
  0x000002228b766fd0 JavaThread "Thread-11"                  daemon [_thread_in_native, id=21536, stack(0x0000003746400000,0x0000003746500000) (1024K)]
  0x000002228b7690a0 JavaThread "Thread-12"                  daemon [_thread_in_native, id=19352, stack(0x0000003746500000,0x0000003746600000) (1024K)]
  0x000002228b768a10 JavaThread "Thread-13"                  daemon [_thread_in_native, id=18780, stack(0x0000003746600000,0x0000003746700000) (1024K)]
  0x000002228b765c20 JavaThread "Thread-14"                  daemon [_thread_in_native, id=14192, stack(0x0000003746700000,0x0000003746800000) (1024K)]
  0x000002228b766940 JavaThread "pool-2-thread-1"                   [_thread_blocked, id=30860, stack(0x0000003746800000,0x0000003746900000) (1024K)]
  0x000002228b769730 JavaThread "WorkspaceEventsHandler"            [_thread_blocked, id=16956, stack(0x0000003746900000,0x0000003746a00000) (1024K)]
  0x000002228b7662b0 JavaThread "pool-1-thread-1"                   [_thread_blocked, id=32412, stack(0x0000003746a00000,0x0000003746b00000) (1024K)]
  0x000002228b767cf0 JavaThread "LocalFile Deleter"          daemon [_thread_blocked, id=30796, stack(0x0000003746c00000,0x0000003746d00000) (1024K)]
  0x000002228d7547f0 JavaThread "LocalFile Deleter"          daemon [_thread_blocked, id=15828, stack(0x0000003746d00000,0x0000003746e00000) (1024K)]
  0x000002228d7568c0 JavaThread "LocalFile Deleter"          daemon [_thread_blocked, id=21792, stack(0x0000003746e00000,0x0000003746f00000) (1024K)]
  0x000002228d754e80 JavaThread "LocalFile Deleter"          daemon [_thread_blocked, id=19484, stack(0x0000003746f00000,0x0000003747000000) (1024K)]
  0x000002228d755510 JavaThread "LocalFile Deleter"          daemon [_thread_blocked, id=2748, stack(0x0000003747000000,0x0000003747100000) (1024K)]
  0x000002228d754160 JavaThread "LocalFile Deleter"          daemon [_thread_blocked, id=2776, stack(0x0000003747100000,0x0000003747200000) (1024K)]
  0x000002228d755ba0 JavaThread "LocalFile Deleter"          daemon [_thread_blocked, id=32104, stack(0x0000003747200000,0x0000003747300000) (1024K)]
  0x000002228d753440 JavaThread "LocalFile Deleter"          daemon [_thread_blocked, id=22836, stack(0x0000003747300000,0x0000003747400000) (1024K)]
  0x000002228d753ad0 JavaThread "LocalFile Deleter"          daemon [_thread_blocked, id=28548, stack(0x0000003747400000,0x0000003747500000) (1024K)]
  0x000002228d756230 JavaThread "LocalFile Deleter"          daemon [_thread_blocked, id=29020, stack(0x0000003747500000,0x0000003747600000) (1024K)]
  0x000002228d07e860 JavaThread "LocalFile Deleter"          daemon [_thread_blocked, id=32776, stack(0x0000003747600000,0x0000003747700000) (1024K)]
  0x000002228d07eef0 JavaThread "Compiler Source File Reader" daemon [_thread_blocked, id=17172, stack(0x0000003747700000,0x0000003747800000) (1024K)]
  0x000002228d080930 JavaThread "Compiler Source File Reader" daemon [_thread_blocked, id=31520, stack(0x0000003747800000,0x0000003747900000) (1024K)]
  0x000002228d07f580 JavaThread "Compiler Source File Reader" daemon [_thread_blocked, id=17428, stack(0x0000003747900000,0x0000003747a00000) (1024K)]
  0x000002228d07fc10 JavaThread "Compiler Source File Reader" daemon [_thread_blocked, id=25604, stack(0x0000003747a00000,0x0000003747b00000) (1024K)]
  0x000002228d0802a0 JavaThread "Compiler Source File Reader" daemon [_thread_blocked, id=31964, stack(0x0000003747b00000,0x0000003747c00000) (1024K)]
  0x000002228d07d4b0 JavaThread "Compiler Source File Reader" daemon [_thread_blocked, id=19880, stack(0x0000003747c00000,0x0000003747d00000) (1024K)]
  0x000002228d080fc0 JavaThread "Compiler Source File Reader" daemon [_thread_blocked, id=29628, stack(0x0000003747d00000,0x0000003747e00000) (1024K)]
  0x000002228d07db40 JavaThread "Compiler Source File Reader" daemon [_thread_blocked, id=25364, stack(0x0000003747e00000,0x0000003747f00000) (1024K)]
  0x000002228d081650 JavaThread "Compiler Source File Reader" daemon [_thread_blocked, id=9512, stack(0x0000003747f00000,0x0000003748000000) (1024K)]
  0x000002228d07e1d0 JavaThread "Compiler Source File Reader" daemon [_thread_blocked, id=16600, stack(0x0000003748000000,0x0000003748100000) (1024K)]
  0x000002228d083db0 JavaThread "Compiler Class File Writer" daemon [_thread_blocked, id=28884, stack(0x0000003748100000,0x0000003748200000) (1024K)]
  0x000002228d082370 JavaThread "Compiler Class File Writer" daemon [_thread_blocked, id=32036, stack(0x0000003748200000,0x0000003748300000) (1024K)]
  0x00000222964be580 JavaThread "Compiler Class File Writer" daemon [_thread_blocked, id=26740, stack(0x0000003748300000,0x0000003748400000) (1024K)]
  0x00000222964c2090 JavaThread "Compiler Class File Writer" daemon [_thread_blocked, id=19068, stack(0x0000003748400000,0x0000003748500000) (1024K)]
  0x00000222964c1a00 JavaThread "Compiler Class File Writer" daemon [_thread_blocked, id=12408, stack(0x0000003748500000,0x0000003748600000) (1024K)]
  0x00000222964bffc0 JavaThread "Compiler Class File Writer" daemon [_thread_blocked, id=19132, stack(0x0000003748600000,0x0000003748700000) (1024K)]
  0x00000222964bec10 JavaThread "Compiler Class File Writer" daemon [_thread_blocked, id=7064, stack(0x0000003748700000,0x0000003748800000) (1024K)]
  0x00000222964c0650 JavaThread "Compiler Class File Writer" daemon [_thread_blocked, id=14964, stack(0x0000003748800000,0x0000003748900000) (1024K)]
  0x00000222964c0ce0 JavaThread "Compiler Class File Writer" daemon [_thread_blocked, id=24684, stack(0x0000003748900000,0x0000003748a00000) (1024K)]
  0x00000222964bf2a0 JavaThread "Compiler Class File Writer" daemon [_thread_blocked, id=33304, stack(0x0000003748a00000,0x0000003748b00000) (1024K)]
  0x00000222964c2db0 JavaThread "ForkJoinPool.commonPool-worker-1" daemon [_thread_blocked, id=4968, stack(0x0000003748b00000,0x0000003748c00000) (1024K)]
  0x00000222964c3440 JavaThread "ForkJoinPool.commonPool-worker-2" daemon [_thread_blocked, id=26140, stack(0x0000003748c00000,0x0000003748d00000) (1024K)]
  0x00000222964c4160 JavaThread "ForkJoinPool.commonPool-worker-3" daemon [_thread_blocked, id=12784, stack(0x0000003748e00000,0x0000003748f00000) (1024K)]
  0x00000222964c47f0 JavaThread "ForkJoinPool.commonPool-worker-4" daemon [_thread_blocked, id=23756, stack(0x0000003748f00000,0x0000003749000000) (1024K)]
  0x00000222964c1370 JavaThread "ForkJoinPool.commonPool-worker-5" daemon [_thread_blocked, id=15632, stack(0x0000003749000000,0x0000003749100000) (1024K)]
  0x00000222964c4e80 JavaThread "ForkJoinPool.commonPool-worker-6" daemon [_thread_blocked, id=5952, stack(0x0000003749100000,0x0000003749200000) (1024K)]
  0x00000222964c3ad0 JavaThread "ForkJoinPool.commonPool-worker-7" daemon [_thread_blocked, id=24512, stack(0x0000003744f00000,0x0000003745000000) (1024K)]
  0x000002228b4b64c0 JavaThread "ForkJoinPool.commonPool-worker-8" daemon [_thread_blocked, id=23724, stack(0x0000003748d00000,0x0000003748e00000) (1024K)]
  0x000002228b4b7f00 JavaThread "ForkJoinPool.commonPool-worker-9" daemon [_thread_blocked, id=18332, stack(0x0000003749200000,0x0000003749300000) (1024K)]
  0x000002228b4b7870 JavaThread "ForkJoinPool.commonPool-worker-10" daemon [_thread_blocked, id=19912, stack(0x0000003749300000,0x0000003749400000) (1024K)]
  0x000002228b4b6b50 JavaThread "ForkJoinPool.commonPool-worker-11" daemon [_thread_blocked, id=29896, stack(0x0000003749400000,0x0000003749500000) (1024K)]
  0x000002228b4b8590 JavaThread "Cleaner-0"                  daemon [_thread_blocked, id=3984, stack(0x0000003749500000,0x0000003749600000) (1024K)]
  0x000002229695b150 JavaThread "C2 CompilerThread1"         daemon [_thread_in_vm, id=1100, stack(0x0000003742c00000,0x0000003742d00000) (1024K)]
Total: 82

Other Threads:
  0x0000022242b140b0 VMThread "VM Thread"                           [id=24852, stack(0x0000003743200000,0x0000003743300000) (1024K)]
  0x0000022242a0ca00 WatcherThread "VM Periodic Task Thread"        [id=24772, stack(0x0000003743100000,0x0000003743200000) (1024K)]
  0x000002222c0a9bd0 WorkerThread "GC Thread#0"                     [id=18092, stack(0x0000003743000000,0x0000003743100000) (1024K)]
  0x000002228a54ec80 WorkerThread "GC Thread#1"                     [id=21872, stack(0x0000003743f00000,0x0000003744000000) (1024K)]
  0x000002228a7e0490 WorkerThread "GC Thread#2"                     [id=21436, stack(0x0000003744000000,0x0000003744100000) (1024K)]
  0x000002228a2dca90 WorkerThread "GC Thread#3"                     [id=15756, stack(0x0000003744100000,0x0000003744200000) (1024K)]
  0x000002228a348b00 WorkerThread "GC Thread#4"                     [id=24132, stack(0x0000003744200000,0x0000003744300000) (1024K)]
  0x000002228a349cd0 WorkerThread "GC Thread#5"                     [id=24120, stack(0x0000003744300000,0x0000003744400000) (1024K)]
  0x000002228aa54580 WorkerThread "GC Thread#6"                     [id=23176, stack(0x0000003744400000,0x0000003744500000) (1024K)]
  0x000002228a998cd0 WorkerThread "GC Thread#7"                     [id=29180, stack(0x0000003744600000,0x0000003744700000) (1024K)]
  0x000002228a999070 WorkerThread "GC Thread#8"                     [id=13124, stack(0x0000003744a00000,0x0000003744b00000) (1024K)]
  0x000002228a999410 WorkerThread "GC Thread#9"                     [id=23820, stack(0x0000003744b00000,0x0000003744c00000) (1024K)]
Total: 12

Threads with active compile tasks:
C2 CompilerThread0  99731 14175       4       java.lang.StringLatin1::replace (198 bytes)
C1 CompilerThread0  99731 14182       3       org.eclipse.jdt.internal.compiler.parser.Scanner::setActiveParser (29 bytes)
C2 CompilerThread1  99732 14177       4       java.lang.String::hashCode (60 bytes)
Total: 3

VM state: not at safepoint (normal execution)

VM Mutex/Monitor currently owned by a thread:  ([mutex/lock_event])
[0x00007ffad839ce88] MethodCompileQueue_lock - owner thread: 0x0000022285ad40b0
[0x00007ffad839e208] CodeCache_lock - owner thread: 0x0000022285ad40b0
[0x00007ffad839e388] Compile_lock - owner thread: 0x0000022285ad40b0

Heap address: 0x0000000080000000, size: 2048 MB, Compressed Oops mode: 32-bit

CDS archive(s) mapped at: [0x0000022243000000-0x0000022243ba0000-0x0000022243ba0000), size 12189696, SharedBaseAddress: 0x0000022243000000, ArchiveRelocationMode: 1.
Compressed class space mapped at: 0x0000022244000000-0x0000022284000000, reserved size: 1073741824
Narrow klass base: 0x0000022243000000, Narrow klass shift: 0, Narrow klass range: 0x100000000

GC Precious Log:
 CardTable entry size: 512
 CPUs: 12 total, 12 available
 Memory: 5989M
 Large Page Support: Disabled
 NUMA Support: Disabled
 Compressed Oops: Enabled (32-bit)
 Alignments: Space 512K, Generation 512K, Heap 2M
 Heap Min Capacity: 100M
 Heap Initial Capacity: 100M
 Heap Max Capacity: 2G
 Pre-touch: Disabled
 Parallel Workers: 10

Heap:
 PSYoungGen      total 4096K, used 1761K [0x00000000d5580000, 0x00000000d5b00000, 0x0000000100000000)
  eden space 3584K, 34% used [0x00000000d5580000,0x00000000d56b8578,0x00000000d5900000)
  from space 512K, 100% used [0x00000000d5a00000,0x00000000d5a80000,0x00000000d5a80000)
  to   space 1024K, 0% used [0x00000000d5900000,0x00000000d5900000,0x00000000d5a00000)
 ParOldGen       total 743936K, used 743826K [0x0000000080000000, 0x00000000ad680000, 0x00000000d5580000)
  object space 743936K, 99% used [0x0000000080000000,0x00000000ad664908,0x00000000ad680000)
 Metaspace       used 71539K, committed 73088K, reserved 1114112K
  class space    used 7319K, committed 8000K, reserved 1048576K

Card table byte_map: [0x000002222ba30000,0x000002222be40000] _byte_map_base: 0x000002222b630000

Marking Bits: (ParMarkBitMap*) 0x00007ffad83a31f0
 Begin Bits: [0x000002223e530000, 0x0000022240530000)
 End Bits:   [0x0000022240530000, 0x0000022242530000)

Polling page: 0x000002222b800000

Metaspace:

Usage:
  Non-class:     62.71 MB used.
      Class:      7.15 MB used.
       Both:     69.86 MB used.

Virtual space:
  Non-class space:       64.00 MB reserved,      63.56 MB (>99%) committed,  1 nodes.
      Class space:        1.00 GB reserved,       7.81 MB ( <1%) committed,  1 nodes.
             Both:        1.06 GB reserved,      71.38 MB (  7%) committed. 

Chunk freelists:
   Non-Class:  3.00 KB
       Class:  8.20 MB
        Both:  8.21 MB

MaxMetaspaceSize: unlimited
CompressedClassSpaceSize: 1.00 GB
Initial GC threshold: 21.00 MB
Current GC threshold: 98.12 MB
CDS: on
 - commit_granule_bytes: 65536.
 - commit_granule_words: 8192.
 - virtual_space_node_default_size: 8388608.
 - enlarge_chunks_in_place: 1.
 - use_allocation_guard: 0.


Internal statistics:

num_allocs_failed_limit: 13.
num_arena_births: 1372.
num_arena_deaths: 22.
num_vsnodes_births: 2.
num_vsnodes_deaths: 0.
num_space_committed: 1142.
num_space_uncommitted: 0.
num_chunks_returned_to_freelist: 39.
num_chunks_taken_from_freelist: 4925.
num_chunk_merges: 18.
num_chunk_splits: 2955.
num_chunks_enlarged: 1561.
num_inconsistent_stats: 0.

CodeHeap 'non-profiled nmethods': size=120000Kb used=10003Kb max_used=10003Kb free=109997Kb
 bounds [0x0000022236d50000, 0x0000022237720000, 0x000002223e280000]
CodeHeap 'profiled nmethods': size=120000Kb used=30270Kb max_used=30270Kb free=89729Kb
 bounds [0x000002222f280000, 0x0000022231010000, 0x00000222367b0000]
CodeHeap 'non-nmethods': size=5760Kb used=1482Kb max_used=1569Kb free=4277Kb
 bounds [0x00000222367b0000, 0x0000022236a20000, 0x0000022236d50000]
 total_blobs=14102 nmethods=13312 adapters=692
 compilation: enabled
              stopped_count=0, restarted_count=0
 full_count=0

Compilation events (20 events):
Event: 45.488 Thread 0x0000022285ad1890 14085       4       org.eclipse.core.internal.resources.Resource::exists (24 bytes)
Event: 45.489 Thread 0x0000022285ad1890 nmethod 14085 0x0000022237713090 code [0x0000022237713220, 0x0000022237713320]
Event: 45.489 Thread 0x0000022285ad1890 14072       4       org.eclipse.jdt.internal.core.JrtPackageFragmentRoot::equals (69 bytes)
Event: 45.491 Thread 0x0000022285ad1890 nmethod 14072 0x0000022237713410 code [0x00000222377135c0, 0x0000022237713700]
Event: 45.491 Thread 0x0000022285ad1890 14069       4       org.eclipse.core.internal.resources.Project::hasNature (36 bytes)
Event: 45.502 Thread 0x0000022285ad1890 nmethod 14069 0x0000022237713810 code [0x00000222377139e0, 0x0000022237714030]
Event: 45.502 Thread 0x0000022285ad1890 14142       4       java.lang.invoke.DirectMethodHandle$Holder::invokeStatic (14 bytes)
Event: 45.503 Thread 0x0000022285ad1890 nmethod 14142 0x0000022237714510 code [0x00000222377146a0, 0x0000022237714778]
Event: 67.928 Thread 0x0000022285ad40b0 14171       3       java.util.concurrent.ThreadPoolExecutor::runStateAtLeast (11 bytes)
Event: 67.929 Thread 0x0000022285ad40b0 nmethod 14171 0x000002223100da10 code [0x000002223100dba0, 0x000002223100dce0]
Event: 96.537 Thread 0x0000022285ad40b0 14172       3       jdk.internal.ref.Cleaner::create (19 bytes)
Event: 96.549 Thread 0x0000022285ad40b0 nmethod 14172 0x000002223100dd90 code [0x000002223100df80, 0x000002223100e548]
Event: 96.549 Thread 0x0000022285ad40b0 14173       3       jdk.internal.ref.Cleaner::<init> (24 bytes)
Event: 96.553 Thread 0x0000022285ad40b0 nmethod 14173 0x000002223100e790 code [0x000002223100e940, 0x000002223100ec00]
Event: 96.553 Thread 0x0000022285ad40b0 14174  s    3       jdk.internal.ref.Cleaner::add (26 bytes)
Event: 96.553 Thread 0x0000022285ad40b0 nmethod 14174 0x000002223100ed10 code [0x000002223100eec0, 0x000002223100f110]
Event: 96.574 Thread 0x0000022285ad1890 14175       4       java.lang.StringLatin1::replace (198 bytes)
Event: 96.589 Thread 0x0000022285ad40b0 14176  s    1       org.eclipse.core.internal.filebuffers.SynchronizableDocument::getLockObject (5 bytes)
Event: 96.590 Thread 0x0000022285ad40b0 nmethod 14176 0x0000022237714890 code [0x0000022237714a20, 0x0000022237714ba8]
Event: 96.618 Thread 0x0000022285ad40b0 14181       3       org.eclipse.jdt.internal.compiler.parser.Parser::consumeMethodHeaderThrowsClause (117 bytes)

GC Heap History (20 events):
Event: 37.045 GC heap before
{Heap before GC invocations=1076 (full 3):
 PSYoungGen      total 4608K, used 4352K [0x00000000d5580000, 0x00000000d5b00000, 0x0000000100000000)
  eden space 3584K, 100% used [0x00000000d5580000,0x00000000d5900000,0x00000000d5900000)
  from space 1024K, 75% used [0x00000000d5a00000,0x00000000d5ac0000,0x00000000d5b00000)
  to   space 1024K, 0% used [0x00000000d5900000,0x00000000d5900000,0x00000000d5a00000)
 ParOldGen       total 742912K, used 742853K [0x0000000080000000, 0x00000000ad580000, 0x00000000d5580000)
  object space 742912K, 99% used [0x0000000080000000,0x00000000ad571578,0x00000000ad580000)
 Metaspace       used 70135K, committed 71680K, reserved 1114112K
  class space    used 7164K, committed 7872K, reserved 1048576K
}
Event: 37.048 GC heap after
{Heap after GC invocations=1076 (full 3):
 PSYoungGen      total 4608K, used 736K [0x00000000d5580000, 0x00000000d5b00000, 0x0000000100000000)
  eden space 3584K, 0% used [0x00000000d5580000,0x00000000d5580000,0x00000000d5900000)
  from space 1024K, 71% used [0x00000000d5900000,0x00000000d59b8000,0x00000000d5a00000)
  to   space 1024K, 0% used [0x00000000d5a00000,0x00000000d5a00000,0x00000000d5b00000)
 ParOldGen       total 742912K, used 742909K [0x0000000080000000, 0x00000000ad580000, 0x00000000d5580000)
  object space 742912K, 99% used [0x0000000080000000,0x00000000ad57f578,0x00000000ad580000)
 Metaspace       used 70135K, committed 71680K, reserved 1114112K
  class space    used 7164K, committed 7872K, reserved 1048576K
}
Event: 37.085 GC heap before
{Heap before GC invocations=1077 (full 3):
 PSYoungGen      total 4608K, used 4320K [0x00000000d5580000, 0x00000000d5b00000, 0x0000000100000000)
  eden space 3584K, 100% used [0x00000000d5580000,0x00000000d5900000,0x00000000d5900000)
  from space 1024K, 71% used [0x00000000d5900000,0x00000000d59b8000,0x00000000d5a00000)
  to   space 1024K, 0% used [0x00000000d5a00000,0x00000000d5a00000,0x00000000d5b00000)
 ParOldGen       total 742912K, used 742909K [0x0000000080000000, 0x00000000ad580000, 0x00000000d5580000)
  object space 742912K, 99% used [0x0000000080000000,0x00000000ad57f578,0x00000000ad580000)
 Metaspace       used 70161K, committed 71744K, reserved 1114112K
  class space    used 7165K, committed 7872K, reserved 1048576K
}
Event: 37.088 GC heap after
{Heap after GC invocations=1077 (full 3):
 PSYoungGen      total 4608K, used 704K [0x00000000d5580000, 0x00000000d5b00000, 0x0000000100000000)
  eden space 3584K, 0% used [0x00000000d5580000,0x00000000d5580000,0x00000000d5900000)
  from space 1024K, 68% used [0x00000000d5a00000,0x00000000d5ab0000,0x00000000d5b00000)
  to   space 1024K, 0% used [0x00000000d5900000,0x00000000d5900000,0x00000000d5a00000)
 ParOldGen       total 743424K, used 742985K [0x0000000080000000, 0x00000000ad600000, 0x00000000d5580000)
  object space 743424K, 99% used [0x0000000080000000,0x00000000ad592788,0x00000000ad600000)
 Metaspace       used 70161K, committed 71744K, reserved 1114112K
  class space    used 7165K, committed 7872K, reserved 1048576K
}
Event: 37.127 GC heap before
{Heap before GC invocations=1078 (full 3):
 PSYoungGen      total 4608K, used 4288K [0x00000000d5580000, 0x00000000d5b00000, 0x0000000100000000)
  eden space 3584K, 100% used [0x00000000d5580000,0x00000000d5900000,0x00000000d5900000)
  from space 1024K, 68% used [0x00000000d5a00000,0x00000000d5ab0000,0x00000000d5b00000)
  to   space 1024K, 0% used [0x00000000d5900000,0x00000000d5900000,0x00000000d5a00000)
 ParOldGen       total 743424K, used 742985K [0x0000000080000000, 0x00000000ad600000, 0x00000000d5580000)
  object space 743424K, 99% used [0x0000000080000000,0x00000000ad592788,0x00000000ad600000)
 Metaspace       used 70167K, committed 71744K, reserved 1114112K
  class space    used 7165K, committed 7872K, reserved 1048576K
}
Event: 37.130 GC heap after
{Heap after GC invocations=1078 (full 3):
 PSYoungGen      total 4608K, used 768K [0x00000000d5580000, 0x00000000d5b00000, 0x0000000100000000)
  eden space 3584K, 0% used [0x00000000d5580000,0x00000000d5580000,0x00000000d5900000)
  from space 1024K, 75% used [0x00000000d5900000,0x00000000d59c0000,0x00000000d5a00000)
  to   space 1024K, 0% used [0x00000000d5a00000,0x00000000d5a00000,0x00000000d5b00000)
 ParOldGen       total 743424K, used 743041K [0x0000000080000000, 0x00000000ad600000, 0x00000000d5580000)
  object space 743424K, 99% used [0x0000000080000000,0x00000000ad5a0788,0x00000000ad600000)
 Metaspace       used 70167K, committed 71744K, reserved 1114112K
  class space    used 7165K, committed 7872K, reserved 1048576K
}
Event: 37.166 GC heap before
{Heap before GC invocations=1079 (full 3):
 PSYoungGen      total 4608K, used 4352K [0x00000000d5580000, 0x00000000d5b00000, 0x0000000100000000)
  eden space 3584K, 100% used [0x00000000d5580000,0x00000000d5900000,0x00000000d5900000)
  from space 1024K, 75% used [0x00000000d5900000,0x00000000d59c0000,0x00000000d5a00000)
  to   space 1024K, 0% used [0x00000000d5a00000,0x00000000d5a00000,0x00000000d5b00000)
 ParOldGen       total 743424K, used 743041K [0x0000000080000000, 0x00000000ad600000, 0x00000000d5580000)
  object space 743424K, 99% used [0x0000000080000000,0x00000000ad5a0788,0x00000000ad600000)
 Metaspace       used 70168K, committed 71744K, reserved 1114112K
  class space    used 7165K, committed 7872K, reserved 1048576K
}
Event: 37.169 GC heap after
{Heap after GC invocations=1079 (full 3):
 PSYoungGen      total 4608K, used 832K [0x00000000d5580000, 0x00000000d5b00000, 0x0000000100000000)
  eden space 3584K, 0% used [0x00000000d5580000,0x00000000d5580000,0x00000000d5900000)
  from space 1024K, 81% used [0x00000000d5a00000,0x00000000d5ad0000,0x00000000d5b00000)
  to   space 1024K, 0% used [0x00000000d5900000,0x00000000d5900000,0x00000000d5a00000)
 ParOldGen       total 743424K, used 743057K [0x0000000080000000, 0x00000000ad600000, 0x00000000d5580000)
  object space 743424K, 99% used [0x0000000080000000,0x00000000ad5a4788,0x00000000ad600000)
 Metaspace       used 70168K, committed 71744K, reserved 1114112K
  class space    used 7165K, committed 7872K, reserved 1048576K
}
Event: 37.196 GC heap before
{Heap before GC invocations=1080 (full 3):
 PSYoungGen      total 4608K, used 4416K [0x00000000d5580000, 0x00000000d5b00000, 0x0000000100000000)
  eden space 3584K, 100% used [0x00000000d5580000,0x00000000d5900000,0x00000000d5900000)
  from space 1024K, 81% used [0x00000000d5a00000,0x00000000d5ad0000,0x00000000d5b00000)
  to   space 1024K, 0% used [0x00000000d5900000,0x00000000d5900000,0x00000000d5a00000)
 ParOldGen       total 743424K, used 743057K [0x0000000080000000, 0x00000000ad600000, 0x00000000d5580000)
  object space 743424K, 99% used [0x0000000080000000,0x00000000ad5a4788,0x00000000ad600000)
 Metaspace       used 70174K, committed 71744K, reserved 1114112K
  class space    used 7165K, committed 7872K, reserved 1048576K
}
Event: 37.198 GC heap after
{Heap after GC invocations=1080 (full 3):
 PSYoungGen      total 4608K, used 896K [0x00000000d5580000, 0x00000000d5b00000, 0x0000000100000000)
  eden space 3584K, 0% used [0x00000000d5580000,0x00000000d5580000,0x00000000d5900000)
  from space 1024K, 87% used [0x00000000d5900000,0x00000000d59e0000,0x00000000d5a00000)
  to   space 1024K, 0% used [0x00000000d5a00000,0x00000000d5a00000,0x00000000d5b00000)
 ParOldGen       total 743424K, used 743066K [0x0000000080000000, 0x00000000ad600000, 0x00000000d5580000)
  object space 743424K, 99% used [0x0000000080000000,0x00000000ad5a6b98,0x00000000ad600000)
 Metaspace       used 70174K, committed 71744K, reserved 1114112K
  class space    used 7165K, committed 7872K, reserved 1048576K
}
Event: 37.229 GC heap before
{Heap before GC invocations=1081 (full 3):
 PSYoungGen      total 4608K, used 4480K [0x00000000d5580000, 0x00000000d5b00000, 0x0000000100000000)
  eden space 3584K, 100% used [0x00000000d5580000,0x00000000d5900000,0x00000000d5900000)
  from space 1024K, 87% used [0x00000000d5900000,0x00000000d59e0000,0x00000000d5a00000)
  to   space 1024K, 0% used [0x00000000d5a00000,0x00000000d5a00000,0x00000000d5b00000)
 ParOldGen       total 743424K, used 743066K [0x0000000080000000, 0x00000000ad600000, 0x00000000d5580000)
  object space 743424K, 99% used [0x0000000080000000,0x00000000ad5a6b98,0x00000000ad600000)
 Metaspace       used 70182K, committed 71744K, reserved 1114112K
  class space    used 7165K, committed 7872K, reserved 1048576K
}
Event: 37.231 GC heap after
{Heap after GC invocations=1081 (full 3):
 PSYoungGen      total 4096K, used 160K [0x00000000d5580000, 0x00000000d5a80000, 0x0000000100000000)
  eden space 3584K, 0% used [0x00000000d5580000,0x00000000d5580000,0x00000000d5900000)
  from space 512K, 31% used [0x00000000d5a00000,0x00000000d5a28000,0x00000000d5a80000)
  to   space 512K, 0% used [0x00000000d5980000,0x00000000d5980000,0x00000000d5a00000)
 ParOldGen       total 743424K, used 743130K [0x0000000080000000, 0x00000000ad600000, 0x00000000d5580000)
  object space 743424K, 99% used [0x0000000080000000,0x00000000ad5b6b98,0x00000000ad600000)
 Metaspace       used 70182K, committed 71744K, reserved 1114112K
  class space    used 7165K, committed 7872K, reserved 1048576K
}
Event: 37.407 GC heap before
{Heap before GC invocations=1082 (full 3):
 PSYoungGen      total 4096K, used 3743K [0x00000000d5580000, 0x00000000d5a80000, 0x0000000100000000)
  eden space 3584K, 99% used [0x00000000d5580000,0x00000000d58fffb8,0x00000000d5900000)
  from space 512K, 31% used [0x00000000d5a00000,0x00000000d5a28000,0x00000000d5a80000)
  to   space 512K, 0% used [0x00000000d5980000,0x00000000d5980000,0x00000000d5a00000)
 ParOldGen       total 743424K, used 743130K [0x0000000080000000, 0x00000000ad600000, 0x00000000d5580000)
  object space 743424K, 99% used [0x0000000080000000,0x00000000ad5b6b98,0x00000000ad600000)
 Metaspace       used 70500K, committed 72000K, reserved 1114112K
  class space    used 7197K, committed 7872K, reserved 1048576K
}
Event: 37.409 GC heap after
{Heap after GC invocations=1082 (full 3):
 PSYoungGen      total 4096K, used 507K [0x00000000d5580000, 0x00000000d5b00000, 0x0000000100000000)
  eden space 3584K, 0% used [0x00000000d5580000,0x00000000d5580000,0x00000000d5900000)
  from space 512K, 99% used [0x00000000d5980000,0x00000000d59fee80,0x00000000d5a00000)
  to   space 1024K, 0% used [0x00000000d5a00000,0x00000000d5a00000,0x00000000d5b00000)
 ParOldGen       total 743424K, used 743170K [0x0000000080000000, 0x00000000ad600000, 0x00000000d5580000)
  object space 743424K, 99% used [0x0000000080000000,0x00000000ad5c0b98,0x00000000ad600000)
 Metaspace       used 70500K, committed 72000K, reserved 1114112K
  class space    used 7197K, committed 7872K, reserved 1048576K
}
Event: 37.478 GC heap before
{Heap before GC invocations=1083 (full 3):
 PSYoungGen      total 4096K, used 4091K [0x00000000d5580000, 0x00000000d5b00000, 0x0000000100000000)
  eden space 3584K, 100% used [0x00000000d5580000,0x00000000d5900000,0x00000000d5900000)
  from space 512K, 99% used [0x00000000d5980000,0x00000000d59fee80,0x00000000d5a00000)
  to   space 1024K, 0% used [0x00000000d5a00000,0x00000000d5a00000,0x00000000d5b00000)
 ParOldGen       total 743424K, used 743170K [0x0000000080000000, 0x00000000ad600000, 0x00000000d5580000)
  object space 743424K, 99% used [0x0000000080000000,0x00000000ad5c0b98,0x00000000ad600000)
 Metaspace       used 70944K, committed 72448K, reserved 1114112K
  class space    used 7264K, committed 7936K, reserved 1048576K
}
Event: 37.481 GC heap after
{Heap after GC invocations=1083 (full 3):
 PSYoungGen      total 4608K, used 511K [0x00000000d5580000, 0x00000000d5b00000, 0x0000000100000000)
  eden space 3584K, 0% used [0x00000000d5580000,0x00000000d5580000,0x00000000d5900000)
  from space 1024K, 49% used [0x00000000d5a00000,0x00000000d5a7fc58,0x00000000d5b00000)
  to   space 1024K, 0% used [0x00000000d5900000,0x00000000d5900000,0x00000000d5a00000)
 ParOldGen       total 743424K, used 743303K [0x0000000080000000, 0x00000000ad600000, 0x00000000d5580000)
  object space 743424K, 99% used [0x0000000080000000,0x00000000ad5e1e78,0x00000000ad600000)
 Metaspace       used 70944K, committed 72448K, reserved 1114112K
  class space    used 7264K, committed 7936K, reserved 1048576K
}
Event: 41.878 GC heap before
{Heap before GC invocations=1084 (full 3):
 PSYoungGen      total 4608K, used 4095K [0x00000000d5580000, 0x00000000d5b00000, 0x0000000100000000)
  eden space 3584K, 100% used [0x00000000d5580000,0x00000000d5900000,0x00000000d5900000)
  from space 1024K, 49% used [0x00000000d5a00000,0x00000000d5a7fc58,0x00000000d5b00000)
  to   space 1024K, 0% used [0x00000000d5900000,0x00000000d5900000,0x00000000d5a00000)
 ParOldGen       total 743424K, used 743303K [0x0000000080000000, 0x00000000ad600000, 0x00000000d5580000)
  object space 743424K, 99% used [0x0000000080000000,0x00000000ad5e1e78,0x00000000ad600000)
 Metaspace       used 71495K, committed 73024K, reserved 1114112K
  class space    used 7319K, committed 8000K, reserved 1048576K
}
Event: 41.881 GC heap after
{Heap after GC invocations=1084 (full 3):
 PSYoungGen      total 4608K, used 352K [0x00000000d5580000, 0x00000000d5a80000, 0x0000000100000000)
  eden space 3584K, 0% used [0x00000000d5580000,0x00000000d5580000,0x00000000d5900000)
  from space 1024K, 34% used [0x00000000d5900000,0x00000000d5958000,0x00000000d5a00000)
  to   space 512K, 0% used [0x00000000d5a00000,0x00000000d5a00000,0x00000000d5a80000)
 ParOldGen       total 743936K, used 743591K [0x0000000080000000, 0x00000000ad680000, 0x00000000d5580000)
  object space 743936K, 99% used [0x0000000080000000,0x00000000ad629fe0,0x00000000ad680000)
 Metaspace       used 71495K, committed 73024K, reserved 1114112K
  class space    used 7319K, committed 8000K, reserved 1048576K
}
Event: 43.426 GC heap before
{Heap before GC invocations=1085 (full 3):
 PSYoungGen      total 4608K, used 3936K [0x00000000d5580000, 0x00000000d5a80000, 0x0000000100000000)
  eden space 3584K, 100% used [0x00000000d5580000,0x00000000d5900000,0x00000000d5900000)
  from space 1024K, 34% used [0x00000000d5900000,0x00000000d5958000,0x00000000d5a00000)
  to   space 512K, 0% used [0x00000000d5a00000,0x00000000d5a00000,0x00000000d5a80000)
 ParOldGen       total 743936K, used 743591K [0x0000000080000000, 0x00000000ad680000, 0x00000000d5580000)
  object space 743936K, 99% used [0x0000000080000000,0x00000000ad629fe0,0x00000000ad680000)
 Metaspace       used 71531K, committed 73088K, reserved 1114112K
  class space    used 7319K, committed 8000K, reserved 1048576K
}
Event: 43.429 GC heap after
{Heap after GC invocations=1085 (full 3):
 PSYoungGen      total 4096K, used 512K [0x00000000d5580000, 0x00000000d5b00000, 0x0000000100000000)
  eden space 3584K, 0% used [0x00000000d5580000,0x00000000d5580000,0x00000000d5900000)
  from space 512K, 100% used [0x00000000d5a00000,0x00000000d5a80000,0x00000000d5a80000)
  to   space 1024K, 0% used [0x00000000d5900000,0x00000000d5900000,0x00000000d5a00000)
 ParOldGen       total 743936K, used 743826K [0x0000000080000000, 0x00000000ad680000, 0x00000000d5580000)
  object space 743936K, 99% used [0x0000000080000000,0x00000000ad664908,0x00000000ad680000)
 Metaspace       used 71531K, committed 73088K, reserved 1114112K
  class space    used 7319K, committed 8000K, reserved 1048576K
}

Dll operation events (10 events):
Event: 0.017 Loaded shared library c:\Users\PADIL M ZAKI\.vscode\extensions\redhat.java-1.43.1-win32-x64\jre\21.0.7-win32-x86_64\bin\java.dll
Event: 0.118 Loaded shared library c:\Users\PADIL M ZAKI\.vscode\extensions\redhat.java-1.43.1-win32-x64\jre\21.0.7-win32-x86_64\bin\zip.dll
Event: 0.148 Loaded shared library C:\Users\PADIL M ZAKI\.vscode\extensions\redhat.java-1.43.1-win32-x64\jre\21.0.7-win32-x86_64\bin\instrument.dll
Event: 0.156 Loaded shared library C:\Users\PADIL M ZAKI\.vscode\extensions\redhat.java-1.43.1-win32-x64\jre\21.0.7-win32-x86_64\bin\net.dll
Event: 0.160 Loaded shared library C:\Users\PADIL M ZAKI\.vscode\extensions\redhat.java-1.43.1-win32-x64\jre\21.0.7-win32-x86_64\bin\nio.dll
Event: 0.165 Loaded shared library C:\Users\PADIL M ZAKI\.vscode\extensions\redhat.java-1.43.1-win32-x64\jre\21.0.7-win32-x86_64\bin\zip.dll
Event: 0.196 Loaded shared library C:\Users\PADIL M ZAKI\.vscode\extensions\redhat.java-1.43.1-win32-x64\jre\21.0.7-win32-x86_64\bin\jimage.dll
Event: 0.322 Loaded shared library c:\Users\PADIL M ZAKI\.vscode\extensions\redhat.java-1.43.1-win32-x64\jre\21.0.7-win32-x86_64\bin\verify.dll
Event: 2.161 Loaded shared library C:\Users\PADIL M ZAKI\AppData\Roaming\Code\User\globalStorage\redhat.java\1.43.1\config_win\org.eclipse.equinox.launcher\org.eclipse.equinox.launcher.win32.win32.x86_64_1.2.1300.v20250331-1702\eclipse_11911.dll
Event: 5.431 Loaded shared library C:\Users\PADIL M ZAKI\AppData\Local\Temp\jna-1502444866\jna4326562593910250199.dll

Deoptimization events (20 events):
Event: 37.550 Thread 0x000002228b4b6b50 Uncommon trap: trap_request=0xffffff45 fr.pc=0x0000022236d597c8 relative=0x00000000000000a8
Event: 37.550 Thread 0x000002228b4b6b50 Uncommon trap: reason=unstable_if action=reinterpret pc=0x0000022236d597c8 method=java.lang.String.isLatin1()Z @ 10 c2
Event: 37.550 Thread 0x000002228b4b6b50 DEOPT PACKING pc=0x0000022236d597c8 sp=0x00000037494fd710
Event: 37.550 Thread 0x000002228b4b6b50 DEOPT UNPACKING pc=0x0000022236803aa2 sp=0x00000037494fd640 mode 2
Event: 41.897 Thread 0x000002228b4b6b50 Uncommon trap: trap_request=0xffffffcc fr.pc=0x00000222376a2600 relative=0x0000000000001ee0
Event: 41.897 Thread 0x000002228b4b6b50 Uncommon trap: reason=intrinsic_or_type_checked_inlining action=make_not_entrant pc=0x00000222376a2600 method=java.util.ArrayList$SubList.toArray([Ljava/lang/Object;)[Ljava/lang/Object; @ 58 c2
Event: 41.897 Thread 0x000002228b4b6b50 DEOPT PACKING pc=0x00000222376a2600 sp=0x00000037494fdad0
Event: 41.897 Thread 0x000002228b4b6b50 DEOPT UNPACKING pc=0x0000022236803aa2 sp=0x00000037494fd970 mode 2
Event: 41.897 Thread 0x000002228b4b6b50 Uncommon trap: trap_request=0xffffffcc fr.pc=0x00000222376a00a4 relative=0x0000000000000164
Event: 41.897 Thread 0x000002228b4b6b50 Uncommon trap: reason=intrinsic_or_type_checked_inlining action=make_not_entrant pc=0x00000222376a00a4 method=java.util.ArrayList$SubList.toArray([Ljava/lang/Object;)[Ljava/lang/Object; @ 58 c2
Event: 41.897 Thread 0x000002228b4b6b50 DEOPT PACKING pc=0x00000222376a00a4 sp=0x00000037494fd950
Event: 41.897 Thread 0x000002228b4b6b50 DEOPT UNPACKING pc=0x0000022236803aa2 sp=0x00000037494fd8f0 mode 2
Event: 43.409 Thread 0x000002228b4b6b50 Uncommon trap: trap_request=0xffffff76 fr.pc=0x00000222376bfa20 relative=0x0000000000001d20
Event: 43.409 Thread 0x000002228b4b6b50 Uncommon trap: reason=predicate action=maybe_recompile pc=0x00000222376bfa20 method=org.eclipse.jdt.internal.compiler.parser.Scanner.jumpOverMethodBody()V @ 7 c2
Event: 43.409 Thread 0x000002228b4b6b50 DEOPT PACKING pc=0x00000222376bfa20 sp=0x00000037494fd810
Event: 43.410 Thread 0x000002228b4b6b50 DEOPT UNPACKING pc=0x0000022236803aa2 sp=0x00000037494fd7a0 mode 2
Event: 96.576 Thread 0x000002228b4b6b50 DEOPT PACKING pc=0x0000022230f272d8 sp=0x00000037494fe450
Event: 96.577 Thread 0x000002228b4b6b50 DEOPT UNPACKING pc=0x0000022236804242 sp=0x00000037494fd910 mode 0
Event: 96.605 Thread 0x000002228b4b6b50 DEOPT PACKING pc=0x0000022230f272d8 sp=0x00000037494fdd70
Event: 96.605 Thread 0x000002228b4b6b50 DEOPT UNPACKING pc=0x0000022236804242 sp=0x00000037494fd230 mode 0

Classes loaded (20 events):
Event: 32.047 Loading class sun/util/resources/cldr/TimeZoneNames
Event: 32.051 Loading class sun/util/resources/TimeZoneNamesBundle
Event: 32.052 Loading class sun/util/resources/OpenListResourceBundle
Event: 32.052 Loading class sun/util/resources/OpenListResourceBundle done
Event: 32.052 Loading class sun/util/resources/TimeZoneNamesBundle done
Event: 32.052 Loading class sun/util/resources/cldr/TimeZoneNames done
Event: 32.052 Loading class sun/util/resources/cldr/TimeZoneNames_en
Event: 32.057 Loading class sun/util/resources/cldr/TimeZoneNames_en done
Event: 32.057 Loading class sun/util/resources/cldr/TimeZoneNames_en_US
Event: 32.057 Loading class sun/util/resources/cldr/TimeZoneNames_en_US done
Event: 32.073 Loading class sun/util/cldr/CLDRBaseLocaleDataMetaInfo$TZCanonicalIDMapHolder
Event: 32.075 Loading class sun/util/cldr/CLDRBaseLocaleDataMetaInfo$TZCanonicalIDMapHolder done
Event: 32.089 Loading class sun/util/resources/TimeZoneNames
Event: 32.092 Loading class sun/util/resources/TimeZoneNames done
Event: 32.092 Loading class sun/util/resources/TimeZoneNames_en
Event: 32.093 Loading class sun/util/resources/TimeZoneNames_en done
Event: 37.449 Loading class java/io/CharArrayReader
Event: 37.449 Loading class java/io/CharArrayReader done
Event: 37.450 Loading class java/util/regex/Pattern$Bound
Event: 37.450 Loading class java/util/regex/Pattern$Bound done

Classes unloaded (11 events):
Event: 6.295 Thread 0x0000022242b140b0 Unloading class 0x00000222441a3000 'java/lang/invoke/LambdaForm$MH+0x00000222441a3000'
Event: 6.295 Thread 0x0000022242b140b0 Unloading class 0x00000222441a2c00 'java/lang/invoke/LambdaForm$MH+0x00000222441a2c00'
Event: 6.295 Thread 0x0000022242b140b0 Unloading class 0x00000222441a2800 'java/lang/invoke/LambdaForm$MH+0x00000222441a2800'
Event: 6.295 Thread 0x0000022242b140b0 Unloading class 0x00000222441a2400 'java/lang/invoke/LambdaForm$MH+0x00000222441a2400'
Event: 6.295 Thread 0x0000022242b140b0 Unloading class 0x00000222441a2000 'java/lang/invoke/LambdaForm$BMH+0x00000222441a2000'
Event: 6.295 Thread 0x0000022242b140b0 Unloading class 0x00000222441a1c00 'java/lang/invoke/LambdaForm$DMH+0x00000222441a1c00'
Event: 6.295 Thread 0x0000022242b140b0 Unloading class 0x00000222441a0800 'java/lang/invoke/LambdaForm$DMH+0x00000222441a0800'
Event: 13.877 Thread 0x0000022242b140b0 Unloading class 0x0000022244691400 'java/lang/invoke/LambdaForm$DMH+0x0000022244691400'
Event: 13.877 Thread 0x0000022242b140b0 Unloading class 0x0000022244690c00 'java/lang/invoke/LambdaForm$DMH+0x0000022244690c00'
Event: 13.877 Thread 0x0000022242b140b0 Unloading class 0x0000022244691000 'java/lang/invoke/LambdaForm$DMH+0x0000022244691000'
Event: 13.877 Thread 0x0000022242b140b0 Unloading class 0x0000022244690800 'java/lang/invoke/LambdaForm$DMH+0x0000022244690800'

Classes redefined (0 events):
No events

Internal exceptions (20 events):
Event: 33.200 Thread 0x000002228af7bdd0 Exception <a 'sun/nio/fs/WindowsException'{0x00000000d564cea8}> (0x00000000d564cea8) 
thrown [s\src\hotspot\share\prims\jni.cpp, line 520]
Event: 33.354 Thread 0x000002228af7bdd0 Exception <a 'sun/nio/fs/WindowsException'{0x00000000d56a3ad0}> (0x00000000d56a3ad0) 
thrown [s\src\hotspot\share\prims\jni.cpp, line 520]
Event: 33.373 Thread 0x000002228af7bdd0 Exception <a 'sun/nio/fs/WindowsException'{0x00000000d56cf4c8}> (0x00000000d56cf4c8) 
thrown [s\src\hotspot\share\prims\jni.cpp, line 520]
Event: 33.460 Thread 0x000002228af7bdd0 Exception <a 'sun/nio/fs/WindowsException'{0x00000000d56938c0}> (0x00000000d56938c0) 
thrown [s\src\hotspot\share\prims\jni.cpp, line 520]
Event: 33.538 Thread 0x000002228af7bdd0 Exception <a 'sun/nio/fs/WindowsException'{0x00000000d581b1b8}> (0x00000000d581b1b8) 
thrown [s\src\hotspot\share\prims\jni.cpp, line 520]
Event: 33.575 Thread 0x000002228af7bdd0 Exception <a 'sun/nio/fs/WindowsException'{0x00000000d55aec68}> (0x00000000d55aec68) 
thrown [s\src\hotspot\share\prims\jni.cpp, line 520]
Event: 34.403 Thread 0x000002228af7bdd0 Exception <a 'sun/nio/fs/WindowsException'{0x00000000d56960d0}> (0x00000000d56960d0) 
thrown [s\src\hotspot\share\prims\jni.cpp, line 520]
Event: 36.343 Thread 0x000002228b7662b0 Exception <a 'java/lang/IncompatibleClassChangeError'{0x00000000d57c4490}: Found class java.lang.Object, but interface was expected> (0x00000000d57c4490) 
thrown [s\src\hotspot\share\interpreter\linkResolver.cpp, line 840]
Event: 36.489 Thread 0x000002228b4b7870 Implicit null exception at 0x00000222374dede3 to 0x00000222374dfb0c
Event: 36.913 Thread 0x000002228b4b6b50 Implicit null exception at 0x0000022237058659 to 0x000002223705acac
Event: 37.524 Thread 0x000002228b4b6b50 Exception <a 'java/lang/ClassNotFoundException'{0x00000000d5742b70}: sun/net/www/protocol/jdt/Handler> (0x00000000d5742b70) 
thrown [s\src\hotspot\share\classfile\systemDictionary.cpp, line 312]
Event: 37.525 Thread 0x000002228b4b6b50 Exception <a 'java/lang/ClassNotFoundException'{0x00000000d5747a08}: sun/net/www/protocol/jdt/Handler> (0x00000000d5747a08) 
thrown [s\src\hotspot\share\classfile\systemDictionary.cpp, line 312]
Event: 37.525 Thread 0x000002228b4b6b50 Exception <a 'java/lang/ClassNotFoundException'{0x00000000d574a5e0}: sun/net/www/protocol/jdt/Handler> (0x00000000d574a5e0) 
thrown [s\src\hotspot\share\classfile\systemDictionary.cpp, line 312]
Event: 37.526 Thread 0x000002228b4b6b50 Exception <a 'java/lang/ClassNotFoundException'{0x00000000d574d1e0}: sun/net/www/protocol/jdt/Handler> (0x00000000d574d1e0) 
thrown [s\src\hotspot\share\classfile\systemDictionary.cpp, line 312]
Event: 37.526 Thread 0x000002228b4b6b50 Exception <a 'java/lang/ClassNotFoundException'{0x00000000d574fdf0}: sun/net/www/protocol/jdt/Handler> (0x00000000d574fdf0) 
thrown [s\src\hotspot\share\classfile\systemDictionary.cpp, line 312]
Event: 37.526 Thread 0x000002228b4b6b50 Exception <a 'java/lang/ClassNotFoundException'{0x00000000d5753fe8}: sun/net/www/protocol/jdt/Handler> (0x00000000d5753fe8) 
thrown [s\src\hotspot\share\classfile\systemDictionary.cpp, line 312]
Event: 37.526 Thread 0x000002228b4b6b50 Exception <a 'java/lang/ClassNotFoundException'{0x00000000d5756bc0}: sun/net/www/protocol/jdt/Handler> (0x00000000d5756bc0) 
thrown [s\src\hotspot\share\classfile\systemDictionary.cpp, line 312]
Event: 37.527 Thread 0x000002228b4b6b50 Exception <a 'java/lang/ClassNotFoundException'{0x00000000d5759a40}: sun/net/www/protocol/jdt/Handler> (0x00000000d5759a40) 
thrown [s\src\hotspot\share\classfile\systemDictionary.cpp, line 312]
Event: 37.527 Thread 0x000002228b4b6b50 Exception <a 'java/lang/ClassNotFoundException'{0x00000000d575c788}: sun/net/www/protocol/jdt/Handler> (0x00000000d575c788) 
thrown [s\src\hotspot\share\classfile\systemDictionary.cpp, line 312]
Event: 37.527 Thread 0x000002228b4b6b50 Exception <a 'java/lang/ClassNotFoundException'{0x00000000d575f158}: sun/net/www/protocol/jdt/Handler> (0x00000000d575f158) 
thrown [s\src\hotspot\share\classfile\systemDictionary.cpp, line 312]

ZGC Phase Switch (0 events):
No events

VM Operations (20 events):
Event: 37.478 Executing VM operation: ParallelGCFailedAllocation (Allocation Failure)
Event: 37.481 Executing VM operation: ParallelGCFailedAllocation (Allocation Failure) done
Event: 37.511 Executing VM operation: HandshakeAllThreads (Deoptimize)
Event: 37.511 Executing VM operation: HandshakeAllThreads (Deoptimize) done
Event: 38.522 Executing VM operation: Cleanup
Event: 38.523 Executing VM operation: Cleanup done
Event: 41.878 Executing VM operation: ParallelGCFailedAllocation (Allocation Failure)
Event: 41.881 Executing VM operation: ParallelGCFailedAllocation (Allocation Failure) done
Event: 42.883 Executing VM operation: Cleanup
Event: 42.883 Executing VM operation: Cleanup done
Event: 43.426 Executing VM operation: ParallelGCFailedAllocation (Allocation Failure)
Event: 43.430 Executing VM operation: ParallelGCFailedAllocation (Allocation Failure) done
Event: 44.434 Executing VM operation: Cleanup
Event: 44.434 Executing VM operation: Cleanup done
Event: 60.057 Executing VM operation: HandshakeAllThreads (HandshakeForDeflation)
Event: 60.058 Executing VM operation: HandshakeAllThreads (HandshakeForDeflation) done
Event: 60.058 Executing VM operation: RendezvousGCThreads
Event: 60.058 Executing VM operation: RendezvousGCThreads done
Event: 97.377 Executing VM operation: Cleanup
Event: 97.378 Executing VM operation: Cleanup done

Memory protections (0 events):
No events

Nmethod flushes (20 events):
Event: 13.905 Thread 0x0000022242b140b0 flushing  nmethod 0x000002222fb3d290
Event: 13.905 Thread 0x0000022242b140b0 flushing  nmethod 0x000002222fb50a10
Event: 13.905 Thread 0x0000022242b140b0 flushing  nmethod 0x000002222fb51390
Event: 13.905 Thread 0x0000022242b140b0 flushing  nmethod 0x000002222fb51910
Event: 13.905 Thread 0x0000022242b140b0 flushing  nmethod 0x000002222fb54e10
Event: 13.905 Thread 0x0000022242b140b0 flushing  nmethod 0x000002222fb55d90
Event: 13.905 Thread 0x0000022242b140b0 flushing  nmethod 0x000002222fb58a90
Event: 13.905 Thread 0x0000022242b140b0 flushing  nmethod 0x000002222fb58e10
Event: 13.905 Thread 0x0000022242b140b0 flushing  nmethod 0x000002222fb68e90
Event: 13.905 Thread 0x0000022242b140b0 flushing osr nmethod 0x000002222fb69e90
Event: 13.905 Thread 0x0000022242b140b0 flushing  nmethod 0x000002222fb88210
Event: 13.905 Thread 0x0000022242b140b0 flushing  nmethod 0x000002222fb9f510
Event: 13.905 Thread 0x0000022242b140b0 flushing  nmethod 0x000002222fba0c10
Event: 13.905 Thread 0x0000022242b140b0 flushing  nmethod 0x000002222fba1210
Event: 13.905 Thread 0x0000022242b140b0 flushing  nmethod 0x000002222fba2b90
Event: 13.905 Thread 0x0000022242b140b0 flushing  nmethod 0x000002222fbabd10
Event: 13.905 Thread 0x0000022242b140b0 flushing  nmethod 0x000002222fbaf310
Event: 13.905 Thread 0x0000022242b140b0 flushing  nmethod 0x000002222fbc0110
Event: 13.905 Thread 0x0000022242b140b0 flushing  nmethod 0x000002222fbc4090
Event: 13.905 Thread 0x0000022242b140b0 flushing  nmethod 0x000002222fbf1610

Events (20 events):
Event: 21.765 Thread 0x000002228af72200 Thread exited: 0x000002228af72200
Event: 21.962 Thread 0x0000022285ad40b0 Thread added: 0x000002228af72200
Event: 22.147 Thread 0x000002228af72200 Thread exited: 0x000002228af72200
Event: 22.285 Thread 0x0000022285ad40b0 Thread added: 0x000002228af72200
Event: 23.413 Thread 0x00000222964c1370 Thread added: 0x00000222964c3ad0
Event: 23.413 Thread 0x000002228b7662b0 Thread added: 0x000002228b4b64c0
Event: 23.414 Thread 0x00000222964c3ad0 Thread added: 0x000002228b4b7f00
Event: 23.415 Thread 0x000002228b4b7f00 Thread added: 0x000002228b4b7870
Event: 23.417 Thread 0x000002228b4b64c0 Thread added: 0x000002228b4b6b50
Event: 23.844 Thread 0x000002228b4b6b50 Thread added: 0x000002228b4b8590
Event: 26.305 Thread 0x000002228af72200 Thread exited: 0x000002228af72200
Event: 36.351 Thread 0x0000022285ad40b0 Thread added: 0x0000022296b70fa0
Event: 41.873 Thread 0x0000022296b70fa0 Thread exited: 0x0000022296b70fa0
Event: 70.763 Thread 0x000002228b768380 Thread exited: 0x000002228b768380
Event: 73.364 Thread 0x000002228d083720 Thread exited: 0x000002228d083720
Event: 93.594 Thread 0x000002228af7c460 Thread exited: 0x000002228af7c460
Event: 93.595 Thread 0x000002228af7b0b0 Thread exited: 0x000002228af7b0b0
Event: 94.409 Thread 0x000002228af7d810 Thread exited: 0x000002228af7d810
Event: 94.412 Thread 0x000002228af7aa20 Thread exited: 0x000002228af7aa20
Event: 94.549 Thread 0x000002228af7b740 Thread exited: 0x000002228af7b740


Dynamic libraries:
0x00007ff7ff2c0000 - 0x00007ff7ff2ce000 	c:\Users\PADIL M ZAKI\.vscode\extensions\redhat.java-1.43.1-win32-x64\jre\21.0.7-win32-x86_64\bin\java.exe
0x00007ffba6d60000 - 0x00007ffba6fc8000 	C:\WINDOWS\SYSTEM32\ntdll.dll
0x00007ffba4b60000 - 0x00007ffba4c29000 	C:\WINDOWS\System32\KERNEL32.DLL
0x00007ffba4200000 - 0x00007ffba45ed000 	C:\WINDOWS\System32\KERNELBASE.dll
0x00007ffba40b0000 - 0x00007ffba41fb000 	C:\WINDOWS\System32\ucrtbase.dll
0x00007ffb7c7e0000 - 0x00007ffb7c7f8000 	c:\Users\PADIL M ZAKI\.vscode\extensions\redhat.java-1.43.1-win32-x64\jre\21.0.7-win32-x86_64\bin\jli.dll
0x00007ffb81910000 - 0x00007ffb8192e000 	c:\Users\PADIL M ZAKI\.vscode\extensions\redhat.java-1.43.1-win32-x64\jre\21.0.7-win32-x86_64\bin\VCRUNTIME140.dll
0x00007ffba53d0000 - 0x00007ffba559c000 	C:\WINDOWS\System32\USER32.dll
0x00007ffba4730000 - 0x00007ffba4757000 	C:\WINDOWS\System32\win32u.dll
0x00007ffb8ed90000 - 0x00007ffb8f02a000 	C:\WINDOWS\WinSxS\amd64_microsoft.windows.common-controls_6595b64144ccf1df_6.0.26100.4484_none_3e0e6d4ce32ef3b3\COMCTL32.dll
0x00007ffba6240000 - 0x00007ffba626b000 	C:\WINDOWS\System32\GDI32.dll
0x00007ffba3f70000 - 0x00007ffba40a7000 	C:\WINDOWS\System32\gdi32full.dll
0x00007ffba5ea0000 - 0x00007ffba5f49000 	C:\WINDOWS\System32\msvcrt.dll
0x00007ffba45f0000 - 0x00007ffba4693000 	C:\WINDOWS\System32\msvcp_win.dll
0x00007ffba55c0000 - 0x00007ffba55ef000 	C:\WINDOWS\System32\IMM32.DLL
0x00007ffba0a30000 - 0x00007ffba0a3c000 	c:\Users\PADIL M ZAKI\.vscode\extensions\redhat.java-1.43.1-win32-x64\jre\21.0.7-win32-x86_64\bin\vcruntime140_1.dll
0x00007ffb2c220000 - 0x00007ffb2c2ad000 	c:\Users\PADIL M ZAKI\.vscode\extensions\redhat.java-1.43.1-win32-x64\jre\21.0.7-win32-x86_64\bin\msvcp140.dll
0x00007ffad76f0000 - 0x00007ffad8480000 	c:\Users\PADIL M ZAKI\.vscode\extensions\redhat.java-1.43.1-win32-x64\jre\21.0.7-win32-x86_64\bin\server\jvm.dll
0x00007ffba5b80000 - 0x00007ffba5c34000 	C:\WINDOWS\System32\ADVAPI32.dll
0x00007ffba5df0000 - 0x00007ffba5e96000 	C:\WINDOWS\System32\sechost.dll
0x00007ffba62a0000 - 0x00007ffba63b8000 	C:\WINDOWS\System32\RPCRT4.dll
0x00007ffba5f60000 - 0x00007ffba5fd4000 	C:\WINDOWS\System32\WS2_32.dll
0x00007ffb9c120000 - 0x00007ffb9c155000 	C:\WINDOWS\SYSTEM32\WINMM.dll
0x00007ffba3d20000 - 0x00007ffba3d7e000 	C:\WINDOWS\SYSTEM32\POWRPROF.dll
0x00007ffb9c160000 - 0x00007ffb9c16b000 	C:\WINDOWS\SYSTEM32\VERSION.dll
0x00007ffba3d00000 - 0x00007ffba3d14000 	C:\WINDOWS\SYSTEM32\UMPDC.dll
0x00007ffba2b90000 - 0x00007ffba2bab000 	C:\WINDOWS\SYSTEM32\kernel.appcore.dll
0x00007ffb94d40000 - 0x00007ffb94d4a000 	c:\Users\PADIL M ZAKI\.vscode\extensions\redhat.java-1.43.1-win32-x64\jre\21.0.7-win32-x86_64\bin\jimage.dll
0x00007ffba1860000 - 0x00007ffba1aa1000 	C:\WINDOWS\SYSTEM32\DBGHELP.DLL
0x00007ffba5600000 - 0x00007ffba5986000 	C:\WINDOWS\System32\combase.dll
0x00007ffba5990000 - 0x00007ffba5a70000 	C:\WINDOWS\System32\OLEAUT32.dll
0x00007ffb8f250000 - 0x00007ffb8f293000 	C:\WINDOWS\SYSTEM32\dbgcore.DLL
0x00007ffba48e0000 - 0x00007ffba4979000 	C:\WINDOWS\System32\bcryptPrimitives.dll
0x00007ffb94c40000 - 0x00007ffb94c4f000 	c:\Users\PADIL M ZAKI\.vscode\extensions\redhat.java-1.43.1-win32-x64\jre\21.0.7-win32-x86_64\bin\instrument.dll
0x00007ffb7c580000 - 0x00007ffb7c59f000 	c:\Users\PADIL M ZAKI\.vscode\extensions\redhat.java-1.43.1-win32-x64\jre\21.0.7-win32-x86_64\bin\java.dll
0x00007ffba63c0000 - 0x00007ffba6b0a000 	C:\WINDOWS\System32\SHELL32.dll
0x00007ffba4980000 - 0x00007ffba4af4000 	C:\WINDOWS\System32\wintypes.dll
0x00007ffba1ae0000 - 0x00007ffba233b000 	C:\WINDOWS\SYSTEM32\windows.storage.dll
0x00007ffba6c20000 - 0x00007ffba6d15000 	C:\WINDOWS\System32\SHCORE.dll
0x00007ffba6bb0000 - 0x00007ffba6c1a000 	C:\WINDOWS\System32\shlwapi.dll
0x00007ffba3dc0000 - 0x00007ffba3def000 	C:\WINDOWS\SYSTEM32\profapi.dll
0x00007ffb79e30000 - 0x00007ffb79e48000 	c:\Users\PADIL M ZAKI\.vscode\extensions\redhat.java-1.43.1-win32-x64\jre\21.0.7-win32-x86_64\bin\zip.dll
0x00007ffb94a70000 - 0x00007ffb94a80000 	C:\Users\PADIL M ZAKI\.vscode\extensions\redhat.java-1.43.1-win32-x64\jre\21.0.7-win32-x86_64\bin\net.dll
0x00007ffb9bde0000 - 0x00007ffb9befe000 	C:\WINDOWS\SYSTEM32\WINHTTP.dll
0x00007ffba31a0000 - 0x00007ffba320a000 	C:\WINDOWS\system32\mswsock.dll
0x00007ffb79890000 - 0x00007ffb798a6000 	C:\Users\PADIL M ZAKI\.vscode\extensions\redhat.java-1.43.1-win32-x64\jre\21.0.7-win32-x86_64\bin\nio.dll
0x00007ffb8dc90000 - 0x00007ffb8dca0000 	c:\Users\PADIL M ZAKI\.vscode\extensions\redhat.java-1.43.1-win32-x64\jre\21.0.7-win32-x86_64\bin\verify.dll
0x00007ffb72af0000 - 0x00007ffb72b35000 	C:\Users\PADIL M ZAKI\AppData\Roaming\Code\User\globalStorage\redhat.java\1.43.1\config_win\org.eclipse.equinox.launcher\org.eclipse.equinox.launcher.win32.win32.x86_64_1.2.1300.v20250331-1702\eclipse_11911.dll
0x00007ffba5c40000 - 0x00007ffba5dde000 	C:\WINDOWS\System32\ole32.dll
0x00007ffba3490000 - 0x00007ffba34ab000 	C:\WINDOWS\SYSTEM32\CRYPTSP.dll
0x00007ffba2bb0000 - 0x00007ffba2bea000 	C:\WINDOWS\system32\rsaenh.dll
0x00007ffba3260000 - 0x00007ffba328b000 	C:\WINDOWS\SYSTEM32\USERENV.dll
0x00007ffba3d90000 - 0x00007ffba3db6000 	C:\WINDOWS\SYSTEM32\bcrypt.dll
0x00007ffba34b0000 - 0x00007ffba34bc000 	C:\WINDOWS\SYSTEM32\CRYPTBASE.dll
0x00007ffba2620000 - 0x00007ffba2653000 	C:\WINDOWS\SYSTEM32\IPHLPAPI.DLL
0x00007ffba5f50000 - 0x00007ffba5f5a000 	C:\WINDOWS\System32\NSI.dll
0x00007ffb64cf0000 - 0x00007ffb64d39000 	C:\Users\PADIL M ZAKI\AppData\Local\Temp\jna-1502444866\jna4326562593910250199.dll
0x00007ffba55b0000 - 0x00007ffba55b8000 	C:\WINDOWS\System32\PSAPI.DLL
0x00007ffb9bdb0000 - 0x00007ffb9bdcf000 	C:\WINDOWS\SYSTEM32\dhcpcsvc6.DLL
0x00007ffb99de0000 - 0x00007ffb99e05000 	C:\WINDOWS\SYSTEM32\dhcpcsvc.DLL
0x00007ffba2d60000 - 0x00007ffba2d96000 	C:\WINDOWS\SYSTEM32\ntmarta.dll

dbghelp: loaded successfully - version: 4.0.5 - missing functions: none
symbol engine: initialized successfully - sym options: 0x614 - pdb path: .;c:\Users\PADIL M ZAKI\.vscode\extensions\redhat.java-1.43.1-win32-x64\jre\21.0.7-win32-x86_64\bin;C:\WINDOWS\SYSTEM32;C:\WINDOWS\WinSxS\amd64_microsoft.windows.common-controls_6595b64144ccf1df_6.0.26100.4484_none_3e0e6d4ce32ef3b3;c:\Users\PADIL M ZAKI\.vscode\extensions\redhat.java-1.43.1-win32-x64\jre\21.0.7-win32-x86_64\bin\server;C:\Users\PADIL M ZAKI\AppData\Roaming\Code\User\globalStorage\redhat.java\1.43.1\config_win\org.eclipse.equinox.launcher\org.eclipse.equinox.launcher.win32.win32.x86_64_1.2.1300.v20250331-1702;C:\Users\PADIL M ZAKI\AppData\Local\Temp\jna-1502444866

VM Arguments:
jvm_args: --add-modules=ALL-SYSTEM --add-opens=java.base/java.util=ALL-UNNAMED --add-opens=java.base/java.lang=ALL-UNNAMED --add-opens=java.base/sun.nio.fs=ALL-UNNAMED -Declipse.application=org.eclipse.jdt.ls.core.id1 -Dosgi.bundles.defaultStartLevel=4 -Declipse.product=org.eclipse.jdt.ls.core.product -Djava.import.generatesMetadataFilesAtProjectRoot=false -DDetectVMInstallationsJob.disabled=true -Dfile.encoding=utf8 -XX:+UseParallelGC -XX:GCTimeRatio=4 -XX:AdaptiveSizePolicyWeight=90 -Dsun.zip.disableMemoryMapping=true -Xmx2G -Xms100m -Xlog:disable -javaagent:c:\Users\PADIL M ZAKI\.vscode\extensions\redhat.java-1.43.1-win32-x64\lombok\lombok-1.18.39-4050.jar -XX:+HeapDumpOnOutOfMemoryError -XX:HeapDumpPath=c:\Users\PADIL M ZAKI\AppData\Roaming\Code\User\workspaceStorage\84783180bd22a85964de216d9acdda03\redhat.java -Daether.dependencyCollector.impl=bf 
java_command: c:\Users\PADIL M ZAKI\.vscode\extensions\redhat.java-1.43.1-win32-x64\server\plugins\org.eclipse.equinox.launcher_1.7.0.v20250519-0528.jar -configuration c:\Users\PADIL M ZAKI\AppData\Roaming\Code\User\globalStorage\redhat.java\1.43.1\config_win -data c:\Users\PADIL M ZAKI\AppData\Roaming\Code\User\workspaceStorage\84783180bd22a85964de216d9acdda03\redhat.java\jdt_ws --pipe=\\.\pipe\lsp-c5d178f34cf15b3911c6820b0a0c2944-sock
java_class_path (initial): c:\Users\PADIL M ZAKI\.vscode\extensions\redhat.java-1.43.1-win32-x64\server\plugins\org.eclipse.equinox.launcher_1.7.0.v20250519-0528.jar
Launcher Type: SUN_STANDARD

[Global flags]
    uintx AdaptiveSizePolicyWeight                 = 90                                        {product} {command line}
     intx CICompilerCount                          = 4                                         {product} {ergonomic}
    uintx GCTimeRatio                              = 4                                         {product} {command line}
     bool HeapDumpOnOutOfMemoryError               = true                                   {manageable} {command line}
    ccstr HeapDumpPath                             = c:\Users\PADIL M ZAKI\AppData\Roaming\Code\User\workspaceStorage\84783180bd22a85964de216d9acdda03\redhat.java         {manageable} {command line}
   size_t InitialHeapSize                          = 104857600                                 {product} {command line}
   size_t MaxHeapSize                              = 2147483648                                {product} {command line}
   size_t MaxNewSize                               = 715653120                                 {product} {ergonomic}
   size_t MinHeapDeltaBytes                        = 524288                                    {product} {ergonomic}
   size_t MinHeapSize                              = 104857600                                 {product} {command line}
   size_t NewSize                                  = 34603008                                  {product} {ergonomic}
    uintx NonNMethodCodeHeapSize                   = 5839372                                {pd product} {ergonomic}
    uintx NonProfiledCodeHeapSize                  = 122909434                              {pd product} {ergonomic}
   size_t OldSize                                  = 70254592                                  {product} {ergonomic}
    uintx ProfiledCodeHeapSize                     = 122909434                              {pd product} {ergonomic}
    uintx ReservedCodeCacheSize                    = 251658240                              {pd product} {ergonomic}
     bool SegmentedCodeCache                       = true                                      {product} {ergonomic}
   size_t SoftMaxHeapSize                          = 2147483648                             {manageable} {ergonomic}
     bool UseCompressedOops                        = true                           {product lp64_product} {ergonomic}
     bool UseLargePagesIndividualAllocation        = false                                  {pd product} {ergonomic}
     bool UseParallelGC                            = true                                      {product} {command line}

Logging:
Log output configuration:
 #0: stdout all=off uptime,level,tags foldmultilines=false
 #1: stderr all=off uptime,level,tags foldmultilines=false

Environment Variables:
JAVA_HOME=C:\Program Files\Eclipse Adoptium\jdk-17.0.14.7-hotspot\
PATH=C:\Program Files\Common Files\Oracle\Java\javapath;C:\Program Files\Eclipse Adoptium\jdk-17.0.14.7-hotspot\bin;C:\Python313\Scripts\;C:\Python313\;C:\WINDOWS\system32;C:\WINDOWS;C:\WINDOWS\System32\Wbem;C:\WINDOWS\System32\WindowsPowerShell\v1.0\;C:\WINDOWS\System32\OpenSSH\;C:\Program Files\Git\cmd;C:\Program Files\Docker\Docker\resources\bin;C:\MinGW\bin;C:\ProgramData\chocolatey\bin;C:\Program Files\MongoDB\Server\8.0\bin;C:\Program Files\Eclipse Adoptium\jdk-17.0.14.7-hotspot\\bin;C:\Program Files (x86)\Microsoft SQL Server\100\Tools\Binn\;C:\Program Files\Microsoft SQL Server\100\Tools\Binn\;C:\Program Files\Microsoft SQL Server\100\DTS\Binn\;D:\xampp\php;C:\ProgramData\ComposerSetup\bin;D:\;C:\Users\PADIL M ZAKI\AppData\Local\Microsoft\WindowsApps;C:\Program Files\MongoDB\Server\8.0\bin;C:\Users\PADIL M ZAKI\AppData\Local\Programs\Microsoft VS Code\bin;C:\Program Files (x86)\Nmap;C:\ProgramData\TinyTeX\bin\windows;C:\Users\PADIL M ZAKI\AppData\Roaming\Composer\vendor\bin;C:\Users\PADIL M ZAKI\AppData\Roaming\npm
USERNAME=PADIL M ZAKI
OS=Windows_NT
PROCESSOR_IDENTIFIER=AMD64 Family 25 Model 80 Stepping 0, AuthenticAMD
TMP=C:\Users\PADILM~1\AppData\Local\Temp
TEMP=C:\Users\PADILM~1\AppData\Local\Temp




Periodic native trim disabled

---------------  S Y S T E M  ---------------

OS:
 Windows 11 , 64 bit Build 26100 (10.0.26100.4484)
OS uptime: 0 days 9:22 hours
Hyper-V role detected

CPU: total 12 (initial active 12) (12 cores per cpu, 2 threads per core) family 25 model 80 stepping 0 microcode 0xa50000c, cx8, cmov, fxsr, ht, mmx, 3dnowpref, sse, sse2, sse3, ssse3, sse4a, sse4.1, sse4.2, popcnt, lzcnt, tsc, tscinvbit, avx, avx2, aes, erms, clmul, bmi1, bmi2, adx, sha, fma, vzeroupper, clflush, clflushopt, hv, rdtscp, rdpid, fsrm, f16c, cet_ss
Processor Information for processor 0
  Max Mhz: 2301, Current Mhz: 1798, Mhz Limit: 2301
Processor Information for processor 1
  Max Mhz: 2301, Current Mhz: 1798, Mhz Limit: 2301
Processor Information for processor 2
  Max Mhz: 2301, Current Mhz: 1798, Mhz Limit: 2301
Processor Information for processor 3
  Max Mhz: 2301, Current Mhz: 1798, Mhz Limit: 2301
Processor Information for processor 4
  Max Mhz: 2301, Current Mhz: 1798, Mhz Limit: 2301
Processor Information for processor 5
  Max Mhz: 2301, Current Mhz: 1798, Mhz Limit: 2301
Processor Information for processor 6
  Max Mhz: 2301, Current Mhz: 1904, Mhz Limit: 2301
Processor Information for processor 7
  Max Mhz: 2301, Current Mhz: 1798, Mhz Limit: 2301
Processor Information for processor 8
  Max Mhz: 2301, Current Mhz: 1904, Mhz Limit: 2301
Processor Information for processor 9
  Max Mhz: 2301, Current Mhz: 1798, Mhz Limit: 2301
Processor Information for processor 10
  Max Mhz: 2301, Current Mhz: 1798, Mhz Limit: 2301
Processor Information for processor 11
  Max Mhz: 2301, Current Mhz: 1798, Mhz Limit: 2301

Memory: 4k page, system-wide physical 5989M (557M free)
TotalPageFile size 24421M (AvailPageFile size 0M)
current process WorkingSet (physical memory assigned to process): 41M, peak: 810M
current process commit charge ("private bytes"): 1025M, peak: 1073M

vm_info: OpenJDK 64-Bit Server VM (21.0.7+6-LTS) for windows-amd64 JRE (21.0.7+6-LTS), built on 2025-04-15T00:00:00Z by "admin" with MS VC++ 17.7 (VS2022)

END.
