#
# There is insufficient memory for the Java Runtime Environment to continue.
# Native memory allocation (malloc) failed to allocate 1324336 bytes. Error detail: Chunk::new
# Possible reasons:
#   The system is out of physical RAM or swap space
#   This process is running with CompressedOops enabled, and the Java Heap may be blocking the growth of the native heap
# Possible solutions:
#   Reduce memory load on the system
#   Increase physical memory or swap space
#   Check if swap backing store is full
#   Decrease Java heap size (-Xmx/-Xms)
#   Decrease number of Java threads
#   Decrease Java thread stack sizes (-Xss)
#   Set larger code cache with -XX:ReservedCodeCacheSize=
#   JVM is running with Unscaled Compressed Oops mode in which the Java heap is
#     placed in the first 4GB address space. The Java Heap base address is the
#     maximum limit for the native heap growth. Please use -XX:HeapBaseMinAddress
#     to set the Java Heap base and to place the Java Heap above 4GB virtual address.
# This output file may be truncated or incomplete.
#
#  Out of Memory Error (arena.cpp:168), pid=20008, tid=32508
#
# JRE version: OpenJDK Runtime Environment Temurin-21.0.7+6 (21.0.7+6) (build 21.0.7+6-LTS)
# Java VM: OpenJDK 64-Bit Server VM Temurin-21.0.7+6 (21.0.7+6-LTS, mixed mode, sharing, tiered, compressed oops, compressed class ptrs, parallel gc, windows-amd64)
# No core dump will be written. Minidumps are not enabled by default on client versions of Windows
#

---------------  S U M M A R Y ------------

Command Line: --add-modules=ALL-SYSTEM --add-opens=java.base/java.util=ALL-UNNAMED --add-opens=java.base/java.lang=ALL-UNNAMED --add-opens=java.base/sun.nio.fs=ALL-UNNAMED -Declipse.application=org.eclipse.jdt.ls.core.id1 -Dosgi.bundles.defaultStartLevel=4 -Declipse.product=org.eclipse.jdt.ls.core.product -Djava.import.generatesMetadataFilesAtProjectRoot=false -DDetectVMInstallationsJob.disabled=true -Dfile.encoding=utf8 -XX:+UseParallelGC -XX:GCTimeRatio=4 -XX:AdaptiveSizePolicyWeight=90 -Dsun.zip.disableMemoryMapping=true -Xmx2G -Xms100m -Xlog:disable -javaagent:c:\Users\PADIL M ZAKI\.vscode\extensions\redhat.java-1.43.1-win32-x64\lombok\lombok-1.18.39-4050.jar -XX:+HeapDumpOnOutOfMemoryError -XX:HeapDumpPath=c:\Users\PADIL M ZAKI\AppData\Roaming\Code\User\workspaceStorage\a62fecfe5c378930e62d3ec62168faec\redhat.java -Daether.dependencyCollector.impl=bf c:\Users\PADIL M ZAKI\.vscode\extensions\redhat.java-1.43.1-win32-x64\server\plugins\org.eclipse.equinox.launcher_1.7.0.v20250519-0528.jar -configuration c:\Users\PADIL M ZAKI\AppData\Roaming\Code\User\globalStorage\redhat.java\1.43.1\config_win -data c:\Users\PADIL M ZAKI\AppData\Roaming\Code\User\workspaceStorage\a62fecfe5c378930e62d3ec62168faec\redhat.java\jdt_ws --pipe=\\.\pipe\lsp-b69b403f7e284a73d2bc2a5d76a4efe6-sock

Host: AMD Ryzen 5 5625U with Radeon Graphics         , 12 cores, 5G,  Windows 11 , 64 bit Build 26100 (10.0.26100.4484)
Time: Mon Jul  7 03:46:53 2025 SE Asia Standard Time elapsed time: 36.872694 seconds (0d 0h 0m 36s)

---------------  T H R E A D  ---------------

Current thread (0x00000175f46465b0):  JavaThread "C2 CompilerThread1" daemon [_thread_in_native, id=32508, stack(0x0000000ba2400000,0x0000000ba2500000) (1024K)]


Current CompileTask:
C2:36873 11816       4       org.eclipse.osgi.internal.loader.BundleLoader::addExportedProvidersFor (167 bytes)

Stack: [0x0000000ba2400000,0x0000000ba2500000]
Native frames: (J=compiled Java code, j=interpreted, Vv=VM code, C=native code)
V  [jvm.dll+0x6ce119]
V  [jvm.dll+0x8a84a1]
V  [jvm.dll+0x8aa9ce]
V  [jvm.dll+0x8ab0b3]
V  [jvm.dll+0x27f8a6]
V  [jvm.dll+0xc507d]
V  [jvm.dll+0xc55b3]
V  [jvm.dll+0x3b68f2]
V  [jvm.dll+0x1dfe33]
V  [jvm.dll+0x247c42]
V  [jvm.dll+0x2470cf]
V  [jvm.dll+0x1c760e]
V  [jvm.dll+0x25695a]
V  [jvm.dll+0x254efa]
V  [jvm.dll+0x3f03f6]
V  [jvm.dll+0x851f6b]
V  [jvm.dll+0x6cc7dd]
C  [ucrtbase.dll+0x37b0]
C  [KERNEL32.DLL+0x2e8d7]
C  [ntdll.dll+0x3c34c]


---------------  P R O C E S S  ---------------

Threads class SMR info:
_java_thread_list=0x00000175f39208b0, length=90, elements={
0x0000017590bc97c0, 0x0000017592f5e680, 0x00000175930519f0, 0x00000175930542c0,
0x00000175930570a0, 0x000001759305a190, 0x000001759305e230, 0x000001759306c7f0,
0x00000175ebcebc40, 0x000001759305e8c0, 0x0000017593060990, 0x0000017593061020,
0x000001759305ef50, 0x000001759305fc70, 0x0000017593060300, 0x000001759305f5e0,
0x00000175930616b0, 0x00000175f1a82c20, 0x00000175f1a83fd0, 0x00000175f1a83940,
0x00000175f1a84660, 0x00000175f1a84cf0, 0x00000175f1a85380, 0x00000175f1a85a10,
0x00000175f1a82590, 0x00000175f1a86dc0, 0x00000175f1a88800, 0x00000175f1a88e90,
0x00000175f1a87450, 0x00000175f1a89520, 0x00000175f1a860a0, 0x00000175f1a87ae0,
0x00000175f1a88170, 0x00000175f1a89bb0, 0x00000175f1a86730, 0x00000175f3c12110,
0x00000175f3c0f9b0, 0x00000175f3c10d60, 0x00000175f3c10040, 0x00000175f3c0f320,
0x00000175f3c106d0, 0x00000175f3c0ec90, 0x00000175f3c141e0, 0x00000175f3c134c0,
0x00000175f3c12e30, 0x00000175f3c14870, 0x00000175f3c113f0, 0x00000175f3c127a0,
0x00000175f3c11a80, 0x00000175f3c15590, 0x00000175f3c14f00, 0x00000175f3c15c20,
0x00000175f3c162b0, 0x00000175f1a832b0, 0x00000175f4cd1b10, 0x00000175f4cd0df0,
0x00000175f4cd00d0, 0x00000175f4cd0760, 0x00000175f4cd1480, 0x00000175f4ccf3b0,
0x00000175f4cd2ec0, 0x00000175f4cd21a0, 0x00000175f4cd2830, 0x00000175f4ccfa40,
0x00000175f4cd4270, 0x00000175f4cd5cb0, 0x00000175f4cd6340, 0x00000175f4cd4900,
0x00000175f4cd4f90, 0x00000175f4cd3550, 0x00000175f4cd3be0, 0x00000175f4cd5620,
0x00000175f33738a0, 0x00000175f33745c0, 0x00000175f3371e60, 0x00000175f3373f30,
0x00000175f3372b80, 0x00000175f46465b0, 0x00000175f3373210, 0x00000175f3374c50,
0x00000175f241baf0, 0x00000175f241add0, 0x00000175f241a740, 0x00000175f241b460,
0x00000175f2418d00, 0x00000175f2418670, 0x00000175f241c180, 0x00000175f241a0b0,
0x00000175f2419390, 0x00000175f241c810
}

Java Threads: ( => current thread )
  0x0000017590bc97c0 JavaThread "main"                              [_thread_blocked, id=28636, stack(0x0000000ba0100000,0x0000000ba0200000) (1024K)]
  0x0000017592f5e680 JavaThread "Reference Handler"          daemon [_thread_blocked, id=19660, stack(0x0000000ba0500000,0x0000000ba0600000) (1024K)]
  0x00000175930519f0 JavaThread "Finalizer"                  daemon [_thread_blocked, id=32120, stack(0x0000000ba0600000,0x0000000ba0700000) (1024K)]
  0x00000175930542c0 JavaThread "Signal Dispatcher"          daemon [_thread_blocked, id=18528, stack(0x0000000ba0700000,0x0000000ba0800000) (1024K)]
  0x00000175930570a0 JavaThread "Attach Listener"            daemon [_thread_blocked, id=2612, stack(0x0000000ba0800000,0x0000000ba0900000) (1024K)]
  0x000001759305a190 JavaThread "Service Thread"             daemon [_thread_blocked, id=26792, stack(0x0000000ba0900000,0x0000000ba0a00000) (1024K)]
  0x000001759305e230 JavaThread "Monitor Deflation Thread"   daemon [_thread_blocked, id=27204, stack(0x0000000ba0a00000,0x0000000ba0b00000) (1024K)]
  0x000001759306c7f0 JavaThread "C2 CompilerThread0"         daemon [_thread_blocked, id=31424, stack(0x0000000ba0b00000,0x0000000ba0c00000) (1024K)]
  0x00000175ebcebc40 JavaThread "C1 CompilerThread0"         daemon [_thread_blocked, id=22036, stack(0x0000000ba0c00000,0x0000000ba0d00000) (1024K)]
  0x000001759305e8c0 JavaThread "Common-Cleaner"             daemon [_thread_blocked, id=19388, stack(0x0000000ba0d00000,0x0000000ba0e00000) (1024K)]
  0x0000017593060990 JavaThread "Notification Thread"        daemon [_thread_blocked, id=22284, stack(0x0000000ba0f00000,0x0000000ba1000000) (1024K)]
  0x0000017593061020 JavaThread "Active Thread: Equinox Container: d355183a-dbef-4f0d-b24d-95987b8c1e3d"        [_thread_blocked, id=31552, stack(0x0000000ba1600000,0x0000000ba1700000) (1024K)]
  0x000001759305ef50 JavaThread "Refresh Thread: Equinox Container: d355183a-dbef-4f0d-b24d-95987b8c1e3d" daemon [_thread_blocked, id=6700, stack(0x0000000ba1800000,0x0000000ba1900000) (1024K)]
  0x000001759305fc70 JavaThread "Framework Event Dispatcher: Equinox Container: d355183a-dbef-4f0d-b24d-95987b8c1e3d" daemon [_thread_blocked, id=15220, stack(0x0000000ba1900000,0x0000000ba1a00000) (1024K)]
  0x0000017593060300 JavaThread "Start Level: Equinox Container: d355183a-dbef-4f0d-b24d-95987b8c1e3d" daemon [_thread_blocked, id=11796, stack(0x0000000ba1a00000,0x0000000ba1b00000) (1024K)]
  0x000001759305f5e0 JavaThread "Bundle File Closer"         daemon [_thread_blocked, id=28848, stack(0x0000000ba1c00000,0x0000000ba1d00000) (1024K)]
  0x00000175930616b0 JavaThread "SCR Component Actor"        daemon [_thread_blocked, id=14416, stack(0x0000000ba1d00000,0x0000000ba1e00000) (1024K)]
  0x00000175f1a82c20 JavaThread "Worker-JM"                         [_thread_blocked, id=18580, stack(0x0000000ba1f00000,0x0000000ba2000000) (1024K)]
  0x00000175f1a83fd0 JavaThread "JNA Cleaner"                daemon [_thread_blocked, id=33564, stack(0x0000000ba2000000,0x0000000ba2100000) (1024K)]
  0x00000175f1a83940 JavaThread "Worker-0"                          [_thread_blocked, id=11444, stack(0x0000000ba2100000,0x0000000ba2200000) (1024K)]
  0x00000175f1a84660 JavaThread "Worker-1"                          [_thread_blocked, id=29008, stack(0x0000000ba2200000,0x0000000ba2300000) (1024K)]
  0x00000175f1a84cf0 JavaThread "Worker-2"                          [_thread_blocked, id=26800, stack(0x0000000ba2300000,0x0000000ba2400000) (1024K)]
  0x00000175f1a85380 JavaThread "Java indexing"              daemon [_thread_blocked, id=20712, stack(0x0000000ba2500000,0x0000000ba2600000) (1024K)]
  0x00000175f1a85a10 JavaThread "Worker-3"                          [_thread_blocked, id=31520, stack(0x0000000ba2600000,0x0000000ba2700000) (1024K)]
  0x00000175f1a82590 JavaThread "Worker-4: Initialize workspace"        [_thread_in_vm, id=18824, stack(0x0000000ba2700000,0x0000000ba2800000) (1024K)]
  0x00000175f1a86dc0 JavaThread "Worker-5"                          [_thread_blocked, id=1104, stack(0x0000000ba2a00000,0x0000000ba2b00000) (1024K)]
  0x00000175f1a88800 JavaThread "Worker-6"                          [_thread_blocked, id=20736, stack(0x0000000ba2b00000,0x0000000ba2c00000) (1024K)]
  0x00000175f1a88e90 JavaThread "Thread-2"                   daemon [_thread_in_native, id=29804, stack(0x0000000ba2c00000,0x0000000ba2d00000) (1024K)]
  0x00000175f1a87450 JavaThread "Thread-3"                   daemon [_thread_in_native, id=10444, stack(0x0000000ba2d00000,0x0000000ba2e00000) (1024K)]
  0x00000175f1a89520 JavaThread "Thread-4"                   daemon [_thread_in_native, id=33268, stack(0x0000000ba2e00000,0x0000000ba2f00000) (1024K)]
  0x00000175f1a860a0 JavaThread "Thread-5"                   daemon [_thread_in_native, id=23124, stack(0x0000000ba2f00000,0x0000000ba3000000) (1024K)]
  0x00000175f1a87ae0 JavaThread "Thread-6"                   daemon [_thread_in_native, id=32684, stack(0x0000000ba3000000,0x0000000ba3100000) (1024K)]
  0x00000175f1a88170 JavaThread "Thread-7"                   daemon [_thread_in_native, id=29032, stack(0x0000000ba3100000,0x0000000ba3200000) (1024K)]
  0x00000175f1a89bb0 JavaThread "Thread-8"                   daemon [_thread_in_native, id=32724, stack(0x0000000ba3200000,0x0000000ba3300000) (1024K)]
  0x00000175f1a86730 JavaThread "Thread-9"                   daemon [_thread_in_native, id=16804, stack(0x0000000ba3300000,0x0000000ba3400000) (1024K)]
  0x00000175f3c12110 JavaThread "Thread-10"                  daemon [_thread_in_native, id=33304, stack(0x0000000ba3400000,0x0000000ba3500000) (1024K)]
  0x00000175f3c0f9b0 JavaThread "Thread-11"                  daemon [_thread_in_native, id=18016, stack(0x0000000ba3500000,0x0000000ba3600000) (1024K)]
  0x00000175f3c10d60 JavaThread "Thread-12"                  daemon [_thread_in_native, id=3536, stack(0x0000000ba3600000,0x0000000ba3700000) (1024K)]
  0x00000175f3c10040 JavaThread "Thread-13"                  daemon [_thread_in_native, id=33780, stack(0x0000000ba3700000,0x0000000ba3800000) (1024K)]
  0x00000175f3c0f320 JavaThread "Thread-14"                  daemon [_thread_in_native, id=11032, stack(0x0000000ba3800000,0x0000000ba3900000) (1024K)]
  0x00000175f3c106d0 JavaThread "pool-2-thread-1"                   [_thread_blocked, id=28676, stack(0x0000000ba3900000,0x0000000ba3a00000) (1024K)]
  0x00000175f3c0ec90 JavaThread "WorkspaceEventsHandler"            [_thread_blocked, id=3340, stack(0x0000000ba3a00000,0x0000000ba3b00000) (1024K)]
  0x00000175f3c141e0 JavaThread "pool-1-thread-1"                   [_thread_blocked, id=20092, stack(0x0000000ba3b00000,0x0000000ba3c00000) (1024K)]
  0x00000175f3c134c0 JavaThread "LocalFile Deleter"          daemon [_thread_blocked, id=30992, stack(0x0000000ba3c00000,0x0000000ba3d00000) (1024K)]
  0x00000175f3c12e30 JavaThread "LocalFile Deleter"          daemon [_thread_blocked, id=21920, stack(0x0000000ba3d00000,0x0000000ba3e00000) (1024K)]
  0x00000175f3c14870 JavaThread "LocalFile Deleter"          daemon [_thread_blocked, id=27984, stack(0x0000000ba3e00000,0x0000000ba3f00000) (1024K)]
  0x00000175f3c113f0 JavaThread "LocalFile Deleter"          daemon [_thread_blocked, id=27540, stack(0x0000000ba3f00000,0x0000000ba4000000) (1024K)]
  0x00000175f3c127a0 JavaThread "Compiler Source File Reader" daemon [_thread_blocked, id=6584, stack(0x0000000ba4000000,0x0000000ba4100000) (1024K)]
  0x00000175f3c11a80 JavaThread "Compiler Processing Task"   daemon [_thread_blocked, id=28412, stack(0x0000000ba1e00000,0x0000000ba1f00000) (1024K)]
  0x00000175f3c15590 JavaThread "Compiler Class File Writer" daemon [_thread_blocked, id=15468, stack(0x0000000ba4100000,0x0000000ba4200000) (1024K)]
  0x00000175f3c14f00 JavaThread "LocalFile Deleter"          daemon [_thread_blocked, id=5152, stack(0x0000000ba4200000,0x0000000ba4300000) (1024K)]
  0x00000175f3c15c20 JavaThread "LocalFile Deleter"          daemon [_thread_blocked, id=1920, stack(0x0000000ba4300000,0x0000000ba4400000) (1024K)]
  0x00000175f3c162b0 JavaThread "LocalFile Deleter"          daemon [_thread_blocked, id=15132, stack(0x0000000ba4400000,0x0000000ba4500000) (1024K)]
  0x00000175f1a832b0 JavaThread "LocalFile Deleter"          daemon [_thread_blocked, id=33768, stack(0x0000000ba4500000,0x0000000ba4600000) (1024K)]
  0x00000175f4cd1b10 JavaThread "LocalFile Deleter"          daemon [_thread_blocked, id=6960, stack(0x0000000ba4600000,0x0000000ba4700000) (1024K)]
  0x00000175f4cd0df0 JavaThread "LocalFile Deleter"          daemon [_thread_blocked, id=27928, stack(0x0000000ba4700000,0x0000000ba4800000) (1024K)]
  0x00000175f4cd00d0 JavaThread "LocalFile Deleter"          daemon [_thread_blocked, id=28260, stack(0x0000000ba4800000,0x0000000ba4900000) (1024K)]
  0x00000175f4cd0760 JavaThread "LocalFile Deleter"          daemon [_thread_blocked, id=22288, stack(0x0000000ba4900000,0x0000000ba4a00000) (1024K)]
  0x00000175f4cd1480 JavaThread "Compiler Source File Reader" daemon [_thread_blocked, id=25864, stack(0x0000000ba4a00000,0x0000000ba4b00000) (1024K)]
  0x00000175f4ccf3b0 JavaThread "Compiler Source File Reader" daemon [_thread_blocked, id=29352, stack(0x0000000ba4b00000,0x0000000ba4c00000) (1024K)]
  0x00000175f4cd2ec0 JavaThread "Compiler Source File Reader" daemon [_thread_blocked, id=14256, stack(0x0000000ba4c00000,0x0000000ba4d00000) (1024K)]
  0x00000175f4cd21a0 JavaThread "Compiler Source File Reader" daemon [_thread_blocked, id=27692, stack(0x0000000ba4d00000,0x0000000ba4e00000) (1024K)]
  0x00000175f4cd2830 JavaThread "Compiler Source File Reader" daemon [_thread_blocked, id=29232, stack(0x0000000ba4e00000,0x0000000ba4f00000) (1024K)]
  0x00000175f4ccfa40 JavaThread "Compiler Source File Reader" daemon [_thread_blocked, id=10260, stack(0x0000000ba4f00000,0x0000000ba5000000) (1024K)]
  0x00000175f4cd4270 JavaThread "Compiler Source File Reader" daemon [_thread_blocked, id=31688, stack(0x0000000ba5000000,0x0000000ba5100000) (1024K)]
  0x00000175f4cd5cb0 JavaThread "Compiler Source File Reader" daemon [_thread_blocked, id=27964, stack(0x0000000ba5100000,0x0000000ba5200000) (1024K)]
  0x00000175f4cd6340 JavaThread "Compiler Source File Reader" daemon [_thread_blocked, id=14276, stack(0x0000000ba5200000,0x0000000ba5300000) (1024K)]
  0x00000175f4cd4900 JavaThread "Compiler Class File Writer" daemon [_thread_blocked, id=29784, stack(0x0000000ba5300000,0x0000000ba5400000) (1024K)]
  0x00000175f4cd4f90 JavaThread "Compiler Class File Writer" daemon [_thread_blocked, id=29088, stack(0x0000000ba5400000,0x0000000ba5500000) (1024K)]
  0x00000175f4cd3550 JavaThread "Compiler Class File Writer" daemon [_thread_blocked, id=23792, stack(0x0000000ba5500000,0x0000000ba5600000) (1024K)]
  0x00000175f4cd3be0 JavaThread "Compiler Class File Writer" daemon [_thread_blocked, id=5908, stack(0x0000000ba5600000,0x0000000ba5700000) (1024K)]
  0x00000175f4cd5620 JavaThread "Compiler Class File Writer" daemon [_thread_blocked, id=20840, stack(0x0000000ba5700000,0x0000000ba5800000) (1024K)]
  0x00000175f33738a0 JavaThread "Compiler Class File Writer" daemon [_thread_blocked, id=21244, stack(0x0000000ba5800000,0x0000000ba5900000) (1024K)]
  0x00000175f33745c0 JavaThread "Compiler Class File Writer" daemon [_thread_blocked, id=11100, stack(0x0000000ba5900000,0x0000000ba5a00000) (1024K)]
  0x00000175f3371e60 JavaThread "Compiler Class File Writer" daemon [_thread_blocked, id=23304, stack(0x0000000ba5a00000,0x0000000ba5b00000) (1024K)]
  0x00000175f3373f30 JavaThread "Compiler Class File Writer" daemon [_thread_blocked, id=10504, stack(0x0000000ba5b00000,0x0000000ba5c00000) (1024K)]
  0x00000175f3372b80 JavaThread "ForkJoinPool.commonPool-worker-1" daemon [_thread_blocked, id=20556, stack(0x0000000ba5c00000,0x0000000ba5d00000) (1024K)]
=>0x00000175f46465b0 JavaThread "C2 CompilerThread1"         daemon [_thread_in_native, id=32508, stack(0x0000000ba2400000,0x0000000ba2500000) (1024K)]
  0x00000175f3373210 JavaThread "ForkJoinPool.commonPool-worker-2" daemon [_thread_blocked, id=1740, stack(0x0000000ba5d00000,0x0000000ba5e00000) (1024K)]
  0x00000175f3374c50 JavaThread "ForkJoinPool.commonPool-worker-3" daemon [_thread_blocked, id=18364, stack(0x0000000ba5e00000,0x0000000ba5f00000) (1024K)]
  0x00000175f241baf0 JavaThread "ForkJoinPool.commonPool-worker-4" daemon [_thread_blocked, id=18872, stack(0x0000000ba5f00000,0x0000000ba6000000) (1024K)]
  0x00000175f241add0 JavaThread "ForkJoinPool.commonPool-worker-5" daemon [_thread_in_native, id=30808, stack(0x0000000ba6000000,0x0000000ba6100000) (1024K)]
  0x00000175f241a740 JavaThread "ForkJoinPool.commonPool-worker-6" daemon [_thread_blocked, id=2768, stack(0x0000000ba6100000,0x0000000ba6200000) (1024K)]
  0x00000175f241b460 JavaThread "ForkJoinPool.commonPool-worker-7" daemon [_thread_in_vm, id=28760, stack(0x0000000ba6200000,0x0000000ba6300000) (1024K)]
  0x00000175f2418d00 JavaThread "ForkJoinPool.commonPool-worker-8" daemon [_thread_in_native, id=27088, stack(0x0000000ba6300000,0x0000000ba6400000) (1024K)]
  0x00000175f2418670 JavaThread "SCR Component Registry"     daemon [_thread_blocked, id=9956, stack(0x0000000ba6400000,0x0000000ba6500000) (1024K)]
  0x00000175f241c180 JavaThread "ForkJoinPool.commonPool-worker-9" daemon [_thread_blocked, id=20136, stack(0x0000000ba6500000,0x0000000ba6600000) (1024K)]
  0x00000175f241a0b0 JavaThread "ForkJoinPool.commonPool-worker-10" daemon [_thread_blocked, id=31092, stack(0x0000000ba6600000,0x0000000ba6700000) (1024K)]
  0x00000175f2419390 JavaThread "ForkJoinPool.commonPool-worker-11" daemon [_thread_in_vm, id=31668, stack(0x0000000ba6700000,0x0000000ba6800000) (1024K)]
  0x00000175f241c810 JavaThread "Thread-16"                  daemon [_thread_in_vm, id=28300, stack(0x0000000ba6800000,0x0000000ba6900000) (1024K)]
Total: 90

Other Threads:
  0x000001759304ebf0 VMThread "VM Thread"                           [id=13096, stack(0x0000000ba0400000,0x0000000ba0500000) (1024K)]
  0x0000017592e3ca00 WatcherThread "VM Periodic Task Thread"        [id=14960, stack(0x0000000ba0300000,0x0000000ba0400000) (1024K)]
  0x0000017592fcb4f0 WorkerThread "GC Thread#0"                     [id=33460, stack(0x0000000ba0200000,0x0000000ba0300000) (1024K)]
  0x00000175f16595e0 WorkerThread "GC Thread#1"                     [id=28096, stack(0x0000000ba1000000,0x0000000ba1100000) (1024K)]
  0x00000175f14580d0 WorkerThread "GC Thread#2"                     [id=32944, stack(0x0000000ba1100000,0x0000000ba1200000) (1024K)]
  0x00000175f1458470 WorkerThread "GC Thread#3"                     [id=20732, stack(0x0000000ba1200000,0x0000000ba1300000) (1024K)]
  0x00000175f1458810 WorkerThread "GC Thread#4"                     [id=32272, stack(0x0000000ba1300000,0x0000000ba1400000) (1024K)]
  0x00000175f1458bb0 WorkerThread "GC Thread#5"                     [id=23832, stack(0x0000000ba1400000,0x0000000ba1500000) (1024K)]
  0x00000175f1458f50 WorkerThread "GC Thread#6"                     [id=28624, stack(0x0000000ba1500000,0x0000000ba1600000) (1024K)]
  0x00000175f170db30 WorkerThread "GC Thread#7"                     [id=23052, stack(0x0000000ba1700000,0x0000000ba1800000) (1024K)]
  0x00000175f1b686f0 WorkerThread "GC Thread#8"                     [id=22728, stack(0x0000000ba0e00000,0x0000000ba0f00000) (1024K)]
  0x00000175f1a29e30 WorkerThread "GC Thread#9"                     [id=32468, stack(0x0000000ba1b00000,0x0000000ba1c00000) (1024K)]
Total: 12

Threads with active compile tasks:
C2 CompilerThread0  37022 12127       4       org.eclipse.jdt.internal.compiler.lookup.BinaryTypeBinding::createMethod (1666 bytes)
C1 CompilerThread0  37022 12196       3       org.eclipse.jdt.internal.core.SourceRefElement::<init> (27 bytes)
C2 CompilerThread1  37023 11816       4       org.eclipse.osgi.internal.loader.BundleLoader::addExportedProvidersFor (167 bytes)
Total: 3

VM state: not at safepoint (normal execution)

VM Mutex/Monitor currently owned by a thread:  ([mutex/lock_event])
[0x00007ffb1938e208] CodeCache_lock - owner thread: 0x00000175f241c810

Heap address: 0x0000000080000000, size: 2048 MB, Compressed Oops mode: 32-bit

CDS archive(s) mapped at: [0x00000175aa000000-0x00000175aaba0000-0x00000175aaba0000), size 12189696, SharedBaseAddress: 0x00000175aa000000, ArchiveRelocationMode: 1.
Compressed class space mapped at: 0x00000175ab000000-0x00000175eb000000, reserved size: 1073741824
Narrow klass base: 0x00000175aa000000, Narrow klass shift: 0, Narrow klass range: 0x100000000

GC Precious Log:
 CardTable entry size: 512
 CPUs: 12 total, 12 available
 Memory: 5989M
 Large Page Support: Disabled
 NUMA Support: Disabled
 Compressed Oops: Enabled (32-bit)
 Alignments: Space 512K, Generation 512K, Heap 2M
 Heap Min Capacity: 100M
 Heap Initial Capacity: 100M
 Heap Max Capacity: 2G
 Pre-touch: Disabled
 Parallel Workers: 10

Heap:
 PSYoungGen      total 3584K, used 1470K [0x00000000d5580000, 0x00000000d5a00000, 0x0000000100000000)
  eden space 2560K, 33% used [0x00000000d5580000,0x00000000d5658c38,0x00000000d5800000)
  from space 1024K, 59% used [0x00000000d5900000,0x00000000d5998020,0x00000000d5a00000)
  to   space 1024K, 0% used [0x00000000d5800000,0x00000000d5800000,0x00000000d5900000)
 ParOldGen       total 628224K, used 628080K [0x0000000080000000, 0x00000000a6580000, 0x00000000d5580000)
  object space 628224K, 99% used [0x0000000080000000,0x00000000a655c310,0x00000000a6580000)
 Metaspace       used 66377K, committed 68032K, reserved 1114112K
  class space    used 6856K, committed 7616K, reserved 1048576K

Card table byte_map: [0x0000017592950000,0x0000017592d60000] _byte_map_base: 0x0000017592550000

Marking Bits: (ParMarkBitMap*) 0x00007ffb193931f0
 Begin Bits: [0x00000175a5450000, 0x00000175a7450000)
 End Bits:   [0x00000175a7450000, 0x00000175a9450000)

Polling page: 0x0000017590d80000

Metaspace:

Usage:
  Non-class:     58.13 MB used.
      Class:      6.70 MB used.
       Both:     64.82 MB used.

Virtual space:
  Non-class space:       64.00 MB reserved,      59.00 MB ( 92%) committed,  1 nodes.
      Class space:        1.00 GB reserved,       7.44 MB ( <1%) committed,  1 nodes.
             Both:        1.06 GB reserved,      66.44 MB (  6%) committed. 

Chunk freelists:
   Non-Class:  5.00 MB
       Class:  8.53 MB
        Both:  13.53 MB

MaxMetaspaceSize: unlimited
CompressedClassSpaceSize: 1.00 GB
Initial GC threshold: 21.00 MB
Current GC threshold: 97.31 MB
CDS: on
 - commit_granule_bytes: 65536.
 - commit_granule_words: 8192.
 - virtual_space_node_default_size: 8388608.
 - enlarge_chunks_in_place: 1.
 - use_allocation_guard: 0.


Internal statistics:

num_allocs_failed_limit: 9.
num_arena_births: 1286.
num_arena_deaths: 18.
num_vsnodes_births: 2.
num_vsnodes_deaths: 0.
num_space_committed: 1063.
num_space_uncommitted: 0.
num_chunks_returned_to_freelist: 28.
num_chunks_taken_from_freelist: 4549.
num_chunk_merges: 14.
num_chunk_splits: 2742.
num_chunks_enlarged: 1463.
num_inconsistent_stats: 0.

CodeHeap 'non-profiled nmethods': size=120000Kb used=7151Kb max_used=7151Kb free=112848Kb
 bounds [0x000001759dc70000, 0x000001759e370000, 0x00000175a51a0000]
CodeHeap 'profiled nmethods': size=120000Kb used=25045Kb max_used=25045Kb free=94955Kb
 bounds [0x00000175961a0000, 0x0000017597a20000, 0x000001759d6d0000]
CodeHeap 'non-nmethods': size=5760Kb used=1457Kb max_used=1505Kb free=4302Kb
 bounds [0x000001759d6d0000, 0x000001759d940000, 0x000001759dc70000]
 total_blobs=12172 nmethods=11399 adapters=675
 compilation: enabled
              stopped_count=0, restarted_count=0
 full_count=0

Compilation events (20 events):
Event: 35.842 Thread 0x00000175ebcebc40 nmethod 12137 0x00000175979fa390 code [0x00000175979fa5c0, 0x00000175979faaa8]
Event: 35.842 Thread 0x00000175ebcebc40 12139       2       org.eclipse.jdt.core.dom.ASTNode$NodeList$Cursor::hasNext (21 bytes)
Event: 35.842 Thread 0x00000175ebcebc40 nmethod 12139 0x00000175979fad90 code [0x00000175979faf40, 0x00000175979fb098]
Event: 35.842 Thread 0x00000175ebcebc40 12133       2       org.eclipse.jdt.core.dom.ASTNode::preReplaceChild (120 bytes)
Event: 35.843 Thread 0x00000175ebcebc40 nmethod 12133 0x00000175979fb190 code [0x00000175979fb3c0, 0x00000175979fb908]
Event: 35.845 Thread 0x00000175ebcebc40 12140       2       org.eclipse.jdt.internal.corext.dom.ASTNodes$4::visitNode (15 bytes)
Event: 35.846 Thread 0x00000175ebcebc40 nmethod 12140 0x00000175979fbc90 code [0x00000175979fbe40, 0x00000175979fbf80]
Event: 35.846 Thread 0x00000175ebcebc40 12141       2       org.eclipse.jdt.internal.corext.dom.GenericVisitor::endVisitNode (1 bytes)
Event: 35.846 Thread 0x00000175ebcebc40 nmethod 12141 0x00000175979fc090 code [0x00000175979fc220, 0x00000175979fc328]
Event: 35.846 Thread 0x00000175ebcebc40 12142       2       java.nio.HeapByteBuffer::getInt (29 bytes)
Event: 35.849 Thread 0x00000175ebcebc40 nmethod 12142 0x00000175979fc390 code [0x00000175979fc5a0, 0x00000175979fc960]
Event: 35.855 Thread 0x00000175ebcebc40 12143       2       org.eclipse.jdt.internal.compiler.parser.Parser::getAnnotationType (116 bytes)
Event: 35.855 Thread 0x00000175ebcebc40 nmethod 12143 0x00000175979fcc10 code [0x00000175979fce20, 0x00000175979fd3f8]
Event: 35.855 Thread 0x00000175ebcebc40 12144       2       org.eclipse.jdt.internal.compiler.ast.Annotation::<init> (15 bytes)
Event: 35.856 Thread 0x00000175ebcebc40 nmethod 12144 0x00000175979fd690 code [0x00000175979fd820, 0x00000175979fd960]
Event: 35.856 Thread 0x00000175ebcebc40 12145       1       org.eclipse.m2e.core.internal.embedder.PlexusContainerManager$2::getContainer (5 bytes)
Event: 35.856 Thread 0x00000175ebcebc40 nmethod 12145 0x000001759e366b90 code [0x000001759e366d20, 0x000001759e366de8]
Event: 35.858 Thread 0x00000175ebcebc40 12146       2       jdk.internal.math.FloatingDecimal$ASCIIToBinaryBuffer::doubleValue (1194 bytes)
Event: 35.862 Thread 0x00000175ebcebc40 nmethod 12146 0x00000175979fda10 code [0x00000175979fde20, 0x00000175979ff028]
Event: 35.863 Thread 0x00000175ebcebc40 12147       3       lombok.eclipse.EclipseAST::buildAnnotations (56 bytes)

GC Heap History (20 events):
Event: 35.212 GC heap after
{Heap after GC invocations=846 (full 3):
 PSYoungGen      total 3072K, used 416K [0x00000000d5580000, 0x00000000d5900000, 0x0000000100000000)
  eden space 2048K, 0% used [0x00000000d5580000,0x00000000d5580000,0x00000000d5780000)
  from space 1024K, 40% used [0x00000000d5780000,0x00000000d57e8000,0x00000000d5880000)
  to   space 512K, 0% used [0x00000000d5880000,0x00000000d5880000,0x00000000d5900000)
 ParOldGen       total 619008K, used 618797K [0x0000000080000000, 0x00000000a5c80000, 0x00000000d5580000)
  object space 619008K, 99% used [0x0000000080000000,0x00000000a5c4b7a0,0x00000000a5c80000)
 Metaspace       used 65320K, committed 66816K, reserved 1114112K
  class space    used 6739K, committed 7424K, reserved 1048576K
}
Event: 35.274 GC heap before
{Heap before GC invocations=847 (full 3):
 PSYoungGen      total 3072K, used 2464K [0x00000000d5580000, 0x00000000d5900000, 0x0000000100000000)
  eden space 2048K, 100% used [0x00000000d5580000,0x00000000d5780000,0x00000000d5780000)
  from space 1024K, 40% used [0x00000000d5780000,0x00000000d57e8000,0x00000000d5880000)
  to   space 512K, 0% used [0x00000000d5880000,0x00000000d5880000,0x00000000d5900000)
 ParOldGen       total 619008K, used 618797K [0x0000000080000000, 0x00000000a5c80000, 0x00000000d5580000)
  object space 619008K, 99% used [0x0000000080000000,0x00000000a5c4b7a0,0x00000000a5c80000)
 Metaspace       used 65461K, committed 67072K, reserved 1114112K
  class space    used 6754K, committed 7488K, reserved 1048576K
}
Event: 35.277 GC heap after
{Heap after GC invocations=847 (full 3):
 PSYoungGen      total 2560K, used 256K [0x00000000d5580000, 0x00000000d5900000, 0x0000000100000000)
  eden space 2048K, 0% used [0x00000000d5580000,0x00000000d5580000,0x00000000d5780000)
  from space 512K, 50% used [0x00000000d5880000,0x00000000d58c0000,0x00000000d5900000)
  to   space 512K, 0% used [0x00000000d5800000,0x00000000d5800000,0x00000000d5880000)
 ParOldGen       total 619520K, used 619069K [0x0000000080000000, 0x00000000a5d00000, 0x00000000d5580000)
  object space 619520K, 99% used [0x0000000080000000,0x00000000a5c8f7a0,0x00000000a5d00000)
 Metaspace       used 65461K, committed 67072K, reserved 1114112K
  class space    used 6754K, committed 7488K, reserved 1048576K
}
Event: 35.339 GC heap before
{Heap before GC invocations=848 (full 3):
 PSYoungGen      total 2560K, used 2304K [0x00000000d5580000, 0x00000000d5900000, 0x0000000100000000)
  eden space 2048K, 100% used [0x00000000d5580000,0x00000000d5780000,0x00000000d5780000)
  from space 512K, 50% used [0x00000000d5880000,0x00000000d58c0000,0x00000000d5900000)
  to   space 512K, 0% used [0x00000000d5800000,0x00000000d5800000,0x00000000d5880000)
 ParOldGen       total 619520K, used 619069K [0x0000000080000000, 0x00000000a5d00000, 0x00000000d5580000)
  object space 619520K, 99% used [0x0000000080000000,0x00000000a5c8f7a0,0x00000000a5d00000)
 Metaspace       used 65793K, committed 67392K, reserved 1114112K
  class space    used 6790K, committed 7488K, reserved 1048576K
}
Event: 35.341 GC heap after
{Heap after GC invocations=848 (full 3):
 PSYoungGen      total 2560K, used 489K [0x00000000d5580000, 0x00000000d5980000, 0x0000000100000000)
  eden space 2048K, 0% used [0x00000000d5580000,0x00000000d5580000,0x00000000d5780000)
  from space 512K, 95% used [0x00000000d5800000,0x00000000d587a670,0x00000000d5880000)
  to   space 1024K, 0% used [0x00000000d5880000,0x00000000d5880000,0x00000000d5980000)
 ParOldGen       total 619520K, used 619157K [0x0000000080000000, 0x00000000a5d00000, 0x00000000d5580000)
  object space 619520K, 99% used [0x0000000080000000,0x00000000a5ca57a0,0x00000000a5d00000)
 Metaspace       used 65793K, committed 67392K, reserved 1114112K
  class space    used 6790K, committed 7488K, reserved 1048576K
}
Event: 35.396 GC heap before
{Heap before GC invocations=849 (full 3):
 PSYoungGen      total 2560K, used 2537K [0x00000000d5580000, 0x00000000d5980000, 0x0000000100000000)
  eden space 2048K, 99% used [0x00000000d5580000,0x00000000d577ffe8,0x00000000d5780000)
  from space 512K, 95% used [0x00000000d5800000,0x00000000d587a670,0x00000000d5880000)
  to   space 1024K, 0% used [0x00000000d5880000,0x00000000d5880000,0x00000000d5980000)
 ParOldGen       total 619520K, used 619157K [0x0000000080000000, 0x00000000a5d00000, 0x00000000d5580000)
  object space 619520K, 99% used [0x0000000080000000,0x00000000a5ca57a0,0x00000000a5d00000)
 Metaspace       used 65834K, committed 67392K, reserved 1114112K
  class space    used 6791K, committed 7488K, reserved 1048576K
}
Event: 35.399 GC heap after
{Heap after GC invocations=849 (full 3):
 PSYoungGen      total 2560K, used 448K [0x00000000d5580000, 0x00000000d5900000, 0x0000000100000000)
  eden space 2048K, 0% used [0x00000000d5580000,0x00000000d5580000,0x00000000d5780000)
  from space 512K, 87% used [0x00000000d5880000,0x00000000d58f0000,0x00000000d5900000)
  to   space 512K, 0% used [0x00000000d5800000,0x00000000d5800000,0x00000000d5880000)
 ParOldGen       total 619520K, used 619285K [0x0000000080000000, 0x00000000a5d00000, 0x00000000d5580000)
  object space 619520K, 99% used [0x0000000080000000,0x00000000a5cc57a0,0x00000000a5d00000)
 Metaspace       used 65834K, committed 67392K, reserved 1114112K
  class space    used 6791K, committed 7488K, reserved 1048576K
}
Event: 35.473 GC heap before
{Heap before GC invocations=850 (full 3):
 PSYoungGen      total 2560K, used 2394K [0x00000000d5580000, 0x00000000d5900000, 0x0000000100000000)
  eden space 2048K, 95% used [0x00000000d5580000,0x00000000d5766b48,0x00000000d5780000)
  from space 512K, 87% used [0x00000000d5880000,0x00000000d58f0000,0x00000000d5900000)
  to   space 512K, 0% used [0x00000000d5800000,0x00000000d5800000,0x00000000d5880000)
 ParOldGen       total 619520K, used 619285K [0x0000000080000000, 0x00000000a5d00000, 0x00000000d5580000)
  object space 619520K, 99% used [0x0000000080000000,0x00000000a5cc57a0,0x00000000a5d00000)
 Metaspace       used 65936K, committed 67584K, reserved 1114112K
  class space    used 6808K, committed 7552K, reserved 1048576K
}
Event: 35.476 GC heap after
{Heap after GC invocations=850 (full 3):
 PSYoungGen      total 2560K, used 391K [0x00000000d5580000, 0x00000000d5900000, 0x0000000100000000)
  eden space 2048K, 0% used [0x00000000d5580000,0x00000000d5580000,0x00000000d5780000)
  from space 512K, 76% used [0x00000000d5800000,0x00000000d5861e90,0x00000000d5880000)
  to   space 512K, 0% used [0x00000000d5880000,0x00000000d5880000,0x00000000d5900000)
 ParOldGen       total 620032K, used 619611K [0x0000000080000000, 0x00000000a5d80000, 0x00000000d5580000)
  object space 620032K, 99% used [0x0000000080000000,0x00000000a5d16f30,0x00000000a5d80000)
 Metaspace       used 65936K, committed 67584K, reserved 1114112K
  class space    used 6808K, committed 7552K, reserved 1048576K
}
Event: 35.480 GC heap before
{Heap before GC invocations=851 (full 3):
 PSYoungGen      total 2560K, used 2439K [0x00000000d5580000, 0x00000000d5900000, 0x0000000100000000)
  eden space 2048K, 100% used [0x00000000d5580000,0x00000000d5780000,0x00000000d5780000)
  from space 512K, 76% used [0x00000000d5800000,0x00000000d5861e90,0x00000000d5880000)
  to   space 512K, 0% used [0x00000000d5880000,0x00000000d5880000,0x00000000d5900000)
 ParOldGen       total 620032K, used 619611K [0x0000000080000000, 0x00000000a5d80000, 0x00000000d5580000)
  object space 620032K, 99% used [0x0000000080000000,0x00000000a5d16f30,0x00000000a5d80000)
 Metaspace       used 65945K, committed 67584K, reserved 1114112K
  class space    used 6808K, committed 7552K, reserved 1048576K
}
Event: 35.486 GC heap after
{Heap after GC invocations=851 (full 3):
 PSYoungGen      total 2560K, used 388K [0x00000000d5580000, 0x00000000d5900000, 0x0000000100000000)
  eden space 2048K, 0% used [0x00000000d5580000,0x00000000d5580000,0x00000000d5780000)
  from space 512K, 75% used [0x00000000d5880000,0x00000000d58e12e0,0x00000000d5900000)
  to   space 512K, 0% used [0x00000000d5800000,0x00000000d5800000,0x00000000d5880000)
 ParOldGen       total 623104K, used 622784K [0x0000000080000000, 0x00000000a6080000, 0x00000000d5580000)
  object space 623104K, 99% used [0x0000000080000000,0x00000000a6030230,0x00000000a6080000)
 Metaspace       used 65945K, committed 67584K, reserved 1114112K
  class space    used 6808K, committed 7552K, reserved 1048576K
}
Event: 35.564 GC heap before
{Heap before GC invocations=852 (full 3):
 PSYoungGen      total 2560K, used 2237K [0x00000000d5580000, 0x00000000d5900000, 0x0000000100000000)
  eden space 2048K, 90% used [0x00000000d5580000,0x00000000d574e3a0,0x00000000d5780000)
  from space 512K, 75% used [0x00000000d5880000,0x00000000d58e12e0,0x00000000d5900000)
  to   space 512K, 0% used [0x00000000d5800000,0x00000000d5800000,0x00000000d5880000)
 ParOldGen       total 624640K, used 624106K [0x0000000080000000, 0x00000000a6200000, 0x00000000d5580000)
  object space 624640K, 99% used [0x0000000080000000,0x00000000a617a9b0,0x00000000a6200000)
 Metaspace       used 65995K, committed 67648K, reserved 1114112K
  class space    used 6813K, committed 7552K, reserved 1048576K
}
Event: 35.567 GC heap after
{Heap after GC invocations=852 (full 3):
 PSYoungGen      total 2560K, used 505K [0x00000000d5580000, 0x00000000d5980000, 0x0000000100000000)
  eden space 2048K, 0% used [0x00000000d5580000,0x00000000d5580000,0x00000000d5780000)
  from space 512K, 98% used [0x00000000d5800000,0x00000000d587e6a8,0x00000000d5880000)
  to   space 1024K, 0% used [0x00000000d5880000,0x00000000d5880000,0x00000000d5980000)
 ParOldGen       total 624640K, used 624526K [0x0000000080000000, 0x00000000a6200000, 0x00000000d5580000)
  object space 624640K, 99% used [0x0000000080000000,0x00000000a61e38a0,0x00000000a6200000)
 Metaspace       used 65995K, committed 67648K, reserved 1114112K
  class space    used 6813K, committed 7552K, reserved 1048576K
}
Event: 35.610 GC heap before
{Heap before GC invocations=853 (full 3):
 PSYoungGen      total 2560K, used 2547K [0x00000000d5580000, 0x00000000d5980000, 0x0000000100000000)
  eden space 2048K, 99% used [0x00000000d5580000,0x00000000d577e7d0,0x00000000d5780000)
  from space 512K, 98% used [0x00000000d5800000,0x00000000d587e6a8,0x00000000d5880000)
  to   space 1024K, 0% used [0x00000000d5880000,0x00000000d5880000,0x00000000d5980000)
 ParOldGen       total 624640K, used 624526K [0x0000000080000000, 0x00000000a6200000, 0x00000000d5580000)
  object space 624640K, 99% used [0x0000000080000000,0x00000000a61e38a0,0x00000000a6200000)
 Metaspace       used 66016K, committed 67712K, reserved 1114112K
  class space    used 6816K, committed 7616K, reserved 1048576K
}
Event: 35.614 GC heap after
{Heap after GC invocations=853 (full 3):
 PSYoungGen      total 3072K, used 768K [0x00000000d5580000, 0x00000000d5980000, 0x0000000100000000)
  eden space 2048K, 0% used [0x00000000d5580000,0x00000000d5580000,0x00000000d5780000)
  from space 1024K, 75% used [0x00000000d5880000,0x00000000d59401d0,0x00000000d5980000)
  to   space 1024K, 0% used [0x00000000d5780000,0x00000000d5780000,0x00000000d5880000)
 ParOldGen       total 626688K, used 626207K [0x0000000080000000, 0x00000000a6400000, 0x00000000d5580000)
  object space 626688K, 99% used [0x0000000080000000,0x00000000a6387f98,0x00000000a6400000)
 Metaspace       used 66016K, committed 67712K, reserved 1114112K
  class space    used 6816K, committed 7616K, reserved 1048576K
}
Event: 35.661 GC heap before
{Heap before GC invocations=854 (full 3):
 PSYoungGen      total 3072K, used 2816K [0x00000000d5580000, 0x00000000d5980000, 0x0000000100000000)
  eden space 2048K, 99% used [0x00000000d5580000,0x00000000d577fff0,0x00000000d5780000)
  from space 1024K, 75% used [0x00000000d5880000,0x00000000d59401d0,0x00000000d5980000)
  to   space 1024K, 0% used [0x00000000d5780000,0x00000000d5780000,0x00000000d5880000)
 ParOldGen       total 626688K, used 626207K [0x0000000080000000, 0x00000000a6400000, 0x00000000d5580000)
  object space 626688K, 99% used [0x0000000080000000,0x00000000a6387f98,0x00000000a6400000)
 Metaspace       used 66105K, committed 67776K, reserved 1114112K
  class space    used 6823K, committed 7616K, reserved 1048576K
}
Event: 35.665 GC heap after
{Heap after GC invocations=854 (full 3):
 PSYoungGen      total 3072K, used 769K [0x00000000d5580000, 0x00000000d5980000, 0x0000000100000000)
  eden space 2048K, 0% used [0x00000000d5580000,0x00000000d5580000,0x00000000d5780000)
  from space 1024K, 75% used [0x00000000d5780000,0x00000000d5840668,0x00000000d5880000)
  to   space 1024K, 0% used [0x00000000d5880000,0x00000000d5880000,0x00000000d5980000)
 ParOldGen       total 626688K, used 626685K [0x0000000080000000, 0x00000000a6400000, 0x00000000d5580000)
  object space 626688K, 99% used [0x0000000080000000,0x00000000a63ff6a8,0x00000000a6400000)
 Metaspace       used 66105K, committed 67776K, reserved 1114112K
  class space    used 6823K, committed 7616K, reserved 1048576K
}
Event: 35.784 GC heap before
{Heap before GC invocations=855 (full 3):
 PSYoungGen      total 3072K, used 2817K [0x00000000d5580000, 0x00000000d5980000, 0x0000000100000000)
  eden space 2048K, 100% used [0x00000000d5580000,0x00000000d5780000,0x00000000d5780000)
  from space 1024K, 75% used [0x00000000d5780000,0x00000000d5840668,0x00000000d5880000)
  to   space 1024K, 0% used [0x00000000d5880000,0x00000000d5880000,0x00000000d5980000)
 ParOldGen       total 626688K, used 626685K [0x0000000080000000, 0x00000000a6400000, 0x00000000d5580000)
  object space 626688K, 99% used [0x0000000080000000,0x00000000a63ff6a8,0x00000000a6400000)
 Metaspace       used 66150K, committed 67840K, reserved 1114112K
  class space    used 6830K, committed 7616K, reserved 1048576K
}
Event: 35.790 GC heap after
{Heap after GC invocations=855 (full 3):
 PSYoungGen      total 3072K, used 585K [0x00000000d5580000, 0x00000000d5980000, 0x0000000100000000)
  eden space 2048K, 0% used [0x00000000d5580000,0x00000000d5580000,0x00000000d5780000)
  from space 1024K, 57% used [0x00000000d5880000,0x00000000d5912670,0x00000000d5980000)
  to   space 1024K, 0% used [0x00000000d5780000,0x00000000d5780000,0x00000000d5880000)
 ParOldGen       total 627712K, used 627295K [0x0000000080000000, 0x00000000a6500000, 0x00000000d5580000)
  object space 627712K, 99% used [0x0000000080000000,0x00000000a6497fd8,0x00000000a6500000)
 Metaspace       used 66150K, committed 67840K, reserved 1114112K
  class space    used 6830K, committed 7616K, reserved 1048576K
}
Event: 35.863 GC heap before
{Heap before GC invocations=856 (full 3):
 PSYoungGen      total 3072K, used 2633K [0x00000000d5580000, 0x00000000d5980000, 0x0000000100000000)
  eden space 2048K, 99% used [0x00000000d5580000,0x00000000d577fff0,0x00000000d5780000)
  from space 1024K, 57% used [0x00000000d5880000,0x00000000d5912670,0x00000000d5980000)
  to   space 1024K, 0% used [0x00000000d5780000,0x00000000d5780000,0x00000000d5880000)
 ParOldGen       total 627712K, used 627295K [0x0000000080000000, 0x00000000a6500000, 0x00000000d5580000)
  object space 627712K, 99% used [0x0000000080000000,0x00000000a6497fd8,0x00000000a6500000)
 Metaspace       used 66255K, committed 67904K, reserved 1114112K
  class space    used 6840K, committed 7616K, reserved 1048576K
}

Dll operation events (11 events):
Event: 0.020 Loaded shared library c:\Users\PADIL M ZAKI\.vscode\extensions\redhat.java-1.43.1-win32-x64\jre\21.0.7-win32-x86_64\bin\java.dll
Event: 0.145 Loaded shared library c:\Users\PADIL M ZAKI\.vscode\extensions\redhat.java-1.43.1-win32-x64\jre\21.0.7-win32-x86_64\bin\zip.dll
Event: 0.188 Loaded shared library C:\Users\PADIL M ZAKI\.vscode\extensions\redhat.java-1.43.1-win32-x64\jre\21.0.7-win32-x86_64\bin\instrument.dll
Event: 0.195 Loaded shared library C:\Users\PADIL M ZAKI\.vscode\extensions\redhat.java-1.43.1-win32-x64\jre\21.0.7-win32-x86_64\bin\net.dll
Event: 0.201 Loaded shared library C:\Users\PADIL M ZAKI\.vscode\extensions\redhat.java-1.43.1-win32-x64\jre\21.0.7-win32-x86_64\bin\nio.dll
Event: 0.208 Loaded shared library C:\Users\PADIL M ZAKI\.vscode\extensions\redhat.java-1.43.1-win32-x64\jre\21.0.7-win32-x86_64\bin\zip.dll
Event: 0.238 Loaded shared library C:\Users\PADIL M ZAKI\.vscode\extensions\redhat.java-1.43.1-win32-x64\jre\21.0.7-win32-x86_64\bin\jimage.dll
Event: 0.387 Loaded shared library c:\Users\PADIL M ZAKI\.vscode\extensions\redhat.java-1.43.1-win32-x64\jre\21.0.7-win32-x86_64\bin\verify.dll
Event: 2.532 Loaded shared library C:\Users\PADIL M ZAKI\AppData\Roaming\Code\User\globalStorage\redhat.java\1.43.1\config_win\org.eclipse.equinox.launcher\org.eclipse.equinox.launcher.win32.win32.x86_64_1.2.1300.v20250331-1702\eclipse_11911.dll
Event: 5.412 Loaded shared library C:\Users\PADIL M ZAKI\AppData\Local\Temp\jna-1502444866\jna10408231665365201527.dll
Event: 35.814 Loaded shared library C:\Users\PADIL M ZAKI\.vscode\extensions\redhat.java-1.43.1-win32-x64\jre\21.0.7-win32-x86_64\bin\sunmscapi.dll

Deoptimization events (20 events):
Event: 35.588 Thread 0x00000175f241add0 DEOPT PACKING pc=0x000001759e15a9c8 sp=0x0000000ba60fd8f0
Event: 35.588 Thread 0x00000175f241add0 DEOPT UNPACKING pc=0x000001759d723aa2 sp=0x0000000ba60fd888 mode 2
Event: 35.589 Thread 0x00000175f241add0 Uncommon trap: trap_request=0xffffff45 fr.pc=0x000001759e2270c8 relative=0x00000000000022e8
Event: 35.589 Thread 0x00000175f241add0 Uncommon trap: reason=unstable_if action=reinterpret pc=0x000001759e2270c8 method=org.eclipse.jdt.internal.compiler.parser.Parser.consumeRule(I)V @ 1 c2
Event: 35.596 Thread 0x00000175f241add0 DEOPT PACKING pc=0x000001759e2270c8 sp=0x0000000ba60fdb40
Event: 35.596 Thread 0x00000175f241add0 DEOPT UNPACKING pc=0x000001759d723aa2 sp=0x0000000ba60fdad0 mode 2
Event: 35.600 Thread 0x00000175f241add0 Uncommon trap: trap_request=0xffffff45 fr.pc=0x000001759e3255f0 relative=0x00000000000015f0
Event: 35.600 Thread 0x00000175f241add0 Uncommon trap: reason=unstable_if action=reinterpret pc=0x000001759e3255f0 method=org.eclipse.jdt.internal.compiler.parser.Parser.consumeToken(Lorg/eclipse/jdt/internal/compiler/parser/TerminalToken;)V @ 8 c2
Event: 35.600 Thread 0x00000175f241add0 DEOPT PACKING pc=0x000001759e3255f0 sp=0x0000000ba60fdb20
Event: 35.601 Thread 0x00000175f241add0 DEOPT UNPACKING pc=0x000001759d723aa2 sp=0x0000000ba60fdab8 mode 2
Event: 35.606 Thread 0x00000175f1a82590 DEOPT PACKING pc=0x00000175970e19e7 sp=0x0000000ba27fd9f0
Event: 35.606 Thread 0x00000175f1a82590 DEOPT UNPACKING pc=0x000001759d724242 sp=0x0000000ba27fcf60 mode 0
Event: 35.650 Thread 0x00000175f241b460 DEOPT PACKING pc=0x00000175976cbbd3 sp=0x0000000ba62fca20
Event: 35.650 Thread 0x00000175f241b460 DEOPT UNPACKING pc=0x000001759d724242 sp=0x0000000ba62fbec0 mode 0
Event: 35.724 Thread 0x00000175f241add0 Uncommon trap: trap_request=0xffffff45 fr.pc=0x000001759e3208cc relative=0x00000000000003ec
Event: 35.724 Thread 0x00000175f241add0 Uncommon trap: reason=unstable_if action=reinterpret pc=0x000001759e3208cc method=org.eclipse.jdt.internal.compiler.parser.Scanner.getNextToken()Lorg/eclipse/jdt/internal/compiler/parser/TerminalToken; @ 144 c2
Event: 35.724 Thread 0x00000175f241add0 DEOPT PACKING pc=0x000001759e3208cc sp=0x0000000ba60fdb30
Event: 35.724 Thread 0x00000175f241add0 DEOPT UNPACKING pc=0x000001759d723aa2 sp=0x0000000ba60fdac8 mode 2
Event: 35.762 Thread 0x00000175f241b460 DEOPT PACKING pc=0x000001759718eb65 sp=0x0000000ba62fcfe0
Event: 35.762 Thread 0x00000175f241b460 DEOPT UNPACKING pc=0x000001759d724242 sp=0x0000000ba62fc4f0 mode 0

Classes loaded (20 events):
Event: 35.631 Loading class javax/crypto/Cipher$Transform
Event: 35.632 Loading class javax/crypto/Cipher$Transform done
Event: 35.635 Loading class sun/security/jca/ProviderConfig$3
Event: 35.636 Loading class sun/security/jca/ProviderConfig$3 done
Event: 35.637 Loading class sun/security/jca/ProviderConfig$ProviderLoader
Event: 35.637 Loading class sun/security/jca/ProviderConfig$ProviderLoader done
Event: 35.651 Loading class java/security/AuthProvider
Event: 35.661 Loading class java/security/AuthProvider done
Event: 35.673 Loading class java/security/ProviderException
Event: 35.674 Loading class java/security/ProviderException done
Event: 35.676 Loading class java/security/InvalidParameterException
Event: 35.677 Loading class java/security/InvalidParameterException done
Event: 35.678 Loading class javax/security/auth/login/LoginException
Event: 35.679 Loading class javax/security/auth/login/LoginException done
Event: 35.680 Loading class javax/security/auth/login/FailedLoginException
Event: 35.680 Loading class javax/security/auth/login/FailedLoginException done
Event: 35.682 Loading class javax/security/auth/callback/CallbackHandler
Event: 35.687 Loading class javax/security/auth/callback/CallbackHandler done
Event: 35.687 Loading class javax/security/auth/Subject
Event: 35.689 Loading class javax/security/auth/Subject done

Classes unloaded (9 events):
Event: 6.444 Thread 0x000001759304ebf0 Unloading class 0x00000175ab19c800 'java/lang/invoke/LambdaForm$MH+0x00000175ab19c800'
Event: 6.444 Thread 0x000001759304ebf0 Unloading class 0x00000175ab19c400 'java/lang/invoke/LambdaForm$MH+0x00000175ab19c400'
Event: 6.444 Thread 0x000001759304ebf0 Unloading class 0x00000175ab19c000 'java/lang/invoke/LambdaForm$MH+0x00000175ab19c000'
Event: 6.444 Thread 0x000001759304ebf0 Unloading class 0x00000175ab19bc00 'java/lang/invoke/LambdaForm$MH+0x00000175ab19bc00'
Event: 6.444 Thread 0x000001759304ebf0 Unloading class 0x00000175ab19b800 'java/lang/invoke/LambdaForm$BMH+0x00000175ab19b800'
Event: 6.444 Thread 0x000001759304ebf0 Unloading class 0x00000175ab19b400 'java/lang/invoke/LambdaForm$DMH+0x00000175ab19b400'
Event: 6.444 Thread 0x000001759304ebf0 Unloading class 0x00000175ab19a000 'java/lang/invoke/LambdaForm$DMH+0x00000175ab19a000'
Event: 15.599 Thread 0x000001759304ebf0 Unloading class 0x00000175ab65cc00 'java/lang/invoke/LambdaForm$DMH+0x00000175ab65cc00'
Event: 15.599 Thread 0x000001759304ebf0 Unloading class 0x00000175ab65c800 'java/lang/invoke/LambdaForm$DMH+0x00000175ab65c800'

Classes redefined (0 events):
No events

Internal exceptions (20 events):
Event: 35.112 Thread 0x00000175f1a82590 Exception <a 'sun/nio/fs/WindowsException'{0x00000000d5703280}> (0x00000000d5703280) 
thrown [s\src\hotspot\share\prims\jni.cpp, line 520]
Event: 35.112 Thread 0x00000175f1a82590 Exception <a 'sun/nio/fs/WindowsException'{0x00000000d57244c0}> (0x00000000d57244c0) 
thrown [s\src\hotspot\share\prims\jni.cpp, line 520]
Event: 35.113 Thread 0x00000175f1a82590 Exception <a 'sun/nio/fs/WindowsException'{0x00000000d5724bd8}> (0x00000000d5724bd8) 
thrown [s\src\hotspot\share\prims\jni.cpp, line 520]
Event: 35.121 Thread 0x00000175f1a82590 Exception <a 'java/io/FileNotFoundException'{0x00000000d5585900}> (0x00000000d5585900) 
thrown [s\src\hotspot\share\prims\jni.cpp, line 520]
Event: 35.121 Thread 0x00000175f1a82590 Exception <a 'java/io/FileNotFoundException'{0x00000000d55866b0}> (0x00000000d55866b0) 
thrown [s\src\hotspot\share\prims\jni.cpp, line 520]
Event: 35.123 Thread 0x00000175f241add0 Implicit null exception at 0x000001759dec25cb to 0x000001759dec2612
Event: 35.129 Thread 0x00000175f1a82590 Exception <a 'sun/nio/fs/WindowsException'{0x00000000d5617a38}> (0x00000000d5617a38) 
thrown [s\src\hotspot\share\prims\jni.cpp, line 520]
Event: 35.129 Thread 0x00000175f1a82590 Exception <a 'sun/nio/fs/WindowsException'{0x00000000d5618150}> (0x00000000d5618150) 
thrown [s\src\hotspot\share\prims\jni.cpp, line 520]
Event: 35.180 Thread 0x00000175f1a82590 Exception <a 'sun/nio/fs/WindowsException'{0x00000000d5651f40}> (0x00000000d5651f40) 
thrown [s\src\hotspot\share\prims\jni.cpp, line 520]
Event: 35.180 Thread 0x00000175f1a82590 Exception <a 'sun/nio/fs/WindowsException'{0x00000000d5652908}> (0x00000000d5652908) 
thrown [s\src\hotspot\share\prims\jni.cpp, line 520]
Event: 35.505 Thread 0x00000175f1a82590 Exception <a 'sun/nio/fs/WindowsException'{0x00000000d560add8}> (0x00000000d560add8) 
thrown [s\src\hotspot\share\prims\jni.cpp, line 520]
Event: 35.505 Thread 0x00000175f1a82590 Exception <a 'sun/nio/fs/WindowsException'{0x00000000d560b4f0}> (0x00000000d560b4f0) 
thrown [s\src\hotspot\share\prims\jni.cpp, line 520]
Event: 35.506 Thread 0x00000175f1a82590 Exception <a 'sun/nio/fs/WindowsException'{0x00000000d560c480}> (0x00000000d560c480) 
thrown [s\src\hotspot\share\prims\jni.cpp, line 520]
Event: 35.506 Thread 0x00000175f1a82590 Exception <a 'sun/nio/fs/WindowsException'{0x00000000d560cb98}> (0x00000000d560cb98) 
thrown [s\src\hotspot\share\prims\jni.cpp, line 520]
Event: 35.507 Thread 0x00000175f1a82590 Exception <a 'sun/nio/fs/WindowsException'{0x00000000d560e368}> (0x00000000d560e368) 
thrown [s\src\hotspot\share\prims\jni.cpp, line 520]
Event: 35.507 Thread 0x00000175f1a82590 Exception <a 'sun/nio/fs/WindowsException'{0x00000000d560ecc0}> (0x00000000d560ecc0) 
thrown [s\src\hotspot\share\prims\jni.cpp, line 520]
Event: 35.544 Thread 0x00000175f1a82590 Exception <a 'sun/nio/fs/WindowsException'{0x00000000d56edbd0}> (0x00000000d56edbd0) 
thrown [s\src\hotspot\share\prims\jni.cpp, line 520]
Event: 35.545 Thread 0x00000175f1a82590 Exception <a 'sun/nio/fs/WindowsException'{0x00000000d56ee598}> (0x00000000d56ee598) 
thrown [s\src\hotspot\share\prims\jni.cpp, line 520]
Event: 35.581 Thread 0x00000175f2419390 Exception <a 'java/lang/ArrayIndexOutOfBoundsException'{0x00000000d5648010}> (0x00000000d5648010) 
thrown [s\src\hotspot\share\runtime\sharedRuntime.cpp, line 625]
Event: 35.588 Thread 0x00000175f241add0 Implicit null exception at 0x000001759e15a95a to 0x000001759e15a9b3

ZGC Phase Switch (0 events):
No events

VM Operations (20 events):
Event: 35.277 Executing VM operation: ParallelGCFailedAllocation (Allocation Failure) done
Event: 35.339 Executing VM operation: ParallelGCFailedAllocation (Allocation Failure)
Event: 35.341 Executing VM operation: ParallelGCFailedAllocation (Allocation Failure) done
Event: 35.395 Executing VM operation: ParallelGCFailedAllocation (Allocation Failure)
Event: 35.399 Executing VM operation: ParallelGCFailedAllocation (Allocation Failure) done
Event: 35.473 Executing VM operation: ParallelGCFailedAllocation (Allocation Failure)
Event: 35.476 Executing VM operation: ParallelGCFailedAllocation (Allocation Failure) done
Event: 35.480 Executing VM operation: ParallelGCFailedAllocation (Allocation Failure)
Event: 35.486 Executing VM operation: ParallelGCFailedAllocation (Allocation Failure) done
Event: 35.551 Executing VM operation: ParallelGCFailedAllocation (Allocation Failure)
Event: 35.567 Executing VM operation: ParallelGCFailedAllocation (Allocation Failure) done
Event: 35.610 Executing VM operation: ParallelGCFailedAllocation (Allocation Failure)
Event: 35.614 Executing VM operation: ParallelGCFailedAllocation (Allocation Failure) done
Event: 35.660 Executing VM operation: ParallelGCFailedAllocation (Allocation Failure)
Event: 35.665 Executing VM operation: ParallelGCFailedAllocation (Allocation Failure) done
Event: 35.768 Executing VM operation: ParallelGCFailedAllocation (Allocation Failure)
Event: 35.790 Executing VM operation: ParallelGCFailedAllocation (Allocation Failure) done
Event: 35.828 Executing VM operation: HandshakeAllThreads (Deoptimize)
Event: 35.829 Executing VM operation: HandshakeAllThreads (Deoptimize) done
Event: 35.863 Executing VM operation: ParallelGCFailedAllocation (Allocation Failure)

Memory protections (0 events):
No events

Nmethod flushes (20 events):
Event: 15.631 Thread 0x000001759304ebf0 flushing  nmethod 0x0000017596a13a90
Event: 15.631 Thread 0x000001759304ebf0 flushing  nmethod 0x0000017596a14f10
Event: 15.631 Thread 0x000001759304ebf0 flushing  nmethod 0x0000017596a15490
Event: 15.631 Thread 0x000001759304ebf0 flushing  nmethod 0x0000017596a26590
Event: 15.631 Thread 0x000001759304ebf0 flushing  nmethod 0x0000017596a36f90
Event: 15.631 Thread 0x000001759304ebf0 flushing osr nmethod 0x0000017596a81c10
Event: 15.631 Thread 0x000001759304ebf0 flushing  nmethod 0x0000017596a8ce90
Event: 15.631 Thread 0x000001759304ebf0 flushing  nmethod 0x0000017596a9f710
Event: 15.631 Thread 0x000001759304ebf0 flushing  nmethod 0x0000017596aadf10
Event: 15.631 Thread 0x000001759304ebf0 flushing  nmethod 0x0000017596aae890
Event: 15.631 Thread 0x000001759304ebf0 flushing  nmethod 0x0000017596aaf290
Event: 15.631 Thread 0x000001759304ebf0 flushing  nmethod 0x0000017596ab5210
Event: 15.631 Thread 0x000001759304ebf0 flushing  nmethod 0x0000017596ab6110
Event: 15.631 Thread 0x000001759304ebf0 flushing  nmethod 0x0000017596ad1590
Event: 15.631 Thread 0x000001759304ebf0 flushing  nmethod 0x0000017596af3d90
Event: 15.631 Thread 0x000001759304ebf0 flushing  nmethod 0x0000017596af7110
Event: 15.631 Thread 0x000001759304ebf0 flushing  nmethod 0x0000017596af7810
Event: 15.631 Thread 0x000001759304ebf0 flushing  nmethod 0x0000017596af8310
Event: 15.631 Thread 0x000001759304ebf0 flushing  nmethod 0x0000017596afeb10
Event: 15.631 Thread 0x000001759304ebf0 flushing  nmethod 0x0000017596b18010

Events (20 events):
Event: 15.936 Thread 0x00000175f219fd80 Thread exited: 0x00000175f219fd80
Event: 15.936 Thread 0x00000175f3373210 Thread exited: 0x00000175f3373210
Event: 15.936 Thread 0x00000175f3372b80 Thread exited: 0x00000175f3372b80
Event: 17.125 Thread 0x00000175f24c6380 Thread exited: 0x00000175f24c6380
Event: 23.388 Thread 0x000001759306c7f0 Thread added: 0x00000175f3205920
Event: 24.617 Thread 0x00000175f1a84cf0 Thread added: 0x00000175f3372b80
Event: 28.148 Thread 0x00000175f3205920 Thread exited: 0x00000175f3205920
Event: 33.214 Thread 0x000001759306c7f0 Thread added: 0x00000175f46465b0
Event: 34.952 Thread 0x00000175f3c141e0 Thread added: 0x00000175f3373210
Event: 34.953 Thread 0x00000175f3373210 Thread added: 0x00000175f3374c50
Event: 34.954 Thread 0x00000175f3374c50 Thread added: 0x00000175f241baf0
Event: 34.959 Thread 0x00000175f3c141e0 Thread added: 0x00000175f241add0
Event: 35.053 Thread 0x00000175f3c141e0 Thread added: 0x00000175f241a740
Event: 35.054 Thread 0x00000175f3c141e0 Thread added: 0x00000175f241b460
Event: 35.059 Thread 0x00000175f3c141e0 Thread added: 0x00000175f2418d00
Event: 35.148 Thread 0x00000175f1a82590 Thread added: 0x00000175f2418670
Event: 35.388 Thread 0x00000175f3c141e0 Thread added: 0x00000175f241c180
Event: 35.389 Thread 0x00000175f3c141e0 Thread added: 0x00000175f241a0b0
Event: 35.389 Thread 0x00000175f3c141e0 Thread added: 0x00000175f2419390
Event: 35.490 Thread 0x00000175f2418d00 Thread added: 0x00000175f241c810


Dynamic libraries:
0x00007ff7e76e0000 - 0x00007ff7e76ee000 	c:\Users\PADIL M ZAKI\.vscode\extensions\redhat.java-1.43.1-win32-x64\jre\21.0.7-win32-x86_64\bin\java.exe
0x00007ffc2e060000 - 0x00007ffc2e2c8000 	C:\WINDOWS\SYSTEM32\ntdll.dll
0x00007ffc2c950000 - 0x00007ffc2ca19000 	C:\WINDOWS\System32\KERNEL32.DLL
0x00007ffc2b390000 - 0x00007ffc2b77d000 	C:\WINDOWS\System32\KERNELBASE.dll
0x00007ffc2b1b0000 - 0x00007ffc2b2fb000 	C:\WINDOWS\System32\ucrtbase.dll
0x00007ffbf78e0000 - 0x00007ffbf78f8000 	c:\Users\PADIL M ZAKI\.vscode\extensions\redhat.java-1.43.1-win32-x64\jre\21.0.7-win32-x86_64\bin\jli.dll
0x00007ffbf3240000 - 0x00007ffbf325e000 	c:\Users\PADIL M ZAKI\.vscode\extensions\redhat.java-1.43.1-win32-x64\jre\21.0.7-win32-x86_64\bin\VCRUNTIME140.dll
0x00007ffc2be00000 - 0x00007ffc2bfcc000 	C:\WINDOWS\System32\USER32.dll
0x00007ffc2b8e0000 - 0x00007ffc2b907000 	C:\WINDOWS\System32\win32u.dll
0x00007ffc16c00000 - 0x00007ffc16e9a000 	C:\WINDOWS\WinSxS\amd64_microsoft.windows.common-controls_6595b64144ccf1df_6.0.26100.4484_none_3e0e6d4ce32ef3b3\COMCTL32.dll
0x00007ffc2df90000 - 0x00007ffc2dfbb000 	C:\WINDOWS\System32\GDI32.dll
0x00007ffc2dee0000 - 0x00007ffc2df89000 	C:\WINDOWS\System32\msvcrt.dll
0x00007ffc2bcc0000 - 0x00007ffc2bdf7000 	C:\WINDOWS\System32\gdi32full.dll
0x00007ffc2b910000 - 0x00007ffc2b9b3000 	C:\WINDOWS\System32\msvcp_win.dll
0x00007ffc2ca40000 - 0x00007ffc2ca6f000 	C:\WINDOWS\System32\IMM32.DLL
0x00007ffbfc220000 - 0x00007ffbfc22c000 	c:\Users\PADIL M ZAKI\.vscode\extensions\redhat.java-1.43.1-win32-x64\jre\21.0.7-win32-x86_64\bin\vcruntime140_1.dll
0x00007ffbb80f0000 - 0x00007ffbb817d000 	c:\Users\PADIL M ZAKI\.vscode\extensions\redhat.java-1.43.1-win32-x64\jre\21.0.7-win32-x86_64\bin\msvcp140.dll
0x00007ffb186e0000 - 0x00007ffb19470000 	c:\Users\PADIL M ZAKI\.vscode\extensions\redhat.java-1.43.1-win32-x64\jre\21.0.7-win32-x86_64\bin\server\jvm.dll
0x00007ffc2c1b0000 - 0x00007ffc2c264000 	C:\WINDOWS\System32\ADVAPI32.dll
0x00007ffc2c700000 - 0x00007ffc2c7a6000 	C:\WINDOWS\System32\sechost.dll
0x00007ffc2ddc0000 - 0x00007ffc2ded8000 	C:\WINDOWS\System32\RPCRT4.dll
0x00007ffc2ca80000 - 0x00007ffc2caf4000 	C:\WINDOWS\System32\WS2_32.dll
0x00007ffc2b020000 - 0x00007ffc2b07e000 	C:\WINDOWS\SYSTEM32\POWRPROF.dll
0x00007ffc233d0000 - 0x00007ffc23405000 	C:\WINDOWS\SYSTEM32\WINMM.dll
0x00007ffc233c0000 - 0x00007ffc233cb000 	C:\WINDOWS\SYSTEM32\VERSION.dll
0x00007ffc2afe0000 - 0x00007ffc2aff4000 	C:\WINDOWS\SYSTEM32\UMPDC.dll
0x00007ffc29f30000 - 0x00007ffc29f4b000 	C:\WINDOWS\SYSTEM32\kernel.appcore.dll
0x00007ffbfa530000 - 0x00007ffbfa53a000 	c:\Users\PADIL M ZAKI\.vscode\extensions\redhat.java-1.43.1-win32-x64\jre\21.0.7-win32-x86_64\bin\jimage.dll
0x00007ffc28b60000 - 0x00007ffc28da1000 	C:\WINDOWS\SYSTEM32\DBGHELP.DLL
0x00007ffc2d1d0000 - 0x00007ffc2d556000 	C:\WINDOWS\System32\combase.dll
0x00007ffc2c860000 - 0x00007ffc2c940000 	C:\WINDOWS\System32\OLEAUT32.dll
0x00007ffc16fa0000 - 0x00007ffc16fe3000 	C:\WINDOWS\SYSTEM32\dbgcore.DLL
0x00007ffc2b840000 - 0x00007ffc2b8d9000 	C:\WINDOWS\System32\bcryptPrimitives.dll
0x00007ffbfa440000 - 0x00007ffbfa44f000 	c:\Users\PADIL M ZAKI\.vscode\extensions\redhat.java-1.43.1-win32-x64\jre\21.0.7-win32-x86_64\bin\instrument.dll
0x00007ffbea940000 - 0x00007ffbea95f000 	c:\Users\PADIL M ZAKI\.vscode\extensions\redhat.java-1.43.1-win32-x64\jre\21.0.7-win32-x86_64\bin\java.dll
0x00007ffc2d5f0000 - 0x00007ffc2dd3a000 	C:\WINDOWS\System32\SHELL32.dll
0x00007ffc2bb40000 - 0x00007ffc2bcb4000 	C:\WINDOWS\System32\wintypes.dll
0x00007ffc28de0000 - 0x00007ffc2963b000 	C:\WINDOWS\SYSTEM32\windows.storage.dll
0x00007ffc2cb00000 - 0x00007ffc2cbf5000 	C:\WINDOWS\System32\SHCORE.dll
0x00007ffc2d160000 - 0x00007ffc2d1ca000 	C:\WINDOWS\System32\shlwapi.dll
0x00007ffc2b0c0000 - 0x00007ffc2b0ef000 	C:\WINDOWS\SYSTEM32\profapi.dll
0x00007ffbe99c0000 - 0x00007ffbe99d8000 	c:\Users\PADIL M ZAKI\.vscode\extensions\redhat.java-1.43.1-win32-x64\jre\21.0.7-win32-x86_64\bin\zip.dll
0x00007ffbf7a70000 - 0x00007ffbf7a80000 	C:\Users\PADIL M ZAKI\.vscode\extensions\redhat.java-1.43.1-win32-x64\jre\21.0.7-win32-x86_64\bin\net.dll
0x00007ffc208e0000 - 0x00007ffc209fe000 	C:\WINDOWS\SYSTEM32\WINHTTP.dll
0x00007ffc2a4c0000 - 0x00007ffc2a52a000 	C:\WINDOWS\system32\mswsock.dll
0x00007ffbb8fc0000 - 0x00007ffbb8fd6000 	C:\Users\PADIL M ZAKI\.vscode\extensions\redhat.java-1.43.1-win32-x64\jre\21.0.7-win32-x86_64\bin\nio.dll
0x00007ffbf7910000 - 0x00007ffbf7920000 	c:\Users\PADIL M ZAKI\.vscode\extensions\redhat.java-1.43.1-win32-x64\jre\21.0.7-win32-x86_64\bin\verify.dll
0x00007ffbb8e90000 - 0x00007ffbb8ed5000 	C:\Users\PADIL M ZAKI\AppData\Roaming\Code\User\globalStorage\redhat.java\1.43.1\config_win\org.eclipse.equinox.launcher\org.eclipse.equinox.launcher.win32.win32.x86_64_1.2.1300.v20250331-1702\eclipse_11911.dll
0x00007ffc2cf00000 - 0x00007ffc2d09e000 	C:\WINDOWS\System32\ole32.dll
0x00007ffc2a790000 - 0x00007ffc2a7ab000 	C:\WINDOWS\SYSTEM32\CRYPTSP.dll
0x00007ffc29e90000 - 0x00007ffc29eca000 	C:\WINDOWS\system32\rsaenh.dll
0x00007ffc2a560000 - 0x00007ffc2a58b000 	C:\WINDOWS\SYSTEM32\USERENV.dll
0x00007ffc2b090000 - 0x00007ffc2b0b6000 	C:\WINDOWS\SYSTEM32\bcrypt.dll
0x00007ffc2a7b0000 - 0x00007ffc2a7bc000 	C:\WINDOWS\SYSTEM32\CRYPTBASE.dll
0x00007ffc29930000 - 0x00007ffc29963000 	C:\WINDOWS\SYSTEM32\IPHLPAPI.DLL
0x00007ffc2d580000 - 0x00007ffc2d58a000 	C:\WINDOWS\System32\NSI.dll
0x00007ffbb8390000 - 0x00007ffbb83d9000 	C:\Users\PADIL M ZAKI\AppData\Local\Temp\jna-1502444866\jna10408231665365201527.dll
0x00007ffc2ca20000 - 0x00007ffc2ca28000 	C:\WINDOWS\System32\PSAPI.DLL
0x00007ffc20760000 - 0x00007ffc2077f000 	C:\WINDOWS\SYSTEM32\dhcpcsvc6.DLL
0x00007ffc20730000 - 0x00007ffc20755000 	C:\WINDOWS\SYSTEM32\dhcpcsvc.DLL
0x00007ffc2a060000 - 0x00007ffc2a096000 	C:\WINDOWS\SYSTEM32\ntmarta.dll
0x00007ffbff6a0000 - 0x00007ffbff6ae000 	C:\Users\PADIL M ZAKI\.vscode\extensions\redhat.java-1.43.1-win32-x64\jre\21.0.7-win32-x86_64\bin\sunmscapi.dll
0x00007ffc2b9c0000 - 0x00007ffc2bb37000 	C:\WINDOWS\System32\CRYPT32.dll
0x00007ffc2a9b0000 - 0x00007ffc2a9e0000 	C:\WINDOWS\SYSTEM32\ncrypt.dll
0x00007ffc2a960000 - 0x00007ffc2a99f000 	C:\WINDOWS\SYSTEM32\NTASN1.dll

dbghelp: loaded successfully - version: 4.0.5 - missing functions: none
symbol engine: initialized successfully - sym options: 0x614 - pdb path: .;c:\Users\PADIL M ZAKI\.vscode\extensions\redhat.java-1.43.1-win32-x64\jre\21.0.7-win32-x86_64\bin;C:\WINDOWS\SYSTEM32;C:\WINDOWS\WinSxS\amd64_microsoft.windows.common-controls_6595b64144ccf1df_6.0.26100.4484_none_3e0e6d4ce32ef3b3;c:\Users\PADIL M ZAKI\.vscode\extensions\redhat.java-1.43.1-win32-x64\jre\21.0.7-win32-x86_64\bin\server;C:\Users\PADIL M ZAKI\AppData\Roaming\Code\User\globalStorage\redhat.java\1.43.1\config_win\org.eclipse.equinox.launcher\org.eclipse.equinox.launcher.win32.win32.x86_64_1.2.1300.v20250331-1702;C:\Users\PADIL M ZAKI\AppData\Local\Temp\jna-1502444866

VM Arguments:
jvm_args: --add-modules=ALL-SYSTEM --add-opens=java.base/java.util=ALL-UNNAMED --add-opens=java.base/java.lang=ALL-UNNAMED --add-opens=java.base/sun.nio.fs=ALL-UNNAMED -Declipse.application=org.eclipse.jdt.ls.core.id1 -Dosgi.bundles.defaultStartLevel=4 -Declipse.product=org.eclipse.jdt.ls.core.product -Djava.import.generatesMetadataFilesAtProjectRoot=false -DDetectVMInstallationsJob.disabled=true -Dfile.encoding=utf8 -XX:+UseParallelGC -XX:GCTimeRatio=4 -XX:AdaptiveSizePolicyWeight=90 -Dsun.zip.disableMemoryMapping=true -Xmx2G -Xms100m -Xlog:disable -javaagent:c:\Users\PADIL M ZAKI\.vscode\extensions\redhat.java-1.43.1-win32-x64\lombok\lombok-1.18.39-4050.jar -XX:+HeapDumpOnOutOfMemoryError -XX:HeapDumpPath=c:\Users\PADIL M ZAKI\AppData\Roaming\Code\User\workspaceStorage\a62fecfe5c378930e62d3ec62168faec\redhat.java -Daether.dependencyCollector.impl=bf 
java_command: c:\Users\PADIL M ZAKI\.vscode\extensions\redhat.java-1.43.1-win32-x64\server\plugins\org.eclipse.equinox.launcher_1.7.0.v20250519-0528.jar -configuration c:\Users\PADIL M ZAKI\AppData\Roaming\Code\User\globalStorage\redhat.java\1.43.1\config_win -data c:\Users\PADIL M ZAKI\AppData\Roaming\Code\User\workspaceStorage\a62fecfe5c378930e62d3ec62168faec\redhat.java\jdt_ws --pipe=\\.\pipe\lsp-b69b403f7e284a73d2bc2a5d76a4efe6-sock
java_class_path (initial): c:\Users\PADIL M ZAKI\.vscode\extensions\redhat.java-1.43.1-win32-x64\server\plugins\org.eclipse.equinox.launcher_1.7.0.v20250519-0528.jar
Launcher Type: SUN_STANDARD

[Global flags]
    uintx AdaptiveSizePolicyWeight                 = 90                                        {product} {command line}
     intx CICompilerCount                          = 4                                         {product} {ergonomic}
    uintx GCTimeRatio                              = 4                                         {product} {command line}
     bool HeapDumpOnOutOfMemoryError               = true                                   {manageable} {command line}
    ccstr HeapDumpPath                             = c:\Users\PADIL M ZAKI\AppData\Roaming\Code\User\workspaceStorage\a62fecfe5c378930e62d3ec62168faec\redhat.java         {manageable} {command line}
   size_t InitialHeapSize                          = 104857600                                 {product} {command line}
   size_t MaxHeapSize                              = 2147483648                                {product} {command line}
   size_t MaxNewSize                               = 715653120                                 {product} {ergonomic}
   size_t MinHeapDeltaBytes                        = 524288                                    {product} {ergonomic}
   size_t MinHeapSize                              = 104857600                                 {product} {command line}
   size_t NewSize                                  = 34603008                                  {product} {ergonomic}
    uintx NonNMethodCodeHeapSize                   = 5839372                                {pd product} {ergonomic}
    uintx NonProfiledCodeHeapSize                  = 122909434                              {pd product} {ergonomic}
   size_t OldSize                                  = 70254592                                  {product} {ergonomic}
    uintx ProfiledCodeHeapSize                     = 122909434                              {pd product} {ergonomic}
    uintx ReservedCodeCacheSize                    = 251658240                              {pd product} {ergonomic}
     bool SegmentedCodeCache                       = true                                      {product} {ergonomic}
   size_t SoftMaxHeapSize                          = 2147483648                             {manageable} {ergonomic}
     bool UseCompressedOops                        = true                           {product lp64_product} {ergonomic}
     bool UseLargePagesIndividualAllocation        = false                                  {pd product} {ergonomic}
     bool UseParallelGC                            = true                                      {product} {command line}

Logging:
Log output configuration:
 #0: stdout all=off uptime,level,tags foldmultilines=false
 #1: stderr all=off uptime,level,tags foldmultilines=false

Environment Variables:
JAVA_HOME=C:\Program Files\Eclipse Adoptium\jdk-17.0.14.7-hotspot\
PATH=C:\Program Files\Common Files\Oracle\Java\javapath;C:\Program Files\Eclipse Adoptium\jdk-17.0.14.7-hotspot\bin;C:\Python313\Scripts\;C:\Python313\;C:\WINDOWS\system32;C:\WINDOWS;C:\WINDOWS\System32\Wbem;C:\WINDOWS\System32\WindowsPowerShell\v1.0\;C:\WINDOWS\System32\OpenSSH\;C:\Program Files\Git\cmd;C:\Program Files\Docker\Docker\resources\bin;C:\MinGW\bin;C:\ProgramData\chocolatey\bin;C:\Program Files\MongoDB\Server\8.0\bin;C:\Program Files\Eclipse Adoptium\jdk-17.0.14.7-hotspot\\bin;C:\Program Files (x86)\Microsoft SQL Server\100\Tools\Binn\;C:\Program Files\Microsoft SQL Server\100\Tools\Binn\;C:\Program Files\Microsoft SQL Server\100\DTS\Binn\;D:\xampp\php;C:\ProgramData\ComposerSetup\bin;D:\;C:\Users\PADIL M ZAKI\AppData\Local\Microsoft\WindowsApps;C:\Program Files\MongoDB\Server\8.0\bin;C:\Users\PADIL M ZAKI\AppData\Local\Programs\Microsoft VS Code\bin;C:\Program Files (x86)\Nmap;C:\ProgramData\TinyTeX\bin\windows;C:\Users\PADIL M ZAKI\AppData\Roaming\Composer\vendor\bin;C:\Users\PADIL M ZAKI\AppData\Roaming\npm
USERNAME=PADIL M ZAKI
OS=Windows_NT
PROCESSOR_IDENTIFIER=AMD64 Family 25 Model 80 Stepping 0, AuthenticAMD
TMP=C:\Users\PADILM~1\AppData\Local\Temp
TEMP=C:\Users\PADILM~1\AppData\Local\Temp




Periodic native trim disabled

---------------  S Y S T E M  ---------------

OS:
 Windows 11 , 64 bit Build 26100 (10.0.26100.4484)
OS uptime: 0 days 15:37 hours
Hyper-V role detected

CPU: total 12 (initial active 12) (12 cores per cpu, 2 threads per core) family 25 model 80 stepping 0 microcode 0xa50000c, cx8, cmov, fxsr, ht, mmx, 3dnowpref, sse, sse2, sse3, ssse3, sse4a, sse4.1, sse4.2, popcnt, lzcnt, tsc, tscinvbit, avx, avx2, aes, erms, clmul, bmi1, bmi2, adx, sha, fma, vzeroupper, clflush, clflushopt, hv, rdtscp, rdpid, fsrm, f16c, cet_ss
Processor Information for the first 12 processors :
  Max Mhz: 2301, Current Mhz: 1904, Mhz Limit: 2301

Memory: 4k page, system-wide physical 5989M (541M free)
TotalPageFile size 24421M (AvailPageFile size 239M)
current process WorkingSet (physical memory assigned to process): 503M, peak: 637M
current process commit charge ("private bytes"): 918M, peak: 930M

vm_info: OpenJDK 64-Bit Server VM (21.0.7+6-LTS) for windows-amd64 JRE (21.0.7+6-LTS), built on 2025-04-15T00:00:00Z by "admin" with MS VC++ 17.7 (VS2022)

END.
